<?xml version="1.0" encoding="utf-8"?>
<CoverageSession xmlns:xsd="http://www.w3.org/2001/XMLSchema" xmlns:xsi="http://www.w3.org/2001/XMLSchema-instance">
  <Modules>
    <Module skippedDueTo="Filter" hash="BA-A1-93-08-00-95-58-17-22-BC-26-59-EA-5E-84-20-0E-44-41-ED">
      <FullName>C:\Windows\assembly\GAC_32\mscorlib\2.0.0.0__b77a5c561934e089\mscorlib.dll</FullName>
      <ModuleName>mscorlib</ModuleName>
      <Classes />
    </Module>
    <Module skippedDueTo="Filter" hash="F9-04-A8-31-CD-FB-23-72-95-63-5D-14-9A-A0-66-8E-7F-44-93-7A">
      <FullName>C:\Windows\assembly\GAC_32\mscorlib\2.0.0.0__b77a5c561934e089\sorttbls.nlp</FullName>
      <ModuleName>mscorlib</ModuleName>
      <Classes />
    </Module>
    <Module skippedDueTo="Filter" hash="DD-C7-B8-46-28-B0-4A-0B-84-CB-A2-DD-7F-EC-4A-98-75-61-4C-17">
      <FullName>C:\Program Files (x86)\NUnit 2.6.2\bin\nunit-console-x86.exe</FullName>
      <ModuleName>nunit-console-x86</ModuleName>
      <Classes />
    </Module>
    <Module skippedDueTo="Filter" hash="79-F8-9A-22-4E-29-52-37-00-CF-81-FF-1F-EA-05-EC-74-2A-2E-C8">
      <FullName>C:\Program Files (x86)\NUnit 2.6.2\bin\lib\nunit-console-runner.dll</FullName>
      <ModuleName>nunit-console-runner</ModuleName>
      <Classes />
    </Module>
    <Module skippedDueTo="Filter" hash="23-35-8C-86-05-D5-AE-FE-3C-1F-09-A0-86-02-40-7C-4F-CA-59-41">
      <FullName>C:\Program Files (x86)\NUnit 2.6.2\bin\lib\nunit.core.dll</FullName>
      <ModuleName>nunit.core</ModuleName>
      <Classes />
    </Module>
    <Module skippedDueTo="Filter" hash="57-DD-20-42-DA-33-B3-EE-DA-8C-8E-25-C9-E5-07-B5-08-62-0F-88">
      <FullName>C:\Program Files (x86)\NUnit 2.6.2\bin\lib\nunit.util.dll</FullName>
      <ModuleName>nunit.util</ModuleName>
      <Classes />
    </Module>
    <Module skippedDueTo="Filter" hash="AD-76-2F-3C-5E-F6-77-0D-C6-AD-AF-A3-90-85-28-07-2D-A0-59-50">
      <FullName>C:\Program Files (x86)\NUnit 2.6.2\bin\lib\nunit.core.interfaces.dll</FullName>
      <ModuleName>nunit.core.interfaces</ModuleName>
      <Classes />
    </Module>
    <Module skippedDueTo="Filter" hash="6E-30-2E-50-36-FB-60-2C-8E-50-C0-83-54-8B-CC-EA-A8-91-B6-CC">
      <FullName>C:\Windows\assembly\GAC_32\mscorlib\2.0.0.0__b77a5c561934e089\sortkey.nlp</FullName>
      <ModuleName>mscorlib</ModuleName>
      <Classes />
    </Module>
    <Module skippedDueTo="Filter" hash="9C-94-42-8B-62-A5-15-B5-51-84-5C-71-7F-D3-E7-5A-7E-85-31-87">
      <FullName>C:\Windows\assembly\GAC_MSIL\System.Configuration\2.0.0.0__b03f5f7f11d50a3a\System.Configuration.dll</FullName>
      <ModuleName>System.Configuration</ModuleName>
      <Classes />
    </Module>
    <Module skippedDueTo="Filter" hash="4E-C5-46-9D-A0-39-14-84-2C-BE-BD-42-C9-8A-5E-42-4F-85-5A-FE">
      <FullName>C:\Windows\assembly\GAC_MSIL\System\2.0.0.0__b77a5c561934e089\System.dll</FullName>
      <ModuleName>System</ModuleName>
      <Classes />
    </Module>
    <Module skippedDueTo="Filter" hash="F1-7D-6A-27-58-B4-36-F8-0B-89-50-5E-CA-EE-F6-22-99-A8-65-41">
      <FullName>C:\Windows\assembly\GAC_MSIL\System.Xml\2.0.0.0__b77a5c561934e089\System.Xml.dll</FullName>
      <ModuleName>System.Xml</ModuleName>
      <Classes />
    </Module>
    <Module skippedDueTo="Filter" hash="FD-F4-B7-70-2D-F1-F3-04-39-92-18-C8-86-1A-16-F8-F1-3D-F4-B5">
      <FullName>C:\Windows\assembly\GAC_MSIL\System.Runtime.Remoting\2.0.0.0__b77a5c561934e089\System.Runtime.Remoting.dll</FullName>
      <ModuleName>System.Runtime.Remoting</ModuleName>
      <Classes />
    </Module>
    <Module skippedDueTo="Filter" hash="EE-B3-B3-2D-A9-5E-60-BF-64-23-CD-F8-AC-EF-D3-61-9E-D5-15-B2">
      <FullName>C:\Windows\Microsoft.Net\assembly\GAC_32\mscorlib\v4.0_4.0.0.0__b77a5c561934e089\mscorlib.dll</FullName>
      <ModuleName>mscorlib</ModuleName>
      <Classes />
    </Module>
    <Module skippedDueTo="Filter" hash="6D-DC-5C-CD-CD-17-D8-34-8A-02-0A-F6-CB-BC-84-81-BD-88-CB-86">
      <FullName>C:\Program Files (x86)\NUnit 2.6.2\bin\nunit-agent-x86.exe</FullName>
      <ModuleName>nunit-agent-x86</ModuleName>
      <Classes />
    </Module>
    <Module skippedDueTo="Filter" hash="23-35-8C-86-05-D5-AE-FE-3C-1F-09-A0-86-02-40-7C-4F-CA-59-41">
      <FullName>C:\Program Files (x86)\NUnit 2.6.2\bin\lib\nunit.core.dll</FullName>
      <ModuleName>nunit.core</ModuleName>
      <Classes />
    </Module>
    <Module skippedDueTo="Filter" hash="57-DD-20-42-DA-33-B3-EE-DA-8C-8E-25-C9-E5-07-B5-08-62-0F-88">
      <FullName>C:\Program Files (x86)\NUnit 2.6.2\bin\lib\nunit.util.dll</FullName>
      <ModuleName>nunit.util</ModuleName>
      <Classes />
    </Module>
    <Module skippedDueTo="Filter" hash="AD-76-2F-3C-5E-F6-77-0D-C6-AD-AF-A3-90-85-28-07-2D-A0-59-50">
      <FullName>C:\Program Files (x86)\NUnit 2.6.2\bin\lib\nunit.core.interfaces.dll</FullName>
      <ModuleName>nunit.core.interfaces</ModuleName>
      <Classes />
    </Module>
    <Module skippedDueTo="Filter" hash="B1-A1-88-52-29-57-D2-47-E5-18-30-D6-0D-26-D1-3B-BA-2A-A1-02">
      <FullName>C:\Windows\Microsoft.Net\assembly\GAC_MSIL\System\v4.0_4.0.0.0__b77a5c561934e089\System.dll</FullName>
      <ModuleName>System</ModuleName>
      <Classes />
    </Module>
    <Module skippedDueTo="Filter" hash="84-64-E1-D2-0A-E2-91-23-AD-BD-B9-7A-3C-89-7B-66-65-58-46-1C">
      <FullName>C:\Windows\Microsoft.Net\assembly\GAC_MSIL\System.Runtime.Remoting\v4.0_4.0.0.0__b77a5c561934e089\System.Runtime.Remoting.dll</FullName>
      <ModuleName>System.Runtime.Remoting</ModuleName>
      <Classes />
    </Module>
    <Module skippedDueTo="Filter" hash="80-32-3B-47-08-F0-74-C4-64-F6-98-9B-54-B3-69-B5-B9-29-D3-E9">
      <FullName>C:\Windows\Microsoft.Net\assembly\GAC_MSIL\System.Configuration\v4.0_4.0.0.0__b03f5f7f11d50a3a\System.Configuration.dll</FullName>
      <ModuleName>System.Configuration</ModuleName>
      <Classes />
    </Module>
    <Module skippedDueTo="Filter" hash="4B-C6-12-DA-61-6B-39-09-CD-DF-A1-00-79-12-63-F9-8E-72-76-27">
      <FullName>C:\Windows\Microsoft.Net\assembly\GAC_MSIL\System.Xml\v4.0_4.0.0.0__b77a5c561934e089\System.Xml.dll</FullName>
      <ModuleName>System.Xml</ModuleName>
      <Classes />
    </Module>
    <Module skippedDueTo="Filter" hash="7A-D0-31-13-59-A0-E5-5D-1F-9F-09-25-09-64-2A-CA-EA-C9-5C-A0">
      <FullName>C:\Windows\Microsoft.Net\assembly\GAC_32\System.Web\v4.0_4.0.0.0__b03f5f7f11d50a3a\System.Web.dll</FullName>
      <ModuleName>System.Web</ModuleName>
      <Classes />
    </Module>
    <Module skippedDueTo="Filter" hash="82-5A-80-45-C6-AD-AB-A8-A5-DC-24-51-48-EB-B8-F4-92-9A-10-07">
      <FullName>C:\Windows\assembly\GAC_32\System.Web\2.0.0.0__b03f5f7f11d50a3a\System.Web.dll</FullName>
      <ModuleName>System.Web</ModuleName>
      <Classes />
    </Module>
    <Module skippedDueTo="Filter" hash="23-35-8C-86-05-D5-AE-FE-3C-1F-09-A0-86-02-40-7C-4F-CA-59-41">
      <FullName>C:\Program Files (x86)\NUnit 2.6.2\bin\lib\nunit.core.dll</FullName>
      <ModuleName>nunit.core</ModuleName>
      <Classes />
    </Module>
    <Module skippedDueTo="Filter" hash="B1-A1-88-52-29-57-D2-47-E5-18-30-D6-0D-26-D1-3B-BA-2A-A1-02">
      <FullName>C:\Windows\Microsoft.Net\assembly\GAC_MSIL\System\v4.0_4.0.0.0__b77a5c561934e089\System.dll</FullName>
      <ModuleName>System</ModuleName>
      <Classes />
    </Module>
    <Module skippedDueTo="Filter" hash="4B-C6-12-DA-61-6B-39-09-CD-DF-A1-00-79-12-63-F9-8E-72-76-27">
      <FullName>C:\Windows\Microsoft.Net\assembly\GAC_MSIL\System.Xml\v4.0_4.0.0.0__b77a5c561934e089\System.Xml.dll</FullName>
      <ModuleName>System.Xml</ModuleName>
      <Classes />
    </Module>
    <Module skippedDueTo="Filter" hash="AD-76-2F-3C-5E-F6-77-0D-C6-AD-AF-A3-90-85-28-07-2D-A0-59-50">
      <FullName>C:\Program Files (x86)\NUnit 2.6.2\bin\lib\nunit.core.interfaces.dll</FullName>
      <ModuleName>nunit.core.interfaces</ModuleName>
      <Classes />
    </Module>
    <Module hash="0D-1C-F8-08-23-AA-57-5A-71-69-ED-78-4D-FB-67-6E-F5-78-D8-BB">
      <FullName>C:\Users\Matt\Documents\GitHub\SpaceWar2\SpaceWar2Tests\bin\Debug\DEMW.SpaceWar2Tests.dll</FullName>
      <ModuleName>DEMW.SpaceWar2Tests</ModuleName>
      <Files>
        <File uid="1" fullPath="C:\Users\Matt\Documents\GitHub\SpaceWar2\SpaceWar2Tests\Utils\ExtensionsTests.cs" />
        <File uid="2" fullPath="C:\Users\Matt\Documents\GitHub\SpaceWar2\SpaceWar2Tests\Controls\ControllerFactoryTests.cs" />
        <File uid="3" fullPath="C:\Users\Matt\Documents\GitHub\SpaceWar2\SpaceWar2Tests\Physics\UniverseTests.cs" />
        <File uid="4" fullPath="C:\Users\Matt\Documents\GitHub\SpaceWar2\SpaceWar2Tests\GameObjects\ShipComponents\ThrusterTests.cs" />
        <File uid="5" fullPath="C:\Users\Matt\Documents\GitHub\SpaceWar2\SpaceWar2Tests\Controls\KeyboardHandlerTests.cs" />
        <File uid="6" fullPath="C:\Users\Matt\Documents\GitHub\SpaceWar2\SpaceWar2Tests\Controls\NullShipControllerTests.cs" />
        <File uid="7" fullPath="C:\Users\Matt\Documents\GitHub\SpaceWar2\SpaceWar2Tests\Physics\ForceTests.cs" />
        <File uid="8" fullPath="C:\Users\Matt\Documents\GitHub\SpaceWar2\SpaceWar2Tests\Controls\ShipActionTests.cs" />
        <File uid="9" fullPath="C:\Users\Matt\Documents\GitHub\SpaceWar2\SpaceWar2Tests\GameObjects\ShipComponents\ThrusterArrayTests.cs" />
        <File uid="10" fullPath="C:\Users\Matt\Documents\GitHub\SpaceWar2\SpaceWar2Tests\GameObjects\SunTests.cs" />
        <File uid="11" fullPath="C:\Users\Matt\Documents\GitHub\SpaceWar2\SpaceWar2Tests\GameObjects\ShipComponents\ShieldTests.cs" />
        <File uid="13" fullPath="C:\Users\Matt\Documents\GitHub\SpaceWar2\SpaceWar2Tests\GameObjects\ShipComponents\EnergyStoreTests.cs" />
        <File uid="14" fullPath="C:\Users\Matt\Documents\GitHub\SpaceWar2\SpaceWar2Tests\GameObjects\ShipComponents\HullTests.cs" />
        <File uid="15" fullPath="C:\Users\Matt\Documents\GitHub\SpaceWar2\SpaceWar2Tests\Controls\KeyboardControllerTests.cs" />
        <File uid="16" fullPath="C:\Users\Matt\Documents\GitHub\SpaceWar2\SpaceWar2Tests\Physics\GravitySimulatorTests.cs" />
        <File uid="17" fullPath="C:\Users\Matt\Documents\GitHub\SpaceWar2\SpaceWar2Tests\GameObjectFactoryTests.cs" />
        <File uid="18" fullPath="C:\Users\Matt\Documents\GitHub\SpaceWar2\SpaceWar2Tests\Controls\KeyboardWrapperTests.cs" />
      </Files>
      <Classes>
        <Class>
          <FullName>&lt;Module&gt;</FullName>
          <Methods />
        </Class>
        <Class>
          <FullName>DEMW.SpaceWar2Tests.Utils.TestBaseClass</FullName>
          <Methods>
            <Method visited="true" cyclomaticComplexity="1" sequenceCoverage="0" branchCoverage="0" isConstructor="true" isStatic="false" isGetter="false" isSetter="false">
              <MetadataToken>100663297</MetadataToken>
              <Name>System.Void DEMW.SpaceWar2Tests.Utils.TestBaseClass::.ctor()</Name>
              <SequencePoints />
              <BranchPoints />
              <MethodPoint vc="7" uspid="1" ordinal="0" offset="0" />
            </Method>
          </Methods>
        </Class>
        <Class>
          <FullName>DEMW.SpaceWar2Tests.Utils.TestSubClass</FullName>
          <Methods>
            <Method visited="true" cyclomaticComplexity="1" sequenceCoverage="0" branchCoverage="0" isConstructor="true" isStatic="false" isGetter="false" isSetter="false">
              <MetadataToken>100663298</MetadataToken>
              <Name>System.Void DEMW.SpaceWar2Tests.Utils.TestSubClass::.ctor()</Name>
              <SequencePoints />
              <BranchPoints />
              <MethodPoint vc="2" uspid="2" ordinal="0" offset="0" />
            </Method>
          </Methods>
        </Class>
        <Class>
          <FullName>DEMW.SpaceWar2Tests.Utils.OtherSubClass</FullName>
          <Methods>
            <Method visited="true" cyclomaticComplexity="1" sequenceCoverage="0" branchCoverage="0" isConstructor="true" isStatic="false" isGetter="false" isSetter="false">
              <MetadataToken>100663299</MetadataToken>
              <Name>System.Void DEMW.SpaceWar2Tests.Utils.OtherSubClass::.ctor()</Name>
              <SequencePoints />
              <BranchPoints />
              <MethodPoint vc="1" uspid="3" ordinal="0" offset="0" />
            </Method>
          </Methods>
        </Class>
        <Class>
          <FullName>DEMW.SpaceWar2Tests.Utils.ExtensionsTests</FullName>
          <Methods>
            <Method visited="true" cyclomaticComplexity="1" sequenceCoverage="100" branchCoverage="100" isConstructor="false" isStatic="false" isGetter="false" isSetter="false">
              <MetadataToken>100663300</MetadataToken>
              <Name>System.Void DEMW.SpaceWar2Tests.Utils.ExtensionsTests::SetUp()</Name>
              <FileRef uid="1" />
              <SequencePoints>
                <SequencePoint vc="2" uspid="4" ordinal="0" offset="0" sl="21" sc="9" el="21" ec="10" />
                <SequencePoint vc="2" uspid="5" ordinal="1" offset="1" sl="22" sc="13" el="22" ec="47" />
                <SequencePoint vc="2" uspid="6" ordinal="2" offset="12" sl="23" sc="13" el="23" ec="62" />
                <SequencePoint vc="2" uspid="7" ordinal="3" offset="29" sl="24" sc="9" el="24" ec="10" />
              </SequencePoints>
              <BranchPoints />
              <MethodPoint xsi:type="SequencePoint" vc="2" uspid="4" ordinal="0" offset="0" sl="21" sc="9" el="21" ec="10" />
            </Method>
            <Method visited="true" cyclomaticComplexity="1" sequenceCoverage="100" branchCoverage="100" isConstructor="false" isStatic="false" isGetter="false" isSetter="false">
              <MetadataToken>100663301</MetadataToken>
              <Name>System.Void DEMW.SpaceWar2Tests.Utils.ExtensionsTests::ForEach_runs_without_exception_on_empty_list()</Name>
              <FileRef uid="1" />
              <SequencePoints>
                <SequencePoint vc="1" uspid="8" ordinal="0" offset="0" sl="28" sc="9" el="28" ec="10" />
                <SequencePoint vc="1" uspid="9" ordinal="1" offset="1" sl="29" sc="13" el="29" ec="65" />
                <SequencePoint vc="1" uspid="10" ordinal="2" offset="19" sl="30" sc="13" el="30" ec="69" />
                <SequencePoint vc="1" uspid="11" ordinal="3" offset="41" sl="31" sc="9" el="31" ec="10" />
              </SequencePoints>
              <BranchPoints />
              <MethodPoint xsi:type="SequencePoint" vc="1" uspid="8" ordinal="0" offset="0" sl="28" sc="9" el="28" ec="10" />
            </Method>
            <Method visited="true" cyclomaticComplexity="1" sequenceCoverage="100" branchCoverage="100" isConstructor="false" isStatic="false" isGetter="false" isSetter="false">
              <MetadataToken>100663302</MetadataToken>
              <Name>System.Void DEMW.SpaceWar2Tests.Utils.ExtensionsTests::ForEach_applies_only_to_specified_subtype()</Name>
              <FileRef uid="1" />
              <SequencePoints>
                <SequencePoint vc="1" uspid="12" ordinal="0" offset="6" sl="35" sc="9" el="35" ec="10" />
                <SequencePoint vc="1" uspid="13" ordinal="1" offset="7" sl="36" sc="13" el="36" ec="41" />
                <SequencePoint vc="1" uspid="14" ordinal="2" offset="18" sl="37" sc="13" el="37" ec="41" />
                <SequencePoint vc="1" uspid="15" ordinal="3" offset="29" sl="38" sc="13" el="38" ec="44" />
                <SequencePoint vc="1" uspid="16" ordinal="4" offset="46" sl="39" sc="13" el="39" ec="44" />
                <SequencePoint vc="1" uspid="17" ordinal="5" offset="63" sl="40" sc="13" el="40" ec="27" />
                <SequencePoint vc="1" uspid="18" ordinal="6" offset="81" sl="41" sc="13" el="41" ec="44" />
                <SequencePoint vc="1" uspid="19" ordinal="7" offset="98" sl="42" sc="13" el="42" ec="44" />
                <SequencePoint vc="1" uspid="20" ordinal="8" offset="115" sl="43" sc="13" el="43" ec="44" />
                <SequencePoint vc="1" uspid="21" ordinal="9" offset="132" sl="44" sc="13" el="44" ec="27" />
                <SequencePoint vc="1" uspid="22" ordinal="10" offset="150" sl="46" sc="13" el="46" ec="65" />
                <SequencePoint vc="1" uspid="23" ordinal="11" offset="168" sl="48" sc="13" el="48" ec="44" />
                <SequencePoint vc="1" uspid="24" ordinal="12" offset="192" sl="49" sc="13" el="49" ec="44" />
                <SequencePoint vc="1" uspid="25" ordinal="13" offset="216" sl="50" sc="13" el="50" ec="103" />
                <SequencePoint vc="1" uspid="26" ordinal="14" offset="397" sl="51" sc="9" el="51" ec="10" />
              </SequencePoints>
              <BranchPoints />
              <MethodPoint vc="1" uspid="27" ordinal="0" offset="0" />
            </Method>
            <Method visited="true" cyclomaticComplexity="1" sequenceCoverage="0" branchCoverage="0" isConstructor="true" isStatic="false" isGetter="false" isSetter="false">
              <MetadataToken>100663303</MetadataToken>
              <Name>System.Void DEMW.SpaceWar2Tests.Utils.ExtensionsTests::.ctor()</Name>
              <SequencePoints />
              <BranchPoints />
              <MethodPoint vc="1" uspid="28" ordinal="0" offset="0" />
            </Method>
          </Methods>
        </Class>
        <Class>
          <FullName>DEMW.SpaceWar2Tests.Utils.ExtensionsTests/&lt;&gt;c__DisplayClass0</FullName>
          <Methods>
            <Method visited="true" cyclomaticComplexity="1" sequenceCoverage="0" branchCoverage="0" isConstructor="true" isStatic="false" isGetter="false" isSetter="false">
              <MetadataToken>100663430</MetadataToken>
              <Name>System.Void DEMW.SpaceWar2Tests.Utils.ExtensionsTests/&lt;&gt;c__DisplayClass0::.ctor()</Name>
              <SequencePoints />
              <BranchPoints />
              <MethodPoint vc="1" uspid="29" ordinal="0" offset="0" />
            </Method>
          </Methods>
        </Class>
        <Class>
          <FullName>DEMW.SpaceWar2Tests.Controls.ControllerFactoryTests</FullName>
          <Methods>
            <Method visited="true" cyclomaticComplexity="1" sequenceCoverage="100" branchCoverage="100" isConstructor="false" isStatic="false" isGetter="false" isSetter="false">
              <MetadataToken>100663304</MetadataToken>
              <Name>System.Void DEMW.SpaceWar2Tests.Controls.ControllerFactoryTests::SetUp()</Name>
              <FileRef uid="2" />
              <SequencePoints>
                <SequencePoint vc="10" uspid="30" ordinal="0" offset="0" sl="18" sc="9" el="18" ec="10" />
                <SequencePoint vc="10" uspid="31" ordinal="1" offset="1" sl="19" sc="13" el="19" ec="67" />
                <SequencePoint vc="10" uspid="32" ordinal="2" offset="18" sl="20" sc="13" el="20" ec="74" />
                <SequencePoint vc="10" uspid="33" ordinal="3" offset="35" sl="21" sc="13" el="21" ec="59" />
                <SequencePoint vc="10" uspid="34" ordinal="4" offset="52" sl="22" sc="13" el="22" ec="59" />
                <SequencePoint vc="10" uspid="35" ordinal="5" offset="69" sl="23" sc="9" el="23" ec="10" />
              </SequencePoints>
              <BranchPoints />
              <MethodPoint xsi:type="SequencePoint" vc="10" uspid="30" ordinal="0" offset="0" sl="18" sc="9" el="18" ec="10" />
            </Method>
            <Method visited="true" cyclomaticComplexity="1" sequenceCoverage="100" branchCoverage="100" isConstructor="false" isStatic="false" isGetter="false" isSetter="false">
              <MetadataToken>100663305</MetadataToken>
              <Name>System.Void DEMW.SpaceWar2Tests.Controls.ControllerFactoryTests::Both_default_controller_properties_return_an_appropriate_controller(Microsoft.Xna.Framework.Input.Keys,DEMW.SpaceWar2.Controls.ShipAction,DEMW.SpaceWar2.Controls.ShipAction)</Name>
              <FileRef uid="2" />
              <SequencePoints>
                <SequencePoint vc="10" uspid="36" ordinal="0" offset="0" sl="36" sc="9" el="36" ec="10" />
                <SequencePoint vc="10" uspid="37" ordinal="1" offset="1" sl="37" sc="13" el="37" ec="67" />
                <SequencePoint vc="10" uspid="38" ordinal="2" offset="31" sl="39" sc="13" el="39" ec="62" />
                <SequencePoint vc="10" uspid="39" ordinal="3" offset="43" sl="40" sc="13" el="40" ec="75" />
                <SequencePoint vc="10" uspid="40" ordinal="4" offset="61" sl="42" sc="13" el="42" ec="62" />
                <SequencePoint vc="10" uspid="41" ordinal="5" offset="73" sl="43" sc="13" el="43" ec="75" />
                <SequencePoint vc="10" uspid="42" ordinal="6" offset="91" sl="44" sc="9" el="44" ec="10" />
              </SequencePoints>
              <BranchPoints />
              <MethodPoint xsi:type="SequencePoint" vc="10" uspid="36" ordinal="0" offset="0" sl="36" sc="9" el="36" ec="10" />
            </Method>
            <Method visited="true" cyclomaticComplexity="1" sequenceCoverage="0" branchCoverage="0" isConstructor="true" isStatic="false" isGetter="false" isSetter="false">
              <MetadataToken>100663306</MetadataToken>
              <Name>System.Void DEMW.SpaceWar2Tests.Controls.ControllerFactoryTests::.ctor()</Name>
              <SequencePoints />
              <BranchPoints />
              <MethodPoint vc="1" uspid="43" ordinal="0" offset="0" />
            </Method>
          </Methods>
        </Class>
        <Class>
          <FullName>DEMW.SpaceWar2Tests.Physics.UniverseTests</FullName>
          <Methods>
            <Method visited="true" cyclomaticComplexity="1" sequenceCoverage="100" branchCoverage="100" isConstructor="false" isStatic="false" isGetter="false" isSetter="false">
              <MetadataToken>100663307</MetadataToken>
              <Name>System.Void DEMW.SpaceWar2Tests.Physics.UniverseTests::Universe_creates_universe_and_initialises_the_dimension_properties()</Name>
              <FileRef uid="3" />
              <SequencePoints>
                <SequencePoint vc="1" uspid="44" ordinal="0" offset="0" sl="14" sc="9" el="14" ec="10" />
                <SequencePoint vc="1" uspid="45" ordinal="1" offset="1" sl="15" sc="13" el="15" ec="80" />
                <SequencePoint vc="1" uspid="46" ordinal="2" offset="37" sl="17" sc="13" el="17" ec="50" />
                <SequencePoint vc="1" uspid="47" ordinal="3" offset="64" sl="18" sc="13" el="18" ec="49" />
                <SequencePoint vc="1" uspid="48" ordinal="4" offset="91" sl="19" sc="13" el="19" ec="50" />
                <SequencePoint vc="1" uspid="49" ordinal="5" offset="118" sl="20" sc="13" el="20" ec="49" />
                <SequencePoint vc="1" uspid="50" ordinal="6" offset="145" sl="21" sc="13" el="21" ec="50" />
                <SequencePoint vc="1" uspid="51" ordinal="7" offset="169" sl="22" sc="13" el="22" ec="49" />
                <SequencePoint vc="1" uspid="52" ordinal="8" offset="193" sl="24" sc="13" el="24" ec="52" />
                <SequencePoint vc="1" uspid="53" ordinal="9" offset="220" sl="25" sc="13" el="25" ec="52" />
                <SequencePoint vc="1" uspid="54" ordinal="10" offset="247" sl="26" sc="9" el="26" ec="10" />
              </SequencePoints>
              <BranchPoints />
              <MethodPoint xsi:type="SequencePoint" vc="1" uspid="44" ordinal="0" offset="0" sl="14" sc="9" el="14" ec="10" />
            </Method>
            <Method visited="true" cyclomaticComplexity="1" sequenceCoverage="100" branchCoverage="100" isConstructor="false" isStatic="false" isGetter="false" isSetter="false">
              <MetadataToken>100663308</MetadataToken>
              <Name>System.Void DEMW.SpaceWar2Tests.Physics.UniverseTests::CopyDimensions_creates_new_Universe_with_the_same_dimensions()</Name>
              <FileRef uid="3" />
              <SequencePoints>
                <SequencePoint vc="1" uspid="55" ordinal="0" offset="0" sl="30" sc="9" el="30" ec="10" />
                <SequencePoint vc="1" uspid="56" ordinal="1" offset="1" sl="31" sc="13" el="31" ec="80" />
                <SequencePoint vc="1" uspid="57" ordinal="2" offset="37" sl="32" sc="13" el="32" ec="50" />
                <SequencePoint vc="1" uspid="58" ordinal="3" offset="44" sl="34" sc="13" el="34" ec="47" />
                <SequencePoint vc="1" uspid="59" ordinal="4" offset="52" sl="35" sc="13" el="35" ec="55" />
                <SequencePoint vc="1" uspid="60" ordinal="5" offset="80" sl="36" sc="13" el="36" ec="55" />
                <SequencePoint vc="1" uspid="61" ordinal="6" offset="108" sl="37" sc="13" el="37" ec="55" />
                <SequencePoint vc="1" uspid="62" ordinal="7" offset="136" sl="38" sc="13" el="38" ec="55" />
                <SequencePoint vc="1" uspid="63" ordinal="8" offset="164" sl="39" sc="13" el="39" ec="55" />
                <SequencePoint vc="1" uspid="64" ordinal="9" offset="192" sl="40" sc="13" el="40" ec="55" />
                <SequencePoint vc="1" uspid="65" ordinal="10" offset="220" sl="41" sc="9" el="41" ec="10" />
              </SequencePoints>
              <BranchPoints />
              <MethodPoint xsi:type="SequencePoint" vc="1" uspid="55" ordinal="0" offset="0" sl="30" sc="9" el="30" ec="10" />
            </Method>
            <Method visited="true" cyclomaticComplexity="1" sequenceCoverage="100" branchCoverage="100" isConstructor="false" isStatic="false" isGetter="false" isSetter="false">
              <MetadataToken>100663309</MetadataToken>
              <Name>System.Void DEMW.SpaceWar2Tests.Physics.UniverseTests::GetDefault_creates_a_new_Universe_with_default_dimensions()</Name>
              <FileRef uid="3" />
              <SequencePoints>
                <SequencePoint vc="1" uspid="66" ordinal="0" offset="0" sl="45" sc="9" el="45" ec="10" />
                <SequencePoint vc="1" uspid="67" ordinal="1" offset="1" sl="46" sc="13" el="46" ec="57" />
                <SequencePoint vc="1" uspid="68" ordinal="2" offset="7" sl="48" sc="13" el="48" ec="58" />
                <SequencePoint vc="1" uspid="69" ordinal="3" offset="34" sl="49" sc="13" el="49" ec="57" />
                <SequencePoint vc="1" uspid="70" ordinal="4" offset="61" sl="50" sc="13" el="50" ec="58" />
                <SequencePoint vc="1" uspid="71" ordinal="5" offset="88" sl="51" sc="13" el="51" ec="57" />
                <SequencePoint vc="1" uspid="72" ordinal="6" offset="115" sl="52" sc="13" el="52" ec="59" />
                <SequencePoint vc="1" uspid="73" ordinal="7" offset="142" sl="53" sc="13" el="53" ec="58" />
                <SequencePoint vc="1" uspid="74" ordinal="8" offset="169" sl="54" sc="9" el="54" ec="10" />
              </SequencePoints>
              <BranchPoints />
              <MethodPoint xsi:type="SequencePoint" vc="1" uspid="66" ordinal="0" offset="0" sl="45" sc="9" el="45" ec="10" />
            </Method>
            <Method visited="true" cyclomaticComplexity="1" sequenceCoverage="100" branchCoverage="100" isConstructor="false" isStatic="false" isGetter="false" isSetter="false">
              <MetadataToken>100663310</MetadataToken>
              <Name>System.Void DEMW.SpaceWar2Tests.Physics.UniverseTests::Expand_increases_size_of_Universe_vertically_by_amount_and_maintains_horizontal_proportion(System.Single)</Name>
              <FileRef uid="3" />
              <SequencePoints>
                <SequencePoint vc="3" uspid="75" ordinal="0" offset="0" sl="60" sc="9" el="60" ec="10" />
                <SequencePoint vc="3" uspid="76" ordinal="1" offset="1" sl="61" sc="13" el="61" ec="57" />
                <SequencePoint vc="3" uspid="77" ordinal="2" offset="7" sl="62" sc="13" el="62" ec="77" />
                <SequencePoint vc="3" uspid="78" ordinal="3" offset="21" sl="64" sc="13" el="64" ec="52" />
                <SequencePoint vc="3" uspid="79" ordinal="4" offset="29" sl="66" sc="13" el="66" ec="90" />
                <SequencePoint vc="3" uspid="80" ordinal="5" offset="60" sl="67" sc="13" el="67" ec="89" />
                <SequencePoint vc="3" uspid="81" ordinal="6" offset="91" sl="68" sc="13" el="68" ec="75" />
                <SequencePoint vc="3" uspid="82" ordinal="7" offset="120" sl="69" sc="13" el="69" ec="74" />
                <SequencePoint vc="3" uspid="83" ordinal="8" offset="149" sl="70" sc="13" el="70" ec="59" />
                <SequencePoint vc="3" uspid="84" ordinal="9" offset="176" sl="71" sc="13" el="71" ec="58" />
                <SequencePoint vc="3" uspid="85" ordinal="10" offset="203" sl="72" sc="9" el="72" ec="10" />
              </SequencePoints>
              <BranchPoints />
              <MethodPoint xsi:type="SequencePoint" vc="3" uspid="75" ordinal="0" offset="0" sl="60" sc="9" el="60" ec="10" />
            </Method>
            <Method visited="true" cyclomaticComplexity="1" sequenceCoverage="100" branchCoverage="100" isConstructor="false" isStatic="false" isGetter="false" isSetter="false">
              <MetadataToken>100663311</MetadataToken>
              <Name>System.Void DEMW.SpaceWar2Tests.Physics.UniverseTests::Contract_decreases_size_of_Universe_vertically_by_amount_and_maintains_horizontal_proportion(System.Single)</Name>
              <FileRef uid="3" />
              <SequencePoints>
                <SequencePoint vc="3" uspid="86" ordinal="0" offset="0" sl="78" sc="9" el="78" ec="10" />
                <SequencePoint vc="3" uspid="87" ordinal="1" offset="1" sl="79" sc="13" el="79" ec="57" />
                <SequencePoint vc="3" uspid="88" ordinal="2" offset="7" sl="80" sc="13" el="80" ec="100" />
                <SequencePoint vc="3" uspid="89" ordinal="3" offset="23" sl="82" sc="13" el="82" ec="54" />
                <SequencePoint vc="3" uspid="90" ordinal="4" offset="31" sl="84" sc="13" el="84" ec="77" />
                <SequencePoint vc="3" uspid="91" ordinal="5" offset="60" sl="85" sc="13" el="85" ec="76" />
                <SequencePoint vc="3" uspid="92" ordinal="6" offset="89" sl="86" sc="13" el="86" ec="75" />
                <SequencePoint vc="3" uspid="93" ordinal="7" offset="118" sl="87" sc="13" el="87" ec="74" />
                <SequencePoint vc="3" uspid="94" ordinal="8" offset="147" sl="88" sc="13" el="88" ec="59" />
                <SequencePoint vc="3" uspid="95" ordinal="9" offset="174" sl="89" sc="13" el="89" ec="58" />
                <SequencePoint vc="3" uspid="96" ordinal="10" offset="201" sl="90" sc="9" el="90" ec="10" />
              </SequencePoints>
              <BranchPoints />
              <MethodPoint xsi:type="SequencePoint" vc="3" uspid="86" ordinal="0" offset="0" sl="78" sc="9" el="78" ec="10" />
            </Method>
            <Method visited="true" cyclomaticComplexity="1" sequenceCoverage="100" branchCoverage="100" isConstructor="false" isStatic="false" isGetter="false" isSetter="false">
              <MetadataToken>100663312</MetadataToken>
              <Name>System.Void DEMW.SpaceWar2Tests.Physics.UniverseTests::Update_constrains_registered_objects_to_the_dimensions_of_the_universe()</Name>
              <FileRef uid="3" />
              <SequencePoints>
                <SequencePoint vc="1" uspid="97" ordinal="0" offset="0" sl="94" sc="9" el="94" ec="10" />
                <SequencePoint vc="1" uspid="98" ordinal="1" offset="1" sl="95" sc="13" el="95" ec="80" />
                <SequencePoint vc="1" uspid="99" ordinal="2" offset="37" sl="96" sc="13" el="96" ec="61" />
                <SequencePoint vc="1" uspid="100" ordinal="3" offset="49" sl="97" sc="13" el="97" ec="61" />
                <SequencePoint vc="1" uspid="101" ordinal="4" offset="61" sl="98" sc="13" el="98" ec="61" />
                <SequencePoint vc="1" uspid="102" ordinal="5" offset="73" sl="99" sc="13" el="99" ec="61" />
                <SequencePoint vc="1" uspid="103" ordinal="6" offset="86" sl="100" sc="13" el="100" ec="80" />
                <SequencePoint vc="1" uspid="104" ordinal="7" offset="126" sl="101" sc="13" el="101" ec="97" />
                <SequencePoint vc="1" uspid="105" ordinal="8" offset="173" sl="102" sc="13" el="102" ec="97" />
                <SequencePoint vc="1" uspid="106" ordinal="9" offset="220" sl="103" sc="13" el="103" ec="130" />
                <SequencePoint vc="1" uspid="107" ordinal="10" offset="282" sl="105" sc="13" el="105" ec="44" />
                <SequencePoint vc="1" uspid="108" ordinal="11" offset="290" sl="106" sc="13" el="106" ec="44" />
                <SequencePoint vc="1" uspid="109" ordinal="12" offset="298" sl="107" sc="13" el="107" ec="44" />
                <SequencePoint vc="1" uspid="110" ordinal="13" offset="306" sl="108" sc="13" el="108" ec="44" />
                <SequencePoint vc="1" uspid="111" ordinal="14" offset="315" sl="110" sc="13" el="110" ec="31" />
                <SequencePoint vc="1" uspid="112" ordinal="15" offset="322" sl="112" sc="13" el="112" ec="74" />
                <SequencePoint vc="1" uspid="113" ordinal="16" offset="347" sl="113" sc="13" el="113" ec="72" />
                <SequencePoint vc="1" uspid="114" ordinal="17" offset="366" sl="115" sc="13" el="115" ec="91" />
                <SequencePoint vc="1" uspid="115" ordinal="18" offset="398" sl="116" sc="13" el="116" ec="72" />
                <SequencePoint vc="1" uspid="116" ordinal="19" offset="417" sl="118" sc="13" el="118" ec="91" />
                <SequencePoint vc="1" uspid="117" ordinal="20" offset="449" sl="119" sc="13" el="119" ec="72" />
                <SequencePoint vc="1" uspid="118" ordinal="21" offset="468" sl="121" sc="13" el="121" ec="107" />
                <SequencePoint vc="1" uspid="119" ordinal="22" offset="507" sl="122" sc="13" el="122" ec="72" />
                <SequencePoint vc="1" uspid="120" ordinal="23" offset="527" sl="124" sc="9" el="124" ec="10" />
              </SequencePoints>
              <BranchPoints />
              <MethodPoint xsi:type="SequencePoint" vc="1" uspid="97" ordinal="0" offset="0" sl="94" sc="9" el="94" ec="10" />
            </Method>
            <Method visited="true" cyclomaticComplexity="1" sequenceCoverage="100" branchCoverage="100" isConstructor="false" isStatic="false" isGetter="false" isSetter="false">
              <MetadataToken>100663313</MetadataToken>
              <Name>System.Void DEMW.SpaceWar2Tests.Physics.UniverseTests::UnRegister_removes_registered_object()</Name>
              <FileRef uid="3" />
              <SequencePoints>
                <SequencePoint vc="1" uspid="121" ordinal="0" offset="0" sl="128" sc="9" el="128" ec="10" />
                <SequencePoint vc="1" uspid="122" ordinal="1" offset="1" sl="129" sc="13" el="129" ec="80" />
                <SequencePoint vc="1" uspid="123" ordinal="2" offset="37" sl="130" sc="13" el="130" ec="61" />
                <SequencePoint vc="1" uspid="124" ordinal="3" offset="49" sl="131" sc="13" el="131" ec="80" />
                <SequencePoint vc="1" uspid="125" ordinal="4" offset="89" sl="133" sc="13" el="133" ec="44" />
                <SequencePoint vc="1" uspid="126" ordinal="5" offset="97" sl="134" sc="13" el="134" ec="46" />
                <SequencePoint vc="1" uspid="127" ordinal="6" offset="105" sl="136" sc="13" el="136" ec="31" />
                <SequencePoint vc="1" uspid="128" ordinal="7" offset="112" sl="138" sc="13" el="138" ec="70" />
                <SequencePoint vc="1" uspid="129" ordinal="8" offset="129" sl="139" sc="9" el="139" ec="10" />
              </SequencePoints>
              <BranchPoints />
              <MethodPoint xsi:type="SequencePoint" vc="1" uspid="121" ordinal="0" offset="0" sl="128" sc="9" el="128" ec="10" />
            </Method>
            <Method visited="true" cyclomaticComplexity="1" sequenceCoverage="0" branchCoverage="0" isConstructor="true" isStatic="false" isGetter="false" isSetter="false">
              <MetadataToken>100663314</MetadataToken>
              <Name>System.Void DEMW.SpaceWar2Tests.Physics.UniverseTests::.ctor()</Name>
              <SequencePoints />
              <BranchPoints />
              <MethodPoint vc="1" uspid="130" ordinal="0" offset="0" />
            </Method>
          </Methods>
        </Class>
        <Class>
          <FullName>DEMW.SpaceWar2Tests.GameObjects.ShipComponents.ThrusterTests</FullName>
          <Methods>
            <Method visited="true" cyclomaticComplexity="1" sequenceCoverage="100" branchCoverage="100" isConstructor="false" isStatic="false" isGetter="false" isSetter="false">
              <MetadataToken>100663315</MetadataToken>
              <Name>System.Void DEMW.SpaceWar2Tests.GameObjects.ShipComponents.ThrusterTests::Setup()</Name>
              <FileRef uid="4" />
              <SequencePoints>
                <SequencePoint vc="12" uspid="131" ordinal="0" offset="0" sl="17" sc="9" el="17" ec="10" />
                <SequencePoint vc="12" uspid="132" ordinal="1" offset="1" sl="18" sc="13" el="18" ec="43" />
                <SequencePoint vc="12" uspid="133" ordinal="2" offset="22" sl="19" sc="13" el="19" ec="45" />
                <SequencePoint vc="12" uspid="134" ordinal="3" offset="43" sl="21" sc="13" el="21" ec="67" />
                <SequencePoint vc="12" uspid="135" ordinal="4" offset="71" sl="22" sc="9" el="22" ec="10" />
              </SequencePoints>
              <BranchPoints />
              <MethodPoint xsi:type="SequencePoint" vc="12" uspid="131" ordinal="0" offset="0" sl="17" sc="9" el="17" ec="10" />
            </Method>
            <Method visited="true" cyclomaticComplexity="1" sequenceCoverage="100" branchCoverage="100" isConstructor="false" isStatic="false" isGetter="false" isSetter="false">
              <MetadataToken>100663316</MetadataToken>
              <Name>System.Void DEMW.SpaceWar2Tests.GameObjects.ShipComponents.ThrusterTests::Thruster_maxEnergyDraw_cannot_be_zero()</Name>
              <FileRef uid="4" />
              <SequencePoints>
                <SequencePoint vc="1" uspid="136" ordinal="0" offset="0" sl="26" sc="9" el="26" ec="10" />
                <SequencePoint vc="1" uspid="137" ordinal="1" offset="1" sl="27" sc="13" el="27" ec="121" />
                <SequencePoint vc="1" uspid="138" ordinal="2" offset="19" sl="28" sc="13" el="28" ec="115" />
                <SequencePoint vc="1" uspid="139" ordinal="3" offset="36" sl="29" sc="9" el="29" ec="10" />
              </SequencePoints>
              <BranchPoints />
              <MethodPoint xsi:type="SequencePoint" vc="1" uspid="136" ordinal="0" offset="0" sl="26" sc="9" el="26" ec="10" />
            </Method>
            <Method visited="true" cyclomaticComplexity="1" sequenceCoverage="100" branchCoverage="100" isConstructor="false" isStatic="false" isGetter="false" isSetter="false">
              <MetadataToken>100663317</MetadataToken>
              <Name>System.Void DEMW.SpaceWar2Tests.GameObjects.ShipComponents.ThrusterTests::Thruster_maxEnergyDraw_cannot_be_negative()</Name>
              <FileRef uid="4" />
              <SequencePoints>
                <SequencePoint vc="1" uspid="140" ordinal="0" offset="0" sl="33" sc="9" el="33" ec="10" />
                <SequencePoint vc="1" uspid="141" ordinal="1" offset="1" sl="34" sc="13" el="34" ec="124" />
                <SequencePoint vc="1" uspid="142" ordinal="2" offset="19" sl="35" sc="13" el="35" ec="115" />
                <SequencePoint vc="1" uspid="143" ordinal="3" offset="36" sl="36" sc="9" el="36" ec="10" />
              </SequencePoints>
              <BranchPoints />
              <MethodPoint xsi:type="SequencePoint" vc="1" uspid="140" ordinal="0" offset="0" sl="33" sc="9" el="33" ec="10" />
            </Method>
            <Method visited="true" cyclomaticComplexity="1" sequenceCoverage="100" branchCoverage="100" isConstructor="false" isStatic="false" isGetter="false" isSetter="false">
              <MetadataToken>100663318</MetadataToken>
              <Name>System.Void DEMW.SpaceWar2Tests.GameObjects.ShipComponents.ThrusterTests::Throttle_can_be_set_to_a_value_between_zero_and_one()</Name>
              <FileRef uid="4" />
              <SequencePoints>
                <SequencePoint vc="1" uspid="144" ordinal="0" offset="0" sl="40" sc="9" el="40" ec="10" />
                <SequencePoint vc="1" uspid="145" ordinal="1" offset="1" sl="41" sc="13" el="41" ec="39" />
                <SequencePoint vc="1" uspid="146" ordinal="2" offset="18" sl="42" sc="13" el="42" ec="55" />
                <SequencePoint vc="1" uspid="147" ordinal="3" offset="50" sl="43" sc="9" el="43" ec="10" />
              </SequencePoints>
              <BranchPoints />
              <MethodPoint xsi:type="SequencePoint" vc="1" uspid="144" ordinal="0" offset="0" sl="40" sc="9" el="40" ec="10" />
            </Method>
            <Method visited="true" cyclomaticComplexity="1" sequenceCoverage="100" branchCoverage="100" isConstructor="false" isStatic="false" isGetter="false" isSetter="false">
              <MetadataToken>100663319</MetadataToken>
              <Name>System.Void DEMW.SpaceWar2Tests.GameObjects.ShipComponents.ThrusterTests::Throttle_is_zero_if_it_is_set_below_zero()</Name>
              <FileRef uid="4" />
              <SequencePoints>
                <SequencePoint vc="1" uspid="148" ordinal="0" offset="0" sl="47" sc="9" el="47" ec="10" />
                <SequencePoint vc="1" uspid="149" ordinal="1" offset="1" sl="48" sc="13" el="48" ec="40" />
                <SequencePoint vc="1" uspid="150" ordinal="2" offset="18" sl="49" sc="13" el="49" ec="53" />
                <SequencePoint vc="1" uspid="151" ordinal="3" offset="50" sl="50" sc="9" el="50" ec="10" />
              </SequencePoints>
              <BranchPoints />
              <MethodPoint xsi:type="SequencePoint" vc="1" uspid="148" ordinal="0" offset="0" sl="47" sc="9" el="47" ec="10" />
            </Method>
            <Method visited="true" cyclomaticComplexity="1" sequenceCoverage="100" branchCoverage="100" isConstructor="false" isStatic="false" isGetter="false" isSetter="false">
              <MetadataToken>100663320</MetadataToken>
              <Name>System.Void DEMW.SpaceWar2Tests.GameObjects.ShipComponents.ThrusterTests::Throttle_is_one_if_it_is_set_above_one()</Name>
              <FileRef uid="4" />
              <SequencePoints>
                <SequencePoint vc="1" uspid="152" ordinal="0" offset="0" sl="54" sc="9" el="54" ec="10" />
                <SequencePoint vc="1" uspid="153" ordinal="1" offset="1" sl="55" sc="13" el="55" ec="39" />
                <SequencePoint vc="1" uspid="154" ordinal="2" offset="18" sl="56" sc="13" el="56" ec="53" />
                <SequencePoint vc="1" uspid="155" ordinal="3" offset="50" sl="57" sc="9" el="57" ec="10" />
              </SequencePoints>
              <BranchPoints />
              <MethodPoint xsi:type="SequencePoint" vc="1" uspid="152" ordinal="0" offset="0" sl="54" sc="9" el="54" ec="10" />
            </Method>
            <Method visited="true" cyclomaticComplexity="1" sequenceCoverage="100" branchCoverage="100" isConstructor="false" isStatic="false" isGetter="false" isSetter="false">
              <MetadataToken>100663321</MetadataToken>
              <Name>System.Void DEMW.SpaceWar2Tests.GameObjects.ShipComponents.ThrusterTests::EnergyRequired_is_Throttle_times_max_Energy_draw()</Name>
              <FileRef uid="4" />
              <SequencePoints>
                <SequencePoint vc="1" uspid="156" ordinal="0" offset="0" sl="61" sc="9" el="61" ec="10" />
                <SequencePoint vc="1" uspid="157" ordinal="1" offset="1" sl="62" sc="13" el="62" ec="39" />
                <SequencePoint vc="1" uspid="158" ordinal="2" offset="18" sl="63" sc="13" el="63" ec="68" />
                <SequencePoint vc="1" uspid="159" ordinal="3" offset="50" sl="64" sc="9" el="64" ec="10" />
              </SequencePoints>
              <BranchPoints />
              <MethodPoint xsi:type="SequencePoint" vc="1" uspid="156" ordinal="0" offset="0" sl="61" sc="9" el="61" ec="10" />
            </Method>
            <Method visited="true" cyclomaticComplexity="1" sequenceCoverage="100" branchCoverage="100" isConstructor="false" isStatic="false" isGetter="false" isSetter="false">
              <MetadataToken>100663322</MetadataToken>
              <Name>System.Void DEMW.SpaceWar2Tests.GameObjects.ShipComponents.ThrusterTests::Engage_produces_no_force_when_no_Throttle_and_full_energyScalingFactor()</Name>
              <FileRef uid="4" />
              <SequencePoints>
                <SequencePoint vc="1" uspid="160" ordinal="0" offset="0" sl="68" sc="9" el="68" ec="10" />
                <SequencePoint vc="1" uspid="161" ordinal="1" offset="1" sl="70" sc="13" el="70" ec="37" />
                <SequencePoint vc="1" uspid="162" ordinal="2" offset="18" sl="72" sc="13" el="72" ec="63" />
                <SequencePoint vc="1" uspid="163" ordinal="3" offset="35" sl="73" sc="13" el="73" ec="60" />
                <SequencePoint vc="1" uspid="164" ordinal="4" offset="63" sl="74" sc="13" el="74" ec="57" />
                <SequencePoint vc="1" uspid="165" ordinal="5" offset="90" sl="75" sc="9" el="75" ec="10" />
              </SequencePoints>
              <BranchPoints />
              <MethodPoint xsi:type="SequencePoint" vc="1" uspid="160" ordinal="0" offset="0" sl="68" sc="9" el="68" ec="10" />
            </Method>
            <Method visited="true" cyclomaticComplexity="1" sequenceCoverage="100" branchCoverage="100" isConstructor="false" isStatic="false" isGetter="false" isSetter="false">
              <MetadataToken>100663323</MetadataToken>
              <Name>System.Void DEMW.SpaceWar2Tests.GameObjects.ShipComponents.ThrusterTests::Engage_produces_no_force_when_some_Throttle_and_zero_energyScalingFactor()</Name>
              <FileRef uid="4" />
              <SequencePoints>
                <SequencePoint vc="1" uspid="166" ordinal="0" offset="0" sl="79" sc="9" el="79" ec="10" />
                <SequencePoint vc="1" uspid="167" ordinal="1" offset="1" sl="81" sc="13" el="81" ec="39" />
                <SequencePoint vc="1" uspid="168" ordinal="2" offset="18" sl="83" sc="13" el="83" ec="63" />
                <SequencePoint vc="1" uspid="169" ordinal="3" offset="35" sl="84" sc="13" el="84" ec="60" />
                <SequencePoint vc="1" uspid="170" ordinal="4" offset="63" sl="85" sc="13" el="85" ec="57" />
                <SequencePoint vc="1" uspid="171" ordinal="5" offset="90" sl="86" sc="9" el="86" ec="10" />
              </SequencePoints>
              <BranchPoints />
              <MethodPoint xsi:type="SequencePoint" vc="1" uspid="166" ordinal="0" offset="0" sl="79" sc="9" el="79" ec="10" />
            </Method>
            <Method visited="true" cyclomaticComplexity="1" sequenceCoverage="100" branchCoverage="100" isConstructor="false" isStatic="false" isGetter="false" isSetter="false">
              <MetadataToken>100663324</MetadataToken>
              <Name>System.Void DEMW.SpaceWar2Tests.GameObjects.ShipComponents.ThrusterTests::Engage_produces_no_force_when_some_Throttle_and_negative_energyScalingFactor()</Name>
              <FileRef uid="4" />
              <SequencePoints>
                <SequencePoint vc="1" uspid="172" ordinal="0" offset="0" sl="90" sc="9" el="90" ec="10" />
                <SequencePoint vc="1" uspid="173" ordinal="1" offset="1" sl="92" sc="13" el="92" ec="39" />
                <SequencePoint vc="1" uspid="174" ordinal="2" offset="18" sl="94" sc="13" el="94" ec="63" />
                <SequencePoint vc="1" uspid="175" ordinal="3" offset="35" sl="95" sc="13" el="95" ec="60" />
                <SequencePoint vc="1" uspid="176" ordinal="4" offset="63" sl="96" sc="13" el="96" ec="57" />
                <SequencePoint vc="1" uspid="177" ordinal="5" offset="90" sl="97" sc="9" el="97" ec="10" />
              </SequencePoints>
              <BranchPoints />
              <MethodPoint xsi:type="SequencePoint" vc="1" uspid="172" ordinal="0" offset="0" sl="90" sc="9" el="90" ec="10" />
            </Method>
            <Method visited="true" cyclomaticComplexity="1" sequenceCoverage="100" branchCoverage="100" isConstructor="false" isStatic="false" isGetter="false" isSetter="false">
              <MetadataToken>100663325</MetadataToken>
              <Name>System.Void DEMW.SpaceWar2Tests.GameObjects.ShipComponents.ThrusterTests::Engage_produces_full_force_when_full_Throttle_and_full_energyScalingFactor()</Name>
              <FileRef uid="4" />
              <SequencePoints>
                <SequencePoint vc="1" uspid="178" ordinal="0" offset="0" sl="101" sc="9" el="101" ec="10" />
                <SequencePoint vc="1" uspid="179" ordinal="1" offset="1" sl="103" sc="13" el="103" ec="37" />
                <SequencePoint vc="1" uspid="180" ordinal="2" offset="18" sl="105" sc="13" el="105" ec="63" />
                <SequencePoint vc="1" uspid="181" ordinal="3" offset="35" sl="106" sc="13" el="106" ec="60" />
                <SequencePoint vc="1" uspid="182" ordinal="4" offset="63" sl="107" sc="13" el="107" ec="55" />
                <SequencePoint vc="1" uspid="183" ordinal="5" offset="91" sl="108" sc="9" el="108" ec="10" />
              </SequencePoints>
              <BranchPoints />
              <MethodPoint xsi:type="SequencePoint" vc="1" uspid="178" ordinal="0" offset="0" sl="101" sc="9" el="101" ec="10" />
            </Method>
            <Method visited="true" cyclomaticComplexity="1" sequenceCoverage="100" branchCoverage="100" isConstructor="false" isStatic="false" isGetter="false" isSetter="false">
              <MetadataToken>100663326</MetadataToken>
              <Name>System.Void DEMW.SpaceWar2Tests.GameObjects.ShipComponents.ThrusterTests::Engage_produces_force_proportional_to_Throttle_time_by_energyScalingFactor()</Name>
              <FileRef uid="4" />
              <SequencePoints>
                <SequencePoint vc="1" uspid="184" ordinal="0" offset="0" sl="112" sc="9" el="112" ec="10" />
                <SequencePoint vc="1" uspid="185" ordinal="1" offset="1" sl="114" sc="13" el="114" ec="39" />
                <SequencePoint vc="1" uspid="186" ordinal="2" offset="18" sl="116" sc="13" el="116" ec="63" />
                <SequencePoint vc="1" uspid="187" ordinal="3" offset="35" sl="117" sc="13" el="117" ec="60" />
                <SequencePoint vc="1" uspid="188" ordinal="4" offset="63" sl="118" sc="13" el="118" ec="98" />
                <SequencePoint vc="1" uspid="189" ordinal="5" offset="117" sl="119" sc="9" el="119" ec="10" />
              </SequencePoints>
              <BranchPoints />
              <MethodPoint xsi:type="SequencePoint" vc="1" uspid="184" ordinal="0" offset="0" sl="112" sc="9" el="112" ec="10" />
            </Method>
            <Method visited="true" cyclomaticComplexity="1" sequenceCoverage="100" branchCoverage="100" isConstructor="false" isStatic="false" isGetter="false" isSetter="false">
              <MetadataToken>100663327</MetadataToken>
              <Name>System.Void DEMW.SpaceWar2Tests.GameObjects.ShipComponents.ThrusterTests::Engage_caps_energyScalingFactor_to_one()</Name>
              <FileRef uid="4" />
              <SequencePoints>
                <SequencePoint vc="1" uspid="190" ordinal="0" offset="0" sl="123" sc="9" el="123" ec="10" />
                <SequencePoint vc="1" uspid="191" ordinal="1" offset="1" sl="126" sc="13" el="126" ec="39" />
                <SequencePoint vc="1" uspid="192" ordinal="2" offset="18" sl="128" sc="13" el="128" ec="63" />
                <SequencePoint vc="1" uspid="193" ordinal="3" offset="35" sl="129" sc="13" el="129" ec="60" />
                <SequencePoint vc="1" uspid="194" ordinal="4" offset="63" sl="130" sc="13" el="130" ec="112" />
                <SequencePoint vc="1" uspid="195" ordinal="5" offset="117" sl="131" sc="9" el="131" ec="10" />
              </SequencePoints>
              <BranchPoints />
              <MethodPoint xsi:type="SequencePoint" vc="1" uspid="190" ordinal="0" offset="0" sl="123" sc="9" el="123" ec="10" />
            </Method>
            <Method visited="true" cyclomaticComplexity="1" sequenceCoverage="0" branchCoverage="0" isConstructor="true" isStatic="false" isGetter="false" isSetter="false">
              <MetadataToken>100663328</MetadataToken>
              <Name>System.Void DEMW.SpaceWar2Tests.GameObjects.ShipComponents.ThrusterTests::.ctor()</Name>
              <SequencePoints />
              <BranchPoints />
              <MethodPoint vc="1" uspid="196" ordinal="0" offset="0" />
            </Method>
            <Method visited="true" cyclomaticComplexity="1" sequenceCoverage="100" branchCoverage="100" isConstructor="false" isStatic="false" isGetter="false" isSetter="false">
              <MetadataToken>100663329</MetadataToken>
              <Name>System.Void DEMW.SpaceWar2Tests.GameObjects.ShipComponents.ThrusterTests::&lt;Thruster_maxEnergyDraw_cannot_be_zero&gt;b__0()</Name>
              <FileRef uid="4" />
              <SequencePoints>
                <SequencePoint vc="1" uspid="197" ordinal="0" offset="0" sl="27" sc="68" el="27" ec="119" />
              </SequencePoints>
              <BranchPoints />
              <MethodPoint xsi:type="SequencePoint" vc="1" uspid="197" ordinal="0" offset="0" sl="27" sc="68" el="27" ec="119" />
            </Method>
            <Method visited="true" cyclomaticComplexity="1" sequenceCoverage="100" branchCoverage="100" isConstructor="false" isStatic="false" isGetter="false" isSetter="false">
              <MetadataToken>100663330</MetadataToken>
              <Name>System.Void DEMW.SpaceWar2Tests.GameObjects.ShipComponents.ThrusterTests::&lt;Thruster_maxEnergyDraw_cannot_be_negative&gt;b__1()</Name>
              <FileRef uid="4" />
              <SequencePoints>
                <SequencePoint vc="1" uspid="198" ordinal="0" offset="0" sl="34" sc="68" el="34" ec="122" />
              </SequencePoints>
              <BranchPoints />
              <MethodPoint xsi:type="SequencePoint" vc="1" uspid="198" ordinal="0" offset="0" sl="34" sc="68" el="34" ec="122" />
            </Method>
          </Methods>
        </Class>
        <Class>
          <FullName>DEMW.SpaceWar2Tests.Controls.KeyboardHandlerTests</FullName>
          <Methods>
            <Method visited="true" cyclomaticComplexity="1" sequenceCoverage="100" branchCoverage="100" isConstructor="false" isStatic="false" isGetter="false" isSetter="false">
              <MetadataToken>100663331</MetadataToken>
              <Name>System.Void DEMW.SpaceWar2Tests.Controls.KeyboardHandlerTests::SetUp()</Name>
              <FileRef uid="5" />
              <SequencePoints>
                <SequencePoint vc="6" uspid="199" ordinal="0" offset="0" sl="17" sc="9" el="17" ec="10" />
                <SequencePoint vc="6" uspid="200" ordinal="1" offset="1" sl="18" sc="13" el="18" ec="53" />
                <SequencePoint vc="6" uspid="201" ordinal="2" offset="18" sl="20" sc="13" el="20" ec="63" />
                <SequencePoint vc="6" uspid="202" ordinal="3" offset="50" sl="22" sc="13" el="22" ec="63" />
                <SequencePoint vc="6" uspid="203" ordinal="4" offset="67" sl="23" sc="9" el="23" ec="10" />
              </SequencePoints>
              <BranchPoints />
              <MethodPoint xsi:type="SequencePoint" vc="6" uspid="199" ordinal="0" offset="0" sl="17" sc="9" el="17" ec="10" />
            </Method>
            <Method visited="true" cyclomaticComplexity="1" sequenceCoverage="100" branchCoverage="100" isConstructor="false" isStatic="false" isGetter="false" isSetter="false">
              <MetadataToken>100663332</MetadataToken>
              <Name>System.Void DEMW.SpaceWar2Tests.Controls.KeyboardHandlerTests::IsPressed_returns_correct_value_even_if_repeatedly_called(Microsoft.Xna.Framework.Input.Keys)</Name>
              <FileRef uid="5" />
              <SequencePoints>
                <SequencePoint vc="3" uspid="204" ordinal="0" offset="0" sl="29" sc="9" el="29" ec="10" />
                <SequencePoint vc="3" uspid="205" ordinal="1" offset="1" sl="30" sc="13" el="30" ec="66" />
                <SequencePoint vc="3" uspid="206" ordinal="2" offset="41" sl="31" sc="13" el="31" ec="52" />
                <SequencePoint vc="3" uspid="207" ordinal="3" offset="53" sl="32" sc="13" el="32" ec="46" />
                <SequencePoint vc="3" uspid="208" ordinal="4" offset="71" sl="33" sc="13" el="33" ec="60" />
                <SequencePoint vc="3" uspid="209" ordinal="5" offset="89" sl="34" sc="13" el="34" ec="60" />
                <SequencePoint vc="3" uspid="210" ordinal="6" offset="107" sl="35" sc="9" el="35" ec="10" />
              </SequencePoints>
              <BranchPoints />
              <MethodPoint xsi:type="SequencePoint" vc="3" uspid="204" ordinal="0" offset="0" sl="29" sc="9" el="29" ec="10" />
            </Method>
            <Method visited="true" cyclomaticComplexity="1" sequenceCoverage="100" branchCoverage="100" isConstructor="false" isStatic="false" isGetter="false" isSetter="false">
              <MetadataToken>100663333</MetadataToken>
              <Name>System.Void DEMW.SpaceWar2Tests.Controls.KeyboardHandlerTests::IsNewlyPressed_returns_correct_value_even_if_repeatedly_called(Microsoft.Xna.Framework.Input.Keys)</Name>
              <FileRef uid="5" />
              <SequencePoints>
                <SequencePoint vc="3" uspid="211" ordinal="0" offset="0" sl="41" sc="9" el="41" ec="10" />
                <SequencePoint vc="3" uspid="212" ordinal="1" offset="1" sl="42" sc="13" el="42" ec="66" />
                <SequencePoint vc="3" uspid="213" ordinal="2" offset="41" sl="43" sc="13" el="43" ec="52" />
                <SequencePoint vc="3" uspid="214" ordinal="3" offset="53" sl="44" sc="13" el="44" ec="65" />
                <SequencePoint vc="3" uspid="215" ordinal="4" offset="71" sl="45" sc="13" el="45" ec="65" />
                <SequencePoint vc="3" uspid="216" ordinal="5" offset="89" sl="46" sc="13" el="46" ec="52" />
                <SequencePoint vc="3" uspid="217" ordinal="6" offset="101" sl="47" sc="13" el="47" ec="46" />
                <SequencePoint vc="3" uspid="218" ordinal="7" offset="119" sl="48" sc="13" el="48" ec="66" />
                <SequencePoint vc="3" uspid="219" ordinal="8" offset="137" sl="49" sc="9" el="49" ec="10" />
              </SequencePoints>
              <BranchPoints />
              <MethodPoint xsi:type="SequencePoint" vc="3" uspid="211" ordinal="0" offset="0" sl="41" sc="9" el="41" ec="10" />
            </Method>
            <Method visited="true" cyclomaticComplexity="1" sequenceCoverage="0" branchCoverage="0" isConstructor="true" isStatic="false" isGetter="false" isSetter="false">
              <MetadataToken>100663334</MetadataToken>
              <Name>System.Void DEMW.SpaceWar2Tests.Controls.KeyboardHandlerTests::.ctor()</Name>
              <SequencePoints />
              <BranchPoints />
              <MethodPoint vc="1" uspid="220" ordinal="0" offset="0" />
            </Method>
          </Methods>
        </Class>
        <Class>
          <FullName>DEMW.SpaceWar2Tests.Controls.NullShipControllerTests</FullName>
          <Methods>
            <Method visited="true" cyclomaticComplexity="1" sequenceCoverage="100" branchCoverage="100" isConstructor="false" isStatic="false" isGetter="false" isSetter="false">
              <MetadataToken>100663335</MetadataToken>
              <Name>System.Void DEMW.SpaceWar2Tests.Controls.NullShipControllerTests::GetAction_returns_none()</Name>
              <FileRef uid="6" />
              <SequencePoints>
                <SequencePoint vc="1" uspid="221" ordinal="0" offset="0" sl="11" sc="9" el="11" ec="10" />
                <SequencePoint vc="1" uspid="222" ordinal="1" offset="1" sl="12" sc="13" el="12" ec="59" />
                <SequencePoint vc="1" uspid="223" ordinal="2" offset="7" sl="14" sc="13" el="14" ec="53" />
                <SequencePoint vc="1" uspid="224" ordinal="3" offset="14" sl="16" sc="13" el="16" ec="54" />
                <SequencePoint vc="1" uspid="225" ordinal="4" offset="32" sl="17" sc="9" el="17" ec="10" />
              </SequencePoints>
              <BranchPoints />
              <MethodPoint xsi:type="SequencePoint" vc="1" uspid="221" ordinal="0" offset="0" sl="11" sc="9" el="11" ec="10" />
            </Method>
            <Method visited="true" cyclomaticComplexity="1" sequenceCoverage="0" branchCoverage="0" isConstructor="true" isStatic="false" isGetter="false" isSetter="false">
              <MetadataToken>100663336</MetadataToken>
              <Name>System.Void DEMW.SpaceWar2Tests.Controls.NullShipControllerTests::.ctor()</Name>
              <SequencePoints />
              <BranchPoints />
              <MethodPoint vc="1" uspid="226" ordinal="0" offset="0" />
            </Method>
          </Methods>
        </Class>
        <Class>
          <FullName>DEMW.SpaceWar2Tests.Physics.ForceTests</FullName>
          <Methods>
            <Method visited="true" cyclomaticComplexity="1" sequenceCoverage="100" branchCoverage="100" isConstructor="false" isStatic="false" isGetter="false" isSetter="false">
              <MetadataToken>100663337</MetadataToken>
              <Name>System.Void DEMW.SpaceWar2Tests.Physics.ForceTests::Setup()</Name>
              <FileRef uid="7" />
              <SequencePoints>
                <SequencePoint vc="6" uspid="227" ordinal="0" offset="0" sl="19" sc="9" el="19" ec="10" />
                <SequencePoint vc="6" uspid="228" ordinal="1" offset="1" sl="20" sc="13" el="20" ec="39" />
                <SequencePoint vc="6" uspid="229" ordinal="2" offset="22" sl="21" sc="13" el="21" ec="37" />
                <SequencePoint vc="6" uspid="230" ordinal="3" offset="43" sl="22" sc="13" el="22" ec="55" />
                <SequencePoint vc="6" uspid="231" ordinal="4" offset="65" sl="23" sc="13" el="23" ec="65" />
                <SequencePoint vc="6" uspid="232" ordinal="5" offset="75" sl="24" sc="13" el="24" ec="64" />
                <SequencePoint vc="6" uspid="233" ordinal="6" offset="86" sl="26" sc="13" el="26" ec="57" />
                <SequencePoint vc="6" uspid="234" ordinal="7" offset="109" sl="27" sc="13" el="27" ec="66" />
                <SequencePoint vc="6" uspid="235" ordinal="8" offset="131" sl="28" sc="13" el="28" ec="89" />
                <SequencePoint vc="6" uspid="236" ordinal="9" offset="144" sl="29" sc="9" el="29" ec="10" />
              </SequencePoints>
              <BranchPoints />
              <MethodPoint xsi:type="SequencePoint" vc="6" uspid="227" ordinal="0" offset="0" sl="19" sc="9" el="19" ec="10" />
            </Method>
            <Method visited="true" cyclomaticComplexity="1" sequenceCoverage="100" branchCoverage="100" isConstructor="false" isStatic="false" isGetter="false" isSetter="false">
              <MetadataToken>100663338</MetadataToken>
              <Name>System.Void DEMW.SpaceWar2Tests.Physics.ForceTests::AddVector_adds_vector_to_Force_Vector_component()</Name>
              <FileRef uid="7" />
              <SequencePoints>
                <SequencePoint vc="1" uspid="237" ordinal="0" offset="0" sl="33" sc="9" el="33" ec="10" />
                <SequencePoint vc="1" uspid="238" ordinal="1" offset="1" sl="34" sc="13" el="34" ec="57" />
                <SequencePoint vc="1" uspid="239" ordinal="2" offset="18" sl="35" sc="13" el="35" ec="34" />
                <SequencePoint vc="1" uspid="240" ordinal="3" offset="31" sl="37" sc="13" el="37" ec="57" />
                <SequencePoint vc="1" uspid="241" ordinal="4" offset="70" sl="38" sc="13" el="38" ec="63" />
                <SequencePoint vc="1" uspid="242" ordinal="5" offset="97" sl="39" sc="9" el="39" ec="10" />
              </SequencePoints>
              <BranchPoints />
              <MethodPoint xsi:type="SequencePoint" vc="1" uspid="237" ordinal="0" offset="0" sl="33" sc="9" el="33" ec="10" />
            </Method>
            <Method visited="true" cyclomaticComplexity="1" sequenceCoverage="100" branchCoverage="100" isConstructor="false" isStatic="false" isGetter="false" isSetter="false">
              <MetadataToken>100663339</MetadataToken>
              <Name>System.Void DEMW.SpaceWar2Tests.Physics.ForceTests::AddVector_adds_vector_and_does_not_affect_displacement()</Name>
              <FileRef uid="7" />
              <SequencePoints>
                <SequencePoint vc="1" uspid="243" ordinal="0" offset="0" sl="43" sc="9" el="43" ec="10" />
                <SequencePoint vc="1" uspid="244" ordinal="1" offset="1" sl="44" sc="13" el="44" ec="48" />
                <SequencePoint vc="1" uspid="245" ordinal="2" offset="19" sl="45" sc="13" el="45" ec="34" />
                <SequencePoint vc="1" uspid="246" ordinal="3" offset="32" sl="47" sc="13" el="47" ec="57" />
                <SequencePoint vc="1" uspid="247" ordinal="4" offset="71" sl="48" sc="13" el="48" ec="54" />
                <SequencePoint vc="1" uspid="248" ordinal="5" offset="99" sl="49" sc="9" el="49" ec="10" />
              </SequencePoints>
              <BranchPoints />
              <MethodPoint xsi:type="SequencePoint" vc="1" uspid="243" ordinal="0" offset="0" sl="43" sc="9" el="43" ec="10" />
            </Method>
            <Method visited="true" cyclomaticComplexity="1" sequenceCoverage="100" branchCoverage="100" isConstructor="false" isStatic="false" isGetter="false" isSetter="false">
              <MetadataToken>100663340</MetadataToken>
              <Name>System.Void DEMW.SpaceWar2Tests.Physics.ForceTests::Rotate_by_small_angle_does_not_affect_zero_Displacement()</Name>
              <FileRef uid="7" />
              <SequencePoints>
                <SequencePoint vc="1" uspid="249" ordinal="0" offset="0" sl="53" sc="9" el="53" ec="10" />
                <SequencePoint vc="1" uspid="250" ordinal="1" offset="1" sl="54" sc="13" el="54" ec="64" />
                <SequencePoint vc="1" uspid="251" ordinal="2" offset="23" sl="56" sc="13" el="56" ec="76" />
                <SequencePoint vc="1" uspid="252" ordinal="3" offset="55" sl="57" sc="9" el="57" ec="10" />
              </SequencePoints>
              <BranchPoints />
              <MethodPoint xsi:type="SequencePoint" vc="1" uspid="249" ordinal="0" offset="0" sl="53" sc="9" el="53" ec="10" />
            </Method>
            <Method visited="true" cyclomaticComplexity="1" sequenceCoverage="100" branchCoverage="100" isConstructor="false" isStatic="false" isGetter="false" isSetter="false">
              <MetadataToken>100663341</MetadataToken>
              <Name>System.Void DEMW.SpaceWar2Tests.Physics.ForceTests::Rotate_by_large_angle_does_not_affect_zero_Displacement()</Name>
              <FileRef uid="7" />
              <SequencePoints>
                <SequencePoint vc="1" uspid="253" ordinal="0" offset="0" sl="61" sc="9" el="61" ec="10" />
                <SequencePoint vc="1" uspid="254" ordinal="1" offset="1" sl="62" sc="13" el="62" ec="66" />
                <SequencePoint vc="1" uspid="255" ordinal="2" offset="23" sl="64" sc="13" el="64" ec="76" />
                <SequencePoint vc="1" uspid="256" ordinal="3" offset="55" sl="65" sc="9" el="65" ec="10" />
              </SequencePoints>
              <BranchPoints />
              <MethodPoint xsi:type="SequencePoint" vc="1" uspid="253" ordinal="0" offset="0" sl="61" sc="9" el="61" ec="10" />
            </Method>
            <Method visited="true" cyclomaticComplexity="1" sequenceCoverage="100" branchCoverage="100" isConstructor="false" isStatic="false" isGetter="false" isSetter="false">
              <MetadataToken>100663342</MetadataToken>
              <Name>System.Void DEMW.SpaceWar2Tests.Physics.ForceTests::Rotate_calculates_Displacement_and_Vector_correctly()</Name>
              <FileRef uid="7" />
              <SequencePoints>
                <SequencePoint vc="1" uspid="257" ordinal="0" offset="0" sl="69" sc="9" el="69" ec="10" />
                <SequencePoint vc="1" uspid="258" ordinal="1" offset="1" sl="70" sc="13" el="70" ec="65" />
                <SequencePoint vc="1" uspid="259" ordinal="2" offset="23" sl="72" sc="13" el="72" ec="136" />
                <SequencePoint vc="1" uspid="260" ordinal="3" offset="66" sl="73" sc="13" el="73" ec="118" />
                <SequencePoint vc="1" uspid="261" ordinal="4" offset="109" sl="74" sc="9" el="74" ec="10" />
              </SequencePoints>
              <BranchPoints />
              <MethodPoint xsi:type="SequencePoint" vc="1" uspid="257" ordinal="0" offset="0" sl="69" sc="9" el="69" ec="10" />
            </Method>
            <Method visited="true" cyclomaticComplexity="1" sequenceCoverage="100" branchCoverage="100" isConstructor="false" isStatic="false" isGetter="false" isSetter="false">
              <MetadataToken>100663343</MetadataToken>
              <Name>System.Void DEMW.SpaceWar2Tests.Physics.ForceTests::Force_default_constructor_creates_force_with_no_vector_and_no_displacement()</Name>
              <FileRef uid="7" />
              <SequencePoints>
                <SequencePoint vc="1" uspid="262" ordinal="0" offset="0" sl="78" sc="9" el="78" ec="10" />
                <SequencePoint vc="1" uspid="263" ordinal="1" offset="1" sl="79" sc="13" el="79" ec="44" />
                <SequencePoint vc="1" uspid="264" ordinal="2" offset="7" sl="81" sc="13" el="81" ec="64" />
                <SequencePoint vc="1" uspid="265" ordinal="3" offset="34" sl="82" sc="13" el="82" ec="70" />
                <SequencePoint vc="1" uspid="266" ordinal="4" offset="61" sl="83" sc="9" el="83" ec="10" />
              </SequencePoints>
              <BranchPoints />
              <MethodPoint xsi:type="SequencePoint" vc="1" uspid="262" ordinal="0" offset="0" sl="78" sc="9" el="78" ec="10" />
            </Method>
            <Method visited="true" cyclomaticComplexity="1" sequenceCoverage="0" branchCoverage="0" isConstructor="true" isStatic="false" isGetter="false" isSetter="false">
              <MetadataToken>100663344</MetadataToken>
              <Name>System.Void DEMW.SpaceWar2Tests.Physics.ForceTests::.ctor()</Name>
              <SequencePoints />
              <BranchPoints />
              <MethodPoint vc="1" uspid="267" ordinal="0" offset="0" />
            </Method>
          </Methods>
        </Class>
        <Class>
          <FullName>DEMW.SpaceWar2Tests.GameObjects.ShipTests</FullName>
          <Methods>
            <Method visited="true" cyclomaticComplexity="1" sequenceCoverage="0" branchCoverage="0" isConstructor="true" isStatic="false" isGetter="false" isSetter="false">
              <MetadataToken>100663345</MetadataToken>
              <Name>System.Void DEMW.SpaceWar2Tests.GameObjects.ShipTests::.ctor()</Name>
              <SequencePoints />
              <BranchPoints />
              <MethodPoint vc="1" uspid="268" ordinal="0" offset="0" />
            </Method>
          </Methods>
        </Class>
        <Class>
          <FullName>DEMW.SpaceWar2Tests.Controls.ShipActionTests</FullName>
          <Methods>
            <Method visited="true" cyclomaticComplexity="1" sequenceCoverage="100" branchCoverage="100" isConstructor="false" isStatic="false" isGetter="false" isSetter="false">
              <MetadataToken>100663346</MetadataToken>
              <Name>System.Void DEMW.SpaceWar2Tests.Controls.ShipActionTests::ShipAction_none_is_zero()</Name>
              <FileRef uid="8" />
              <SequencePoints>
                <SequencePoint vc="1" uspid="269" ordinal="0" offset="0" sl="12" sc="9" el="12" ec="10" />
                <SequencePoint vc="1" uspid="270" ordinal="1" offset="1" sl="13" sc="13" el="13" ec="54" />
                <SequencePoint vc="1" uspid="271" ordinal="2" offset="9" sl="14" sc="9" el="14" ec="10" />
              </SequencePoints>
              <BranchPoints />
              <MethodPoint xsi:type="SequencePoint" vc="1" uspid="269" ordinal="0" offset="0" sl="12" sc="9" el="12" ec="10" />
            </Method>
            <Method visited="true" cyclomaticComplexity="1" sequenceCoverage="100" branchCoverage="100" isConstructor="false" isStatic="false" isGetter="false" isSetter="false">
              <MetadataToken>100663347</MetadataToken>
              <Name>System.Void DEMW.SpaceWar2Tests.Controls.ShipActionTests::ShipAction_has_flags_attribute()</Name>
              <FileRef uid="8" />
              <SequencePoints>
                <SequencePoint vc="1" uspid="272" ordinal="0" offset="0" sl="18" sc="9" el="18" ec="10" />
                <SequencePoint vc="1" uspid="273" ordinal="1" offset="1" sl="19" sc="13" el="19" ec="104" />
                <SequencePoint vc="1" uspid="274" ordinal="2" offset="32" sl="20" sc="9" el="20" ec="10" />
              </SequencePoints>
              <BranchPoints />
              <MethodPoint xsi:type="SequencePoint" vc="1" uspid="272" ordinal="0" offset="0" sl="18" sc="9" el="18" ec="10" />
            </Method>
            <Method visited="true" cyclomaticComplexity="1" sequenceCoverage="0" branchCoverage="0" isConstructor="true" isStatic="false" isGetter="false" isSetter="false">
              <MetadataToken>100663348</MetadataToken>
              <Name>System.Void DEMW.SpaceWar2Tests.Controls.ShipActionTests::.ctor()</Name>
              <SequencePoints />
              <BranchPoints />
              <MethodPoint vc="1" uspid="275" ordinal="0" offset="0" />
            </Method>
          </Methods>
        </Class>
        <Class>
          <FullName>DEMW.SpaceWar2Tests.GameObjects.ShipComponents.ThrustArrayTests</FullName>
          <Methods>
            <Method visited="true" cyclomaticComplexity="1" sequenceCoverage="100" branchCoverage="100" isConstructor="false" isStatic="false" isGetter="false" isSetter="false">
              <MetadataToken>100663349</MetadataToken>
              <Name>System.Void DEMW.SpaceWar2Tests.GameObjects.ShipComponents.ThrustArrayTests::Setup()</Name>
              <FileRef uid="9" />
              <SequencePoints>
                <SequencePoint vc="10" uspid="276" ordinal="0" offset="0" sl="22" sc="9" el="22" ec="10" />
                <SequencePoint vc="10" uspid="277" ordinal="1" offset="1" sl="23" sc="13" el="23" ec="45" />
                <SequencePoint vc="10" uspid="278" ordinal="2" offset="18" sl="24" sc="13" el="24" ec="38" />
                <SequencePoint vc="10" uspid="279" ordinal="3" offset="46" sl="25" sc="13" el="25" ec="46" />
                <SequencePoint vc="10" uspid="280" ordinal="4" offset="74" sl="26" sc="13" el="26" ec="55" />
                <SequencePoint vc="10" uspid="281" ordinal="5" offset="91" sl="28" sc="13" el="28" ec="68" />
                <SequencePoint vc="10" uspid="282" ordinal="6" offset="119" sl="29" sc="13" el="29" ec="68" />
                <SequencePoint vc="10" uspid="283" ordinal="7" offset="146" sl="30" sc="9" el="30" ec="10" />
              </SequencePoints>
              <BranchPoints />
              <MethodPoint xsi:type="SequencePoint" vc="10" uspid="276" ordinal="0" offset="0" sl="22" sc="9" el="22" ec="10" />
            </Method>
            <Method visited="true" cyclomaticComplexity="1" sequenceCoverage="100" branchCoverage="100" isConstructor="false" isStatic="false" isGetter="false" isSetter="false">
              <MetadataToken>100663350</MetadataToken>
              <Name>System.Void DEMW.SpaceWar2Tests.GameObjects.ShipComponents.ThrustArrayTests::EngageThrusters_does_not_thrust_when_called_with_no_ShipActions()</Name>
              <FileRef uid="9" />
              <SequencePoints>
                <SequencePoint vc="1" uspid="284" ordinal="0" offset="0" sl="34" sc="9" el="34" ec="10" />
                <SequencePoint vc="1" uspid="285" ordinal="1" offset="1" sl="35" sc="13" el="35" ec="68" />
                <SequencePoint vc="1" uspid="286" ordinal="2" offset="14" sl="37" sc="13" el="37" ec="51" />
                <SequencePoint vc="1" uspid="287" ordinal="3" offset="36" sl="38" sc="13" el="38" ec="72" />
                <SequencePoint vc="1" uspid="288" ordinal="4" offset="58" sl="39" sc="9" el="39" ec="10" />
              </SequencePoints>
              <BranchPoints />
              <MethodPoint xsi:type="SequencePoint" vc="1" uspid="284" ordinal="0" offset="0" sl="34" sc="9" el="34" ec="10" />
            </Method>
            <Method visited="true" cyclomaticComplexity="1" sequenceCoverage="100" branchCoverage="100" isConstructor="false" isStatic="false" isGetter="false" isSetter="false">
              <MetadataToken>100663351</MetadataToken>
              <Name>System.Void DEMW.SpaceWar2Tests.GameObjects.ShipComponents.ThrustArrayTests::EngageThrusters_does_not_thrust_when_thrust_and_reverse_together()</Name>
              <FileRef uid="9" />
              <SequencePoints>
                <SequencePoint vc="1" uspid="289" ordinal="0" offset="0" sl="43" sc="9" el="43" ec="10" />
                <SequencePoint vc="1" uspid="290" ordinal="1" offset="1" sl="44" sc="13" el="44" ec="97" />
                <SequencePoint vc="1" uspid="291" ordinal="2" offset="15" sl="45" sc="13" el="45" ec="46" />
                <SequencePoint vc="1" uspid="292" ordinal="3" offset="27" sl="47" sc="13" el="47" ec="51" />
                <SequencePoint vc="1" uspid="293" ordinal="4" offset="49" sl="48" sc="13" el="48" ec="72" />
                <SequencePoint vc="1" uspid="294" ordinal="5" offset="71" sl="49" sc="9" el="49" ec="10" />
              </SequencePoints>
              <BranchPoints />
              <MethodPoint xsi:type="SequencePoint" vc="1" uspid="289" ordinal="0" offset="0" sl="43" sc="9" el="43" ec="10" />
            </Method>
            <Method visited="true" cyclomaticComplexity="1" sequenceCoverage="100" branchCoverage="100" isConstructor="false" isStatic="false" isGetter="false" isSetter="false">
              <MetadataToken>100663352</MetadataToken>
              <Name>System.Void DEMW.SpaceWar2Tests.GameObjects.ShipComponents.ThrustArrayTests::EngageThrusters_does_not_thrust_when_left_and_right_together()</Name>
              <FileRef uid="9" />
              <SequencePoints>
                <SequencePoint vc="1" uspid="295" ordinal="0" offset="0" sl="53" sc="9" el="53" ec="10" />
                <SequencePoint vc="1" uspid="296" ordinal="1" offset="1" sl="54" sc="13" el="54" ec="95" />
                <SequencePoint vc="1" uspid="297" ordinal="2" offset="14" sl="55" sc="13" el="55" ec="46" />
                <SequencePoint vc="1" uspid="298" ordinal="3" offset="26" sl="57" sc="13" el="57" ec="51" />
                <SequencePoint vc="1" uspid="299" ordinal="4" offset="48" sl="58" sc="13" el="58" ec="72" />
                <SequencePoint vc="1" uspid="300" ordinal="5" offset="70" sl="59" sc="9" el="59" ec="10" />
              </SequencePoints>
              <BranchPoints />
              <MethodPoint xsi:type="SequencePoint" vc="1" uspid="295" ordinal="0" offset="0" sl="53" sc="9" el="53" ec="10" />
            </Method>
            <Method visited="true" cyclomaticComplexity="1" sequenceCoverage="100" branchCoverage="100" isConstructor="false" isStatic="false" isGetter="false" isSetter="false">
              <MetadataToken>100663353</MetadataToken>
              <Name>System.Void DEMW.SpaceWar2Tests.GameObjects.ShipComponents.ThrustArrayTests::EngageThrusters_applies_forward_force_when_Thrust_pressed()</Name>
              <FileRef uid="9" />
              <SequencePoints>
                <SequencePoint vc="1" uspid="301" ordinal="0" offset="13" sl="63" sc="9" el="63" ec="10" />
                <SequencePoint vc="1" uspid="302" ordinal="1" offset="14" sl="64" sc="13" el="64" ec="53" />
                <SequencePoint vc="1" uspid="303" ordinal="2" offset="47" sl="65" sc="13" el="65" ec="70" />
                <SequencePoint vc="1" uspid="304" ordinal="3" offset="60" sl="66" sc="13" el="66" ec="46" />
                <SequencePoint vc="1" uspid="305" ordinal="4" offset="72" sl="68" sc="13" el="68" ec="77" />
                <SequencePoint vc="1" uspid="306" ordinal="5" offset="98" sl="70" sc="13" el="70" ec="51" />
[...]
                <SequencePoint vc="1" uspid="667" ordinal="9" offset="137" sl="57" sc="13" el="57" ec="63" />
                <SequencePoint vc="1" uspid="668" ordinal="10" offset="154" sl="58" sc="13" el="58" ec="70" />
                <SequencePoint vc="1" uspid="669" ordinal="11" offset="177" sl="59" sc="13" el="59" ec="75" />
                <SequencePoint vc="1" uspid="670" ordinal="12" offset="200" sl="60" sc="9" el="60" ec="10" />
              </SequencePoints>
              <BranchPoints />
              <MethodPoint xsi:type="SequencePoint" vc="1" uspid="658" ordinal="0" offset="0" sl="45" sc="9" el="45" ec="10" />
            </Method>
            <Method visited="true" cyclomaticComplexity="1" sequenceCoverage="100" branchCoverage="100" isConstructor="false" isStatic="false" isGetter="false" isSetter="false">
              <MetadataToken>100663420</MetadataToken>
              <Name>System.Void DEMW.SpaceWar2Tests.GameObjectFactoryTests::CreateSun_registers_newly_created_sun_with_managers_and_simulators()</Name>
              <FileRef uid="17" />
              <SequencePoints>
                <SequencePoint vc="1" uspid="671" ordinal="0" offset="0" sl="64" sc="9" el="64" ec="10" />
                <SequencePoint vc="1" uspid="672" ordinal="1" offset="1" sl="65" sc="13" el="65" ec="81" />
                <SequencePoint vc="1" uspid="673" ordinal="2" offset="28" sl="67" sc="13" el="67" ec="67" />
                <SequencePoint vc="1" uspid="674" ordinal="3" offset="51" sl="68" sc="13" el="68" ec="63" />
                <SequencePoint vc="1" uspid="675" ordinal="4" offset="70" sl="69" sc="13" el="69" ec="55" />
                <SequencePoint vc="1" uspid="676" ordinal="5" offset="89" sl="70" sc="9" el="70" ec="10" />
              </SequencePoints>
              <BranchPoints />
              <MethodPoint xsi:type="SequencePoint" vc="1" uspid="671" ordinal="0" offset="0" sl="64" sc="9" el="64" ec="10" />
            </Method>
            <Method visited="true" cyclomaticComplexity="1" sequenceCoverage="100" branchCoverage="100" isConstructor="false" isStatic="false" isGetter="false" isSetter="false">
              <MetadataToken>100663421</MetadataToken>
              <Name>System.Void DEMW.SpaceWar2Tests.GameObjectFactoryTests::CreateShip_creates_a_Ship_with_the_specified_properties_and_adds_it_to_GameObjects()</Name>
              <FileRef uid="17" />
              <SequencePoints>
                <SequencePoint vc="1" uspid="677" ordinal="0" offset="0" sl="74" sc="9" el="74" ec="10" />
                <SequencePoint vc="1" uspid="678" ordinal="1" offset="1" sl="76" sc="13" el="76" ec="50" />
                <SequencePoint vc="1" uspid="679" ordinal="2" offset="19" sl="77" sc="13" el="77" ec="50" />
                <SequencePoint vc="1" uspid="680" ordinal="3" offset="37" sl="78" sc="13" el="78" ec="36" />
                <SequencePoint vc="1" uspid="681" ordinal="4" offset="43" sl="79" sc="13" el="79" ec="64" />
                <SequencePoint vc="1" uspid="682" ordinal="5" offset="55" sl="81" sc="13" el="81" ec="99" />
                <SequencePoint vc="1" uspid="683" ordinal="6" offset="77" sl="83" sc="13" el="83" ec="46" />
                <SequencePoint vc="1" uspid="684" ordinal="7" offset="95" sl="84" sc="13" el="84" ec="54" />
                <SequencePoint vc="1" uspid="685" ordinal="8" offset="119" sl="85" sc="13" el="85" ec="54" />
                <SequencePoint vc="1" uspid="686" ordinal="9" offset="143" sl="86" sc="13" el="86" ec="48" />
                <SequencePoint vc="1" uspid="687" ordinal="10" offset="167" sl="87" sc="13" el="87" ec="46" />
                <SequencePoint vc="1" uspid="688" ordinal="11" offset="192" sl="89" sc="13" el="89" ec="63" />
                <SequencePoint vc="1" uspid="689" ordinal="12" offset="209" sl="90" sc="13" el="90" ec="70" />
                <SequencePoint vc="1" uspid="690" ordinal="13" offset="232" sl="91" sc="13" el="91" ec="76" />
                <SequencePoint vc="1" uspid="691" ordinal="14" offset="256" sl="92" sc="9" el="92" ec="10" />
              </SequencePoints>
              <BranchPoints />
              <MethodPoint xsi:type="SequencePoint" vc="1" uspid="677" ordinal="0" offset="0" sl="74" sc="9" el="74" ec="10" />
            </Method>
            <Method visited="true" cyclomaticComplexity="1" sequenceCoverage="100" branchCoverage="100" isConstructor="false" isStatic="false" isGetter="false" isSetter="false">
              <MetadataToken>100663422</MetadataToken>
              <Name>System.Void DEMW.SpaceWar2Tests.GameObjectFactoryTests::CreateShip_registers_newly_created_ship_with_managers_and_simulators()</Name>
              <FileRef uid="17" />
              <SequencePoints>
                <SequencePoint vc="1" uspid="692" ordinal="0" offset="0" sl="96" sc="9" el="96" ec="10" />
                <SequencePoint vc="1" uspid="693" ordinal="1" offset="1" sl="97" sc="13" el="97" ec="109" />
                <SequencePoint vc="1" uspid="694" ordinal="2" offset="34" sl="99" sc="13" el="99" ec="70" />
                <SequencePoint vc="1" uspid="695" ordinal="3" offset="57" sl="100" sc="13" el="100" ec="69" />
                <SequencePoint vc="1" uspid="696" ordinal="4" offset="76" sl="101" sc="13" el="101" ec="50" />
                <SequencePoint vc="1" uspid="697" ordinal="5" offset="95" sl="102" sc="13" el="102" ec="56" />
                <SequencePoint vc="1" uspid="698" ordinal="6" offset="114" sl="103" sc="9" el="103" ec="10" />
              </SequencePoints>
              <BranchPoints />
              <MethodPoint xsi:type="SequencePoint" vc="1" uspid="692" ordinal="0" offset="0" sl="96" sc="9" el="96" ec="10" />
            </Method>
            <Method visited="true" cyclomaticComplexity="2" sequenceCoverage="100" branchCoverage="50" isConstructor="false" isStatic="false" isGetter="false" isSetter="false">
              <MetadataToken>100663423</MetadataToken>
              <Name>System.Void DEMW.SpaceWar2Tests.GameObjectFactoryTests::DestroyAll_removes_all_objects_from_GameObjects()</Name>
              <FileRef uid="17" />
              <SequencePoints>
                <SequencePoint vc="1" uspid="699" ordinal="0" offset="0" sl="107" sc="9" el="107" ec="10" />
                <SequencePoint vc="1" uspid="700" ordinal="1" offset="1" sl="108" sc="13" el="108" ec="109" />
                <SequencePoint vc="1" uspid="701" ordinal="2" offset="34" sl="109" sc="13" el="109" ec="81" />
                <SequencePoint vc="1" uspid="702" ordinal="3" offset="61" sl="111" sc="13" el="111" ec="54" />
                <SequencePoint vc="1" uspid="703" ordinal="4" offset="104" sl="113" sc="13" el="113" ec="60" />
                <SequencePoint vc="1" uspid="704" ordinal="5" offset="121" sl="115" sc="13" el="115" ec="60" />
                <SequencePoint vc="1" uspid="705" ordinal="6" offset="140" sl="116" sc="13" el="116" ec="52" />
                <SequencePoint vc="1" uspid="706" ordinal="7" offset="159" sl="117" sc="13" el="117" ec="58" />
                <SequencePoint vc="1" uspid="707" ordinal="8" offset="178" sl="119" sc="13" el="119" ec="59" />
                <SequencePoint vc="1" uspid="708" ordinal="9" offset="197" sl="120" sc="13" el="120" ec="51" />
                <SequencePoint vc="1" uspid="709" ordinal="10" offset="216" sl="121" sc="13" el="121" ec="57" />
                <SequencePoint vc="1" uspid="710" ordinal="11" offset="235" sl="122" sc="9" el="122" ec="10" />
              </SequencePoints>
              <BranchPoints>
                <BranchPoint vc="1" uspid="711" ordinal="0" offset="72" path="0" />
                <BranchPoint vc="0" uspid="712" ordinal="1" offset="72" path="1" />
              </BranchPoints>
              <MethodPoint xsi:type="SequencePoint" vc="1" uspid="699" ordinal="0" offset="0" sl="107" sc="9" el="107" ec="10" />
            </Method>
            <Method visited="true" cyclomaticComplexity="2" sequenceCoverage="100" branchCoverage="50" isConstructor="false" isStatic="false" isGetter="false" isSetter="false">
              <MetadataToken>100663424</MetadataToken>
              <Name>System.Void DEMW.SpaceWar2Tests.GameObjectFactoryTests::DestroyAll_removes_only_the_objects_that_match_the_provided_predicate()</Name>
              <FileRef uid="17" />
              <SequencePoints>
                <SequencePoint vc="1" uspid="713" ordinal="0" offset="0" sl="126" sc="9" el="126" ec="10" />
                <SequencePoint vc="1" uspid="714" ordinal="1" offset="1" sl="127" sc="13" el="127" ec="109" />
                <SequencePoint vc="1" uspid="715" ordinal="2" offset="34" sl="128" sc="13" el="128" ec="81" />
                <SequencePoint vc="1" uspid="716" ordinal="3" offset="61" sl="130" sc="13" el="130" ec="59" />
                <SequencePoint vc="1" uspid="717" ordinal="4" offset="104" sl="132" sc="13" el="132" ec="70" />
                <SequencePoint vc="1" uspid="718" ordinal="5" offset="127" sl="134" sc="13" el="134" ec="60" />
                <SequencePoint vc="1" uspid="719" ordinal="6" offset="146" sl="135" sc="13" el="135" ec="52" />
                <SequencePoint vc="1" uspid="720" ordinal="7" offset="165" sl="136" sc="13" el="136" ec="58" />
                <SequencePoint vc="1" uspid="721" ordinal="8" offset="184" sl="138" sc="13" el="138" ec="63" />
                <SequencePoint vc="1" uspid="722" ordinal="9" offset="202" sl="139" sc="13" el="139" ec="55" />
                <SequencePoint vc="1" uspid="723" ordinal="10" offset="220" sl="140" sc="13" el="140" ec="61" />
                <SequencePoint vc="1" uspid="724" ordinal="11" offset="238" sl="141" sc="9" el="141" ec="10" />
              </SequencePoints>
              <BranchPoints>
                <BranchPoint vc="1" uspid="725" ordinal="0" offset="72" path="0" />
                <BranchPoint vc="0" uspid="726" ordinal="1" offset="72" path="1" />
              </BranchPoints>
              <MethodPoint xsi:type="SequencePoint" vc="1" uspid="713" ordinal="0" offset="0" sl="126" sc="9" el="126" ec="10" />
            </Method>
            <Method visited="true" cyclomaticComplexity="1" sequenceCoverage="0" branchCoverage="0" isConstructor="true" isStatic="false" isGetter="false" isSetter="false">
              <MetadataToken>100663425</MetadataToken>
              <Name>System.Void DEMW.SpaceWar2Tests.GameObjectFactoryTests::.ctor()</Name>
              <SequencePoints />
              <BranchPoints />
              <MethodPoint vc="1" uspid="727" ordinal="0" offset="0" />
            </Method>
            <Method visited="true" cyclomaticComplexity="1" sequenceCoverage="100" branchCoverage="100" isConstructor="false" isStatic="true" isGetter="false" isSetter="false">
              <MetadataToken>100663426</MetadataToken>
              <Name>System.Boolean DEMW.SpaceWar2Tests.GameObjectFactoryTests::&lt;DestroyAll_removes_all_objects_from_GameObjects&gt;b__0(DEMW.SpaceWar2.GameObjects.IGameObject)</Name>
              <FileRef uid="17" />
              <SequencePoints>
                <SequencePoint vc="2" uspid="728" ordinal="0" offset="0" sl="111" sc="48" el="111" ec="52" />
              </SequencePoints>
              <BranchPoints />
              <MethodPoint xsi:type="SequencePoint" vc="2" uspid="728" ordinal="0" offset="0" sl="111" sc="48" el="111" ec="52" />
            </Method>
            <Method visited="true" cyclomaticComplexity="1" sequenceCoverage="100" branchCoverage="100" isConstructor="false" isStatic="true" isGetter="false" isSetter="false">
              <MetadataToken>100663427</MetadataToken>
              <Name>System.Boolean DEMW.SpaceWar2Tests.GameObjectFactoryTests::&lt;DestroyAll_removes_only_the_objects_that_match_the_provided_predicate&gt;b__2(DEMW.SpaceWar2.GameObjects.IGameObject)</Name>
              <FileRef uid="17" />
              <SequencePoints>
                <SequencePoint vc="2" uspid="729" ordinal="0" offset="0" sl="130" sc="48" el="130" ec="57" />
              </SequencePoints>
              <BranchPoints />
              <MethodPoint xsi:type="SequencePoint" vc="2" uspid="729" ordinal="0" offset="0" sl="130" sc="48" el="130" ec="57" />
            </Method>
          </Methods>
        </Class>
        <Class>
          <FullName>DEMW.SpaceWar2Tests.Controls.KeyboardWrapperTests</FullName>
          <Methods>
            <Method visited="true" cyclomaticComplexity="1" sequenceCoverage="100" branchCoverage="100" isConstructor="false" isStatic="false" isGetter="false" isSetter="false">
              <MetadataToken>100663428</MetadataToken>
              <Name>System.Void DEMW.SpaceWar2Tests.Controls.KeyboardWrapperTests::GetState_returns_does_not_throw_exception()</Name>
              <FileRef uid="18" />
              <SequencePoints>
                <SequencePoint vc="1" uspid="730" ordinal="0" offset="13" sl="14" sc="9" el="14" ec="10" />
                <SequencePoint vc="1" uspid="731" ordinal="1" offset="14" sl="15" sc="13" el="15" ec="58" />
                <SequencePoint vc="1" uspid="732" ordinal="2" offset="25" sl="17" sc="13" el="17" ec="72" />
                <SequencePoint vc="1" uspid="733" ordinal="3" offset="43" sl="18" sc="9" el="18" ec="10" />
              </SequencePoints>
              <BranchPoints />
              <MethodPoint vc="1" uspid="734" ordinal="0" offset="0" />
            </Method>
            <Method visited="true" cyclomaticComplexity="1" sequenceCoverage="0" branchCoverage="0" isConstructor="true" isStatic="false" isGetter="false" isSetter="false">
              <MetadataToken>100663429</MetadataToken>
              <Name>System.Void DEMW.SpaceWar2Tests.Controls.KeyboardWrapperTests::.ctor()</Name>
              <SequencePoints />
              <BranchPoints />
              <MethodPoint vc="1" uspid="735" ordinal="0" offset="0" />
            </Method>
          </Methods>
        </Class>
        <Class>
          <FullName>DEMW.SpaceWar2Tests.Controls.KeyboardWrapperTests/&lt;&gt;c__DisplayClass1</FullName>
          <Methods>
            <Method visited="true" cyclomaticComplexity="1" sequenceCoverage="0" branchCoverage="0" isConstructor="true" isStatic="false" isGetter="false" isSetter="false">
              <MetadataToken>100663439</MetadataToken>
              <Name>System.Void DEMW.SpaceWar2Tests.Controls.KeyboardWrapperTests/&lt;&gt;c__DisplayClass1::.ctor()</Name>
              <SequencePoints />
              <BranchPoints />
              <MethodPoint vc="1" uspid="736" ordinal="0" offset="0" />
            </Method>
            <Method visited="true" cyclomaticComplexity="1" sequenceCoverage="100" branchCoverage="100" isConstructor="false" isStatic="false" isGetter="false" isSetter="false">
              <MetadataToken>100663440</MetadataToken>
              <Name>System.Void DEMW.SpaceWar2Tests.Controls.KeyboardWrapperTests/&lt;&gt;c__DisplayClass1::&lt;GetState_returns_does_not_throw_exception&gt;b__0()</Name>
              <FileRef uid="18" />
              <SequencePoints>
                <SequencePoint vc="1" uspid="737" ordinal="0" offset="0" sl="17" sc="39" el="17" ec="70" />
              </SequencePoints>
              <BranchPoints />
              <MethodPoint xsi:type="SequencePoint" vc="1" uspid="737" ordinal="0" offset="0" sl="17" sc="39" el="17" ec="70" />
            </Method>
          </Methods>
        </Class>
      </Classes>
    </Module>
    <Module skippedDueTo="Filter" hash="8D-AA-FD-2B-9E-44-F0-B4-6B-2D-C6-BA-46-07-EF-15-59-64-DB-0E">
      <FullName>C:\Windows\Microsoft.Net\assembly\GAC_32\Microsoft.Xna.Framework\v4.0_4.0.0.0__842cf8be1de50553\Microsoft.Xna.Framework.dll</FullName>
      <ModuleName>Microsoft.Xna.Framework</ModuleName>
      <Classes />
    </Module>
    <Module skippedDueTo="Filter" hash="13-4C-94-D1-A1-A5-D9-8F-F1-E4-CE-A7-87-EF-CC-42-FC-6B-CA-BC">
      <FullName>C:\Users\Matt\Documents\GitHub\SpaceWar2\SpaceWar2Tests\bin\Debug\nunit.framework.dll</FullName>
      <ModuleName>nunit.framework</ModuleName>
      <Classes />
    </Module>
    <Module skippedDueTo="Filter" hash="8D-AA-FD-2B-9E-44-F0-B4-6B-2D-C6-BA-46-07-EF-15-59-64-DB-0E">
      <FullName>C:\Windows\Microsoft.Net\assembly\GAC_32\Microsoft.Xna.Framework\v4.0_4.0.0.0__842cf8be1de50553\Microsoft.Xna.Framework.dll</FullName>
      <ModuleName>Microsoft.Xna.Framework</ModuleName>
      <Classes />
    </Module>
    <Module skippedDueTo="Filter" hash="42-7C-35-6E-8E-18-F9-EA-FF-F3-7C-F2-46-14-7F-1F-73-05-E5-BB">
      <FullName>C:\Users\Matt\Documents\GitHub\SpaceWar2\SpaceWar2Tests\bin\Debug\DEMW.SpaceWar2.exe</FullName>
      <ModuleName>DEMW.SpaceWar2</ModuleName>
      <Classes />
    </Module>
    <Module skippedDueTo="Filter" hash="79-F8-9A-22-4E-29-52-37-00-CF-81-FF-1F-EA-05-EC-74-2A-2E-C8">
      <FullName>C:\Program Files (x86)\NUnit 2.6.2\bin\lib\nunit-console-runner.dll</FullName>
      <ModuleName>nunit-console-runner</ModuleName>
      <Classes />
    </Module>
    <Module skippedDueTo="Filter" hash="84-64-E1-D2-0A-E2-91-23-AD-BD-B9-7A-3C-89-7B-66-65-58-46-1C">
      <FullName>C:\Windows\Microsoft.Net\assembly\GAC_MSIL\System.Runtime.Remoting\v4.0_4.0.0.0__b77a5c561934e089\System.Runtime.Remoting.dll</FullName>
      <ModuleName>System.Runtime.Remoting</ModuleName>
      <Classes />
    </Module>
    <Module skippedDueTo="Filter" hash="80-32-3B-47-08-F0-74-C4-64-F6-98-9B-54-B3-69-B5-B9-29-D3-E9">
      <FullName>C:\Windows\Microsoft.Net\assembly\GAC_MSIL\System.Configuration\v4.0_4.0.0.0__b03f5f7f11d50a3a\System.Configuration.dll</FullName>
      <ModuleName>System.Configuration</ModuleName>
      <Classes />
    </Module>
    <Module skippedDueTo="Filter" hash="11-15-9E-7A-82-95-E5-7B-AF-9B-3A-27-8B-91-51-81-A8-A3-54-7A">
      <FullName>C:\Users\Matt\Documents\GitHub\SpaceWar2\SpaceWar2Tests\bin\Debug\NSubstitute.dll</FullName>
      <ModuleName>NSubstitute</ModuleName>
      <Classes />
    </Module>
    <Module skippedDueTo="Filter" hash="19-F9-AF-B7-D9-81-83-9A-D8-4B-FE-05-2D-45-99-EC-98-7C-D2-5F">
      <FullName>C:\Windows\Microsoft.Net\assembly\GAC_MSIL\System.ServiceModel\v4.0_4.0.0.0__b77a5c561934e089\System.ServiceModel.dll</FullName>
      <ModuleName>System.ServiceModel</ModuleName>
      <Classes />
    </Module>
    <Module skippedDueTo="Filter" hash="58-95-C1-AF-C4-E5-C6-BB-F3-54-7A-B0-3C-B7-C6-29-C9-42-CA-D4">
      <FullName>C:\Windows\Microsoft.Net\assembly\GAC_MSIL\System.Core\v4.0_4.0.0.0__b77a5c561934e089\System.Core.dll</FullName>
      <ModuleName>System.Core</ModuleName>
      <Classes />
    </Module>
    <Module skippedDueTo="Filter" hash="">
      <FullName>RefEmit_InMemoryManifestModule</FullName>
      <ModuleName>DynamicProxyGenAssembly2</ModuleName>
      <Classes />
    </Module>
    <Module skippedDueTo="Filter" hash="">
      <FullName>RefEmit_InMemoryManifestModule</FullName>
      <ModuleName>DynamicProxyGenAssembly2</ModuleName>
      <Classes />
    </Module>
    <Module skippedDueTo="Filter" hash="78-41-37-65-32-65-33-E1-B1-55-12-1A-BB-49-68-BD-07-C3-6B-C7">
      <FullName>C:\Windows\Microsoft.Net\assembly\GAC_32\Microsoft.Xna.Framework.Game\v4.0_4.0.0.0__842cf8be1de50553\Microsoft.Xna.Framework.Game.dll</FullName>
      <ModuleName>Microsoft.Xna.Framework.Game</ModuleName>
      <Classes />
    </Module>
    <Module skippedDueTo="Filter" hash="38-77-40-31-87-DC-35-EB-57-CB-E9-94-01-66-E5-70-21-B2-27-5B">
      <FullName>C:\Windows\Microsoft.Net\assembly\GAC_32\Microsoft.Xna.Framework.Graphics\v4.0_4.0.0.0__842cf8be1de50553\Microsoft.Xna.Framework.Graphics.dll</FullName>
      <ModuleName>Microsoft.Xna.Framework.Graphics</ModuleName>
      <Classes />
    </Module>
    <Module skippedDueTo="Filter" hash="">
      <FullName>RefEmit_InMemoryManifestModule</FullName>
      <ModuleName>Anonymously Hosted DynamicMethods Assembly</ModuleName>
      <Classes />
    </Module>
  </Modules>
</CoverageSession>