<?xml version="1.0" encoding="utf-8"?>
<CoverageSession xmlns:xsd="http://www.w3.org/2001/XMLSchema" xmlns:xsi="http://www.w3.org/2001/XMLSchema-instance">
  <Modules>
    <Module skippedDueTo="Filter" hash="11-55-C1-68-85-09-F7-92-32-09-60-56-5C-BC-45-04-ED-1B-3A-5A">
      <FullName>C:\Windows\assembly\GAC_32\mscorlib\2.0.0.0__b77a5c561934e089\mscorlib.dll</FullName>
      <ModuleName>mscorlib</ModuleName>
      <Classes />
    </Module>
    <Module skippedDueTo="Filter" hash="F9-04-A8-31-CD-FB-23-72-95-63-5D-14-9A-A0-66-8E-7F-44-93-7A">
      <FullName>C:\Windows\assembly\GAC_32\mscorlib\2.0.0.0__b77a5c561934e089\sorttbls.nlp</FullName>
      <ModuleName>mscorlib</ModuleName>
      <Classes />
    </Module>
    <Module skippedDueTo="Filter" hash="6E-30-2E-50-36-FB-60-2C-8E-50-C0-83-54-8B-CC-EA-A8-91-B6-CC">
      <FullName>C:\Windows\assembly\GAC_32\mscorlib\2.0.0.0__b77a5c561934e089\sortkey.nlp</FullName>
      <ModuleName>mscorlib</ModuleName>
      <Classes />
    </Module>
    <Module skippedDueTo="MissingPdb" hash="B5-BD-B1-31-EB-E7-3B-0E-B7-BE-C7-90-A4-B8-7E-C6-A7-20-78-A4">
      <FullName>C:\Program Files (x86)\NUnit 2.6\bin\nunit-console-x86.exe</FullName>
      <ModuleName>nunit-console-x86</ModuleName>
      <Classes />
    </Module>
    <Module skippedDueTo="MissingPdb" hash="44-96-43-B5-E5-39-0E-45-A3-FD-E1-E7-5A-9C-F7-6A-15-9A-16-18">
      <FullName>c:\Program Files (x86)\NUnit 2.6\bin\lib\nunit-console-runner.dll</FullName>
      <ModuleName>nunit-console-runner</ModuleName>
      <Classes />
    </Module>
    <Module skippedDueTo="MissingPdb" hash="7A-99-4B-0E-30-AA-4A-64-F6-D0-5F-F1-41-D9-04-6D-56-99-A6-79">
      <FullName>c:\Program Files (x86)\NUnit 2.6\bin\lib\nunit.core.dll</FullName>
      <ModuleName>nunit.core</ModuleName>
      <Classes />
    </Module>
    <Module skippedDueTo="MissingPdb" hash="C6-A4-C6-84-EB-84-41-C4-A9-30-69-92-57-02-1A-EE-1A-09-C1-61">
      <FullName>c:\Program Files (x86)\NUnit 2.6\bin\lib\nunit.util.dll</FullName>
      <ModuleName>nunit.util</ModuleName>
      <Classes />
    </Module>
    <Module skippedDueTo="MissingPdb" hash="72-C7-03-3D-46-8A-09-61-49-D7-41-77-D2-AB-3C-B0-58-18-E6-A9">
      <FullName>c:\Program Files (x86)\NUnit 2.6\bin\lib\nunit.core.interfaces.dll</FullName>
      <ModuleName>nunit.core.interfaces</ModuleName>
      <Classes />
    </Module>
    <Module skippedDueTo="Filter" hash="29-7F-1D-47-A0-C2-1E-79-72-DB-55-8B-77-17-5A-36-3F-AB-C9-49">
      <FullName>C:\Windows\assembly\GAC_MSIL\System.Configuration\2.0.0.0__b03f5f7f11d50a3a\System.Configuration.dll</FullName>
      <ModuleName>System.Configuration</ModuleName>
      <Classes />
    </Module>
    <Module skippedDueTo="Filter" hash="BB-FC-4F-FB-2F-59-91-D8-59-DF-05-A3-40-92-33-3A-F9-0E-85-6B">
      <FullName>C:\Windows\assembly\GAC_MSIL\System\2.0.0.0__b77a5c561934e089\System.dll</FullName>
      <ModuleName>System</ModuleName>
      <Classes />
    </Module>
    <Module skippedDueTo="Filter" hash="9F-38-A5-E1-C0-92-04-A9-56-32-B4-1B-B5-9F-34-1D-C5-C9-28-43">
      <FullName>C:\Windows\assembly\GAC_MSIL\System.Xml\2.0.0.0__b77a5c561934e089\System.Xml.dll</FullName>
      <ModuleName>System.Xml</ModuleName>
      <Classes />
    </Module>
    <Module skippedDueTo="Filter" hash="92-44-10-37-4C-84-2D-65-E3-A0-6A-B9-9F-01-42-6A-27-41-4A-8C">
      <FullName>C:\Windows\assembly\GAC_MSIL\System.Runtime.Remoting\2.0.0.0__b77a5c561934e089\System.Runtime.Remoting.dll</FullName>
      <ModuleName>System.Runtime.Remoting</ModuleName>
      <Classes />
    </Module>
    <Module skippedDueTo="Filter" hash="77-86-27-6F-AB-1C-1B-52-30-00-0D-0E-5E-C6-04-67-E7-6B-BC-76">
      <FullName>C:\Windows\Microsoft.Net\assembly\GAC_32\mscorlib\v4.0_4.0.0.0__b77a5c561934e089\mscorlib.dll</FullName>
      <ModuleName>mscorlib</ModuleName>
      <Classes />
    </Module>
    <Module skippedDueTo="MissingPdb" hash="6F-EF-06-61-48-92-23-78-C3-8E-DC-66-96-7D-DD-13-17-50-C0-B9">
      <FullName>c:\Program Files (x86)\NUnit 2.6\bin\nunit-agent-x86.exe</FullName>
      <ModuleName>nunit-agent-x86</ModuleName>
      <Classes />
    </Module>
    <Module skippedDueTo="MissingPdb" hash="7A-99-4B-0E-30-AA-4A-64-F6-D0-5F-F1-41-D9-04-6D-56-99-A6-79">
      <FullName>C:\Program Files (x86)\NUnit 2.6\bin\lib\nunit.core.dll</FullName>
      <ModuleName>nunit.core</ModuleName>
      <Classes />
    </Module>
    <Module skippedDueTo="MissingPdb" hash="C6-A4-C6-84-EB-84-41-C4-A9-30-69-92-57-02-1A-EE-1A-09-C1-61">
      <FullName>C:\Program Files (x86)\NUnit 2.6\bin\lib\nunit.util.dll</FullName>
      <ModuleName>nunit.util</ModuleName>
      <Classes />
    </Module>
    <Module skippedDueTo="MissingPdb" hash="72-C7-03-3D-46-8A-09-61-49-D7-41-77-D2-AB-3C-B0-58-18-E6-A9">
      <FullName>C:\Program Files (x86)\NUnit 2.6\bin\lib\nunit.core.interfaces.dll</FullName>
      <ModuleName>nunit.core.interfaces</ModuleName>
      <Classes />
    </Module>
    <Module skippedDueTo="Filter" hash="E9-D4-A8-CA-11-1C-20-94-EF-5D-D3-23-2E-E6-9B-D6-A0-70-23-7A">
      <FullName>C:\Windows\Microsoft.Net\assembly\GAC_MSIL\System\v4.0_4.0.0.0__b77a5c561934e089\System.dll</FullName>
      <ModuleName>System</ModuleName>
      <Classes />
    </Module>
    <Module skippedDueTo="Filter" hash="90-22-6B-0A-DA-23-C3-86-06-BE-44-DE-2E-D2-9B-87-C0-E3-5C-5F">
      <FullName>C:\Windows\Microsoft.Net\assembly\GAC_MSIL\System.Runtime.Remoting\v4.0_4.0.0.0__b77a5c561934e089\System.Runtime.Remoting.dll</FullName>
      <ModuleName>System.Runtime.Remoting</ModuleName>
      <Classes />
    </Module>
    <Module skippedDueTo="Filter" hash="10-B5-E0-24-E1-99-24-A5-F0-2B-17-EE-69-99-32-B5-55-DD-1D-5D">
      <FullName>C:\Windows\Microsoft.Net\assembly\GAC_MSIL\System.Configuration\v4.0_4.0.0.0__b03f5f7f11d50a3a\System.Configuration.dll</FullName>
      <ModuleName>System.Configuration</ModuleName>
      <Classes />
    </Module>
    <Module skippedDueTo="Filter" hash="7C-0D-5E-E8-2D-81-8E-D4-B9-71-0C-26-68-3B-F7-6D-CB-6B-F8-2F">
      <FullName>C:\Windows\Microsoft.Net\assembly\GAC_MSIL\System.Xml\v4.0_4.0.0.0__b77a5c561934e089\System.Xml.dll</FullName>
      <ModuleName>System.Xml</ModuleName>
      <Classes />
    </Module>
    <Module skippedDueTo="Filter" hash="19-E5-19-26-92-71-EE-AF-A2-CD-90-F8-50-3D-DB-2B-4D-8A-CB-72">
      <FullName>C:\Windows\Microsoft.Net\assembly\GAC_32\System.Web\v4.0_4.0.0.0__b03f5f7f11d50a3a\System.Web.dll</FullName>
      <ModuleName>System.Web</ModuleName>
      <Classes />
    </Module>
    <Module skippedDueTo="Filter" hash="17-78-87-3F-61-F6-56-22-48-AA-7B-D5-6B-6E-8F-46-94-F2-83-B0">
      <FullName>C:\Windows\assembly\GAC_32\System.Web\2.0.0.0__b03f5f7f11d50a3a\System.Web.dll</FullName>
      <ModuleName>System.Web</ModuleName>
      <Classes />
    </Module>
    <Module skippedDueTo="MissingPdb" hash="7A-99-4B-0E-30-AA-4A-64-F6-D0-5F-F1-41-D9-04-6D-56-99-A6-79">
      <FullName>C:\Program Files (x86)\NUnit 2.6\bin\lib\nunit.core.dll</FullName>
      <ModuleName>nunit.core</ModuleName>
      <Classes />
    </Module>
    <Module skippedDueTo="Filter" hash="E9-D4-A8-CA-11-1C-20-94-EF-5D-D3-23-2E-E6-9B-D6-A0-70-23-7A">
      <FullName>C:\Windows\Microsoft.Net\assembly\GAC_MSIL\System\v4.0_4.0.0.0__b77a5c561934e089\System.dll</FullName>
      <ModuleName>System</ModuleName>
      <Classes />
    </Module>
    <Module skippedDueTo="MissingPdb" hash="72-C7-03-3D-46-8A-09-61-49-D7-41-77-D2-AB-3C-B0-58-18-E6-A9">
      <FullName>C:\Program Files (x86)\NUnit 2.6\bin\lib\nunit.core.interfaces.dll</FullName>
      <ModuleName>nunit.core.interfaces</ModuleName>
      <Classes />
    </Module>
    <Module hash="B0-FE-63-DD-09-FD-85-ED-C6-E6-54-E6-60-40-F8-2C-80-C0-C4-7A">
      <FullName>C:\users\dave\Documents\Visual Studio 2010\Projects\SpaceWar2\SpaceWar2Tests\bin\Debug\DEMW.SpaceWar2Tests.dll</FullName>
      <ModuleName>DEMW.SpaceWar2Tests</ModuleName>
      <Files>
        <File uid="1" fullPath="C:\Users\Dave\Documents\Visual Studio 2010\Projects\SpaceWar2\SpaceWar2Tests\GameObjects\ShipComponents\EnergyStoreTests.cs" />
        <File uid="2" fullPath="C:\Users\Dave\Documents\Visual Studio 2010\Projects\SpaceWar2\SpaceWar2Tests\GameObjects\ShipComponents\ThrusterArrayTests.cs" />
        <File uid="3" fullPath="C:\Users\Dave\Documents\Visual Studio 2010\Projects\SpaceWar2\SpaceWar2Tests\GameObjects\SunTests.cs" />
        <File uid="4" fullPath="C:\Users\Dave\Documents\Visual Studio 2010\Projects\SpaceWar2\SpaceWar2Tests\Controls\KeyboardControllerTests.cs" />
        <File uid="5" fullPath="C:\Users\Dave\Documents\Visual Studio 2010\Projects\SpaceWar2\SpaceWar2Tests\Controls\ShipActionTests.cs" />
        <File uid="6" fullPath="C:\Users\Dave\Documents\Visual Studio 2010\Projects\SpaceWar2\SpaceWar2Tests\GameObjects\ShipComponents\ThrusterTests.cs" />
        <File uid="7" fullPath="C:\Users\Dave\Documents\Visual Studio 2010\Projects\SpaceWar2\SpaceWar2Tests\GameObjects\ShipComponents\ShieldTests.cs" />
        <File uid="9" fullPath="C:\Users\Dave\Documents\Visual Studio 2010\Projects\SpaceWar2\SpaceWar2Tests\Physics\GravitySimulatorTests.cs" />
        <File uid="10" fullPath="C:\Users\Dave\Documents\Visual Studio 2010\Projects\SpaceWar2\SpaceWar2Tests\Controls\NullShipControllerTests.cs" />
        <File uid="11" fullPath="C:\Users\Dave\Documents\Visual Studio 2010\Projects\SpaceWar2\SpaceWar2Tests\GameObjects\ShipComponents\HullTests.cs" />
        <File uid="12" fullPath="C:\Users\Dave\Documents\Visual Studio 2010\Projects\SpaceWar2\SpaceWar2Tests\Physics\ForceTests.cs" />
        <File uid="13" fullPath="C:\Users\Dave\Documents\Visual Studio 2010\Projects\SpaceWar2\SpaceWar2Tests\Physics\UniverseTests.cs" />
      </Files>
      <Classes>
        <Class>
          <FullName>&lt;Module&gt;</FullName>
          <Methods />
        </Class>
        <Class>
          <FullName>DEMW.SpaceWar2Tests.GameObjects.ShipComponents.EnergyStoreTests</FullName>
          <Methods>
            <Method visited="true" cyclomaticComplexity="1" sequenceCoverage="100" branchCoverage="100" isConstructor="false" isStatic="false" isGetter="false" isSetter="false">
              <MetadataToken>100663297</MetadataToken>
              <Name>System.Void DEMW.SpaceWar2Tests.GameObjects.ShipComponents.EnergyStoreTests::SetUp()</Name>
              <FileRef uid="1" />
              <SequencePoints>
                <SequencePoint vc="10" uspid="1" ordinal="0" offset="0" sl="16" sc="9" el="16" ec="10" />
                <SequencePoint vc="10" uspid="2" ordinal="1" offset="1" sl="17" sc="13" el="17" ec="68" />
                <SequencePoint vc="10" uspid="3" ordinal="2" offset="22" sl="18" sc="9" el="18" ec="10" />
              </SequencePoints>
              <BranchPoints />
              <MethodPoint xsi:type="SequencePoint" vc="10" uspid="1" ordinal="0" offset="0" sl="16" sc="9" el="16" ec="10" />
            </Method>
            <Method visited="true" cyclomaticComplexity="1" sequenceCoverage="100" branchCoverage="100" isConstructor="false" isStatic="false" isGetter="false" isSetter="false">
              <MetadataToken>100663298</MetadataToken>
              <Name>System.Void DEMW.SpaceWar2Tests.GameObjects.ShipComponents.EnergyStoreTests::Level_is_maximum_initially()</Name>
              <FileRef uid="1" />
              <SequencePoints>
                <SequencePoint vc="1" uspid="4" ordinal="0" offset="0" sl="22" sc="9" el="22" ec="10" />
                <SequencePoint vc="1" uspid="5" ordinal="1" offset="1" sl="23" sc="13" el="23" ec="59" />
                <SequencePoint vc="1" uspid="6" ordinal="2" offset="33" sl="24" sc="9" el="24" ec="10" />
              </SequencePoints>
              <BranchPoints />
              <MethodPoint xsi:type="SequencePoint" vc="1" uspid="4" ordinal="0" offset="0" sl="22" sc="9" el="22" ec="10" />
            </Method>
            <Method visited="true" cyclomaticComplexity="1" sequenceCoverage="100" branchCoverage="100" isConstructor="false" isStatic="false" isGetter="false" isSetter="false">
              <MetadataToken>100663299</MetadataToken>
              <Name>System.Void DEMW.SpaceWar2Tests.GameObjects.ShipComponents.EnergyStoreTests::Request_energy_with_sufficient_energy_returns_correct_amount_and_reduces_level()</Name>
              <FileRef uid="1" />
              <SequencePoints>
                <SequencePoint vc="1" uspid="7" ordinal="0" offset="0" sl="28" sc="9" el="28" ec="10" />
                <SequencePoint vc="1" uspid="8" ordinal="1" offset="1" sl="31" sc="13" el="31" ec="77" />
                <SequencePoint vc="1" uspid="9" ordinal="2" offset="18" sl="33" sc="13" el="33" ec="112" />
                <SequencePoint vc="1" uspid="10" ordinal="3" offset="45" sl="34" sc="13" el="34" ec="128" />
                <SequencePoint vc="1" uspid="11" ordinal="4" offset="84" sl="35" sc="9" el="35" ec="10" />
              </SequencePoints>
              <BranchPoints />
              <MethodPoint xsi:type="SequencePoint" vc="1" uspid="7" ordinal="0" offset="0" sl="28" sc="9" el="28" ec="10" />
            </Method>
            <Method visited="true" cyclomaticComplexity="1" sequenceCoverage="100" branchCoverage="100" isConstructor="false" isStatic="false" isGetter="false" isSetter="false">
              <MetadataToken>100663300</MetadataToken>
              <Name>System.Void DEMW.SpaceWar2Tests.GameObjects.ShipComponents.EnergyStoreTests::Request_energy_with_only_partial_energy_available_returns_all_available_and_level_reduces_to_zero()</Name>
              <FileRef uid="1" />
              <SequencePoints>
                <SequencePoint vc="1" uspid="12" ordinal="0" offset="0" sl="39" sc="9" el="39" ec="10" />
                <SequencePoint vc="1" uspid="13" ordinal="1" offset="1" sl="42" sc="13" el="42" ec="77" />
                <SequencePoint vc="1" uspid="14" ordinal="2" offset="18" sl="44" sc="13" el="44" ec="110" />
                <SequencePoint vc="1" uspid="15" ordinal="3" offset="45" sl="45" sc="13" el="45" ec="93" />
                <SequencePoint vc="1" uspid="16" ordinal="4" offset="82" sl="46" sc="9" el="46" ec="10" />
              </SequencePoints>
              <BranchPoints />
              <MethodPoint xsi:type="SequencePoint" vc="1" uspid="12" ordinal="0" offset="0" sl="39" sc="9" el="39" ec="10" />
            </Method>
            <Method visited="true" cyclomaticComplexity="1" sequenceCoverage="100" branchCoverage="100" isConstructor="false" isStatic="false" isGetter="false" isSetter="false">
              <MetadataToken>100663301</MetadataToken>
              <Name>System.Void DEMW.SpaceWar2Tests.GameObjects.ShipComponents.EnergyStoreTests::Request_energy_with_no_energy_available_returns_zero_and_level_remains_zero()</Name>
              <FileRef uid="1" />
              <SequencePoints>
                <SequencePoint vc="1" uspid="17" ordinal="0" offset="0" sl="50" sc="9" el="50" ec="10" />
                <SequencePoint vc="1" uspid="18" ordinal="1" offset="1" sl="53" sc="13" el="53" ec="50" />
                <SequencePoint vc="1" uspid="19" ordinal="2" offset="18" sl="55" sc="13" el="55" ec="77" />
                <SequencePoint vc="1" uspid="20" ordinal="3" offset="35" sl="57" sc="13" el="57" ec="82" />
                <SequencePoint vc="1" uspid="21" ordinal="4" offset="62" sl="58" sc="13" el="58" ec="90" />
                <SequencePoint vc="1" uspid="22" ordinal="5" offset="99" sl="59" sc="9" el="59" ec="10" />
              </SequencePoints>
              <BranchPoints />
              <MethodPoint xsi:type="SequencePoint" vc="1" uspid="17" ordinal="0" offset="0" sl="50" sc="9" el="50" ec="10" />
            </Method>
            <Method visited="true" cyclomaticComplexity="1" sequenceCoverage="100" branchCoverage="100" isConstructor="false" isStatic="false" isGetter="false" isSetter="false">
              <MetadataToken>100663302</MetadataToken>
              <Name>System.Void DEMW.SpaceWar2Tests.GameObjects.ShipComponents.EnergyStoreTests::Request_energy_with_zero_argument_returns_zero_and_does_not_change_level()</Name>
              <FileRef uid="1" />
              <SequencePoints>
                <SequencePoint vc="1" uspid="23" ordinal="0" offset="0" sl="63" sc="9" el="63" ec="10" />
                <SequencePoint vc="1" uspid="24" ordinal="1" offset="1" sl="64" sc="13" el="64" ec="65" />
                <SequencePoint vc="1" uspid="25" ordinal="2" offset="18" sl="66" sc="13" el="66" ec="82" />
                <SequencePoint vc="1" uspid="26" ordinal="3" offset="45" sl="67" sc="13" el="67" ec="84" />
                <SequencePoint vc="1" uspid="27" ordinal="4" offset="82" sl="68" sc="9" el="68" ec="10" />
              </SequencePoints>
              <BranchPoints />
              <MethodPoint xsi:type="SequencePoint" vc="1" uspid="23" ordinal="0" offset="0" sl="63" sc="9" el="63" ec="10" />
            </Method>
            <Method visited="true" cyclomaticComplexity="1" sequenceCoverage="100" branchCoverage="100" isConstructor="false" isStatic="false" isGetter="false" isSetter="false">
              <MetadataToken>100663303</MetadataToken>
              <Name>System.Void DEMW.SpaceWar2Tests.GameObjects.ShipComponents.EnergyStoreTests::Request_energy_with_negative_argument_throws_exception()</Name>
              <FileRef uid="1" />
              <SequencePoints>
                <SequencePoint vc="1" uspid="28" ordinal="0" offset="0" sl="72" sc="9" el="72" ec="10" />
                <SequencePoint vc="1" uspid="29" ordinal="1" offset="1" sl="73" sc="13" el="73" ec="86" />
                <SequencePoint vc="1" uspid="30" ordinal="2" offset="19" sl="75" sc="13" el="75" ec="59" />
                <SequencePoint vc="1" uspid="31" ordinal="3" offset="51" sl="76" sc="9" el="76" ec="10" />
              </SequencePoints>
              <BranchPoints />
              <MethodPoint xsi:type="SequencePoint" vc="1" uspid="28" ordinal="0" offset="0" sl="72" sc="9" el="72" ec="10" />
            </Method>
            <Method visited="true" cyclomaticComplexity="1" sequenceCoverage="100" branchCoverage="100" isConstructor="false" isStatic="false" isGetter="false" isSetter="false">
              <MetadataToken>100663304</MetadataToken>
              <Name>System.Void DEMW.SpaceWar2Tests.GameObjects.ShipComponents.EnergyStoreTests::Recharge_increases_level_by_recharge_rate_deltaT()</Name>
              <FileRef uid="1" />
              <SequencePoints>
                <SequencePoint vc="1" uspid="32" ordinal="0" offset="0" sl="80" sc="9" el="80" ec="10" />
                <SequencePoint vc="1" uspid="33" ordinal="1" offset="1" sl="84" sc="13" el="84" ec="57" />
                <SequencePoint vc="1" uspid="34" ordinal="2" offset="18" sl="86" sc="13" el="86" ec="43" />
                <SequencePoint vc="1" uspid="35" ordinal="3" offset="35" sl="88" sc="13" el="88" ec="101" />
                <SequencePoint vc="1" uspid="36" ordinal="4" offset="67" sl="89" sc="9" el="89" ec="10" />
              </SequencePoints>
              <BranchPoints />
              <MethodPoint xsi:type="SequencePoint" vc="1" uspid="32" ordinal="0" offset="0" sl="80" sc="9" el="80" ec="10" />
            </Method>
            <Method visited="true" cyclomaticComplexity="1" sequenceCoverage="100" branchCoverage="100" isConstructor="false" isStatic="false" isGetter="false" isSetter="false">
              <MetadataToken>100663305</MetadataToken>
              <Name>System.Void DEMW.SpaceWar2Tests.GameObjects.ShipComponents.EnergyStoreTests::Recharge_only_increases_up_to_max_level()</Name>
              <FileRef uid="1" />
              <SequencePoints>
                <SequencePoint vc="1" uspid="37" ordinal="0" offset="0" sl="93" sc="9" el="93" ec="10" />
                <SequencePoint vc="1" uspid="38" ordinal="1" offset="1" sl="97" sc="13" el="97" ec="57" />
                <SequencePoint vc="1" uspid="39" ordinal="2" offset="18" sl="99" sc="13" el="99" ec="43" />
                <SequencePoint vc="1" uspid="40" ordinal="3" offset="35" sl="101" sc="13" el="101" ec="59" />
                <SequencePoint vc="1" uspid="41" ordinal="4" offset="67" sl="102" sc="9" el="102" ec="10" />
              </SequencePoints>
              <BranchPoints />
              <MethodPoint xsi:type="SequencePoint" vc="1" uspid="37" ordinal="0" offset="0" sl="93" sc="9" el="93" ec="10" />
            </Method>
            <Method visited="true" cyclomaticComplexity="1" sequenceCoverage="100" branchCoverage="100" isConstructor="false" isStatic="false" isGetter="false" isSetter="false">
              <MetadataToken>100663306</MetadataToken>
              <Name>System.Void DEMW.SpaceWar2Tests.GameObjects.ShipComponents.EnergyStoreTests::Recharge_with_zero_parameter_does_nothing()</Name>
              <FileRef uid="1" />
              <SequencePoints>
                <SequencePoint vc="1" uspid="42" ordinal="0" offset="0" sl="106" sc="9" el="106" ec="10" />
                <SequencePoint vc="1" uspid="43" ordinal="1" offset="1" sl="109" sc="13" el="109" ec="57" />
                <SequencePoint vc="1" uspid="44" ordinal="2" offset="18" sl="111" sc="13" el="111" ec="39" />
                <SequencePoint vc="1" uspid="45" ordinal="3" offset="35" sl="113" sc="13" el="113" ec="77" />
                <SequencePoint vc="1" uspid="46" ordinal="4" offset="67" sl="114" sc="9" el="114" ec="10" />
              </SequencePoints>
              <BranchPoints />
              <MethodPoint xsi:type="SequencePoint" vc="1" uspid="42" ordinal="0" offset="0" sl="106" sc="9" el="106" ec="10" />
            </Method>
            <Method visited="true" cyclomaticComplexity="1" sequenceCoverage="100" branchCoverage="100" isConstructor="false" isStatic="false" isGetter="false" isSetter="false">
              <MetadataToken>100663307</MetadataToken>
              <Name>System.Void DEMW.SpaceWar2Tests.GameObjects.ShipComponents.EnergyStoreTests::Recharge_with_negative_parameter_throws_exception()</Name>
              <FileRef uid="1" />
              <SequencePoints>
                <SequencePoint vc="1" uspid="47" ordinal="0" offset="0" sl="118" sc="9" el="118" ec="10" />
                <SequencePoint vc="1" uspid="48" ordinal="1" offset="1" sl="119" sc="13" el="119" ec="81" />
                <SequencePoint vc="1" uspid="49" ordinal="2" offset="19" sl="120" sc="9" el="120" ec="10" />
              </SequencePoints>
              <BranchPoints />
              <MethodPoint xsi:type="SequencePoint" vc="1" uspid="47" ordinal="0" offset="0" sl="118" sc="9" el="118" ec="10" />
            </Method>
            <Method visited="true" cyclomaticComplexity="1" sequenceCoverage="0" branchCoverage="0" isConstructor="true" isStatic="false" isGetter="false" isSetter="false">
              <MetadataToken>100663308</MetadataToken>
              <Name>System.Void DEMW.SpaceWar2Tests.GameObjects.ShipComponents.EnergyStoreTests::.ctor()</Name>
              <SequencePoints />
              <BranchPoints />
              <MethodPoint vc="1" uspid="50" ordinal="0" offset="0" />
            </Method>
            <Method visited="true" cyclomaticComplexity="1" sequenceCoverage="100" branchCoverage="100" isConstructor="false" isStatic="false" isGetter="false" isSetter="false">
              <MetadataToken>100663309</MetadataToken>
              <Name>System.Void DEMW.SpaceWar2Tests.GameObjects.ShipComponents.EnergyStoreTests::&lt;Request_energy_with_negative_argument_throws_exception&gt;b__0()</Name>
              <FileRef uid="1" />
              <SequencePoints>
                <SequencePoint vc="1" uspid="51" ordinal="0" offset="0" sl="73" sc="52" el="73" ec="84" />
              </SequencePoints>
              <BranchPoints />
              <MethodPoint xsi:type="SequencePoint" vc="1" uspid="51" ordinal="0" offset="0" sl="73" sc="52" el="73" ec="84" />
            </Method>
            <Method visited="true" cyclomaticComplexity="1" sequenceCoverage="100" branchCoverage="100" isConstructor="false" isStatic="false" isGetter="false" isSetter="false">
              <MetadataToken>100663310</MetadataToken>
              <Name>System.Void DEMW.SpaceWar2Tests.GameObjects.ShipComponents.EnergyStoreTests::&lt;Recharge_with_negative_parameter_throws_exception&gt;b__1()</Name>
              <FileRef uid="1" />
              <SequencePoints>
                <SequencePoint vc="1" uspid="52" ordinal="0" offset="0" sl="119" sc="52" el="119" ec="79" />
              </SequencePoints>
              <BranchPoints />
              <MethodPoint xsi:type="SequencePoint" vc="1" uspid="52" ordinal="0" offset="0" sl="119" sc="52" el="119" ec="79" />
            </Method>
          </Methods>
        </Class>
        <Class>
          <FullName>DEMW.SpaceWar2Tests.GameObjects.ShipTests</FullName>
          <Methods>
            <Method visited="true" cyclomaticComplexity="1" sequenceCoverage="0" branchCoverage="0" isConstructor="true" isStatic="false" isGetter="false" isSetter="false">
              <MetadataToken>100663311</MetadataToken>
              <Name>System.Void DEMW.SpaceWar2Tests.GameObjects.ShipTests::.ctor()</Name>
              <SequencePoints />
              <BranchPoints />
              <MethodPoint vc="1" uspid="53" ordinal="0" offset="0" />
            </Method>
          </Methods>
        </Class>
        <Class>
          <FullName>DEMW.SpaceWar2Tests.GameObjects.ShipComponents.ThrustArrayTests</FullName>
          <Methods>
            <Method visited="true" cyclomaticComplexity="1" sequenceCoverage="100" branchCoverage="100" isConstructor="false" isStatic="false" isGetter="false" isSetter="false">
              <MetadataToken>100663312</MetadataToken>
              <Name>System.Void DEMW.SpaceWar2Tests.GameObjects.ShipComponents.ThrustArrayTests::Setup()</Name>
              <FileRef uid="2" />
              <SequencePoints>
                <SequencePoint vc="10" uspid="54" ordinal="0" offset="0" sl="21" sc="9" el="21" ec="10" />
                <SequencePoint vc="10" uspid="55" ordinal="1" offset="1" sl="22" sc="13" el="22" ec="45" />
                <SequencePoint vc="10" uspid="56" ordinal="2" offset="18" sl="23" sc="13" el="23" ec="38" />
                <SequencePoint vc="10" uspid="57" ordinal="3" offset="46" sl="24" sc="13" el="24" ec="46" />
                <SequencePoint vc="10" uspid="58" ordinal="4" offset="74" sl="25" sc="13" el="25" ec="55" />
                <SequencePoint vc="10" uspid="59" ordinal="5" offset="91" sl="27" sc="13" el="27" ec="68" />
                <SequencePoint vc="10" uspid="60" ordinal="6" offset="119" sl="28" sc="13" el="28" ec="68" />
                <SequencePoint vc="10" uspid="61" ordinal="7" offset="146" sl="29" sc="9" el="29" ec="10" />
              </SequencePoints>
              <BranchPoints />
              <MethodPoint xsi:type="SequencePoint" vc="10" uspid="54" ordinal="0" offset="0" sl="21" sc="9" el="21" ec="10" />
            </Method>
            <Method visited="true" cyclomaticComplexity="1" sequenceCoverage="100" branchCoverage="100" isConstructor="false" isStatic="false" isGetter="false" isSetter="false">
              <MetadataToken>100663313</MetadataToken>
              <Name>System.Void DEMW.SpaceWar2Tests.GameObjects.ShipComponents.ThrustArrayTests::EngageThrusters_does_not_thrust_when_called_with_no_ShipActions()</Name>
              <FileRef uid="2" />
              <SequencePoints>
                <SequencePoint vc="1" uspid="62" ordinal="0" offset="0" sl="33" sc="9" el="33" ec="10" />
                <SequencePoint vc="1" uspid="63" ordinal="1" offset="1" sl="34" sc="13" el="34" ec="68" />
                <SequencePoint vc="1" uspid="64" ordinal="2" offset="14" sl="36" sc="13" el="36" ec="51" />
                <SequencePoint vc="1" uspid="65" ordinal="3" offset="36" sl="37" sc="13" el="37" ec="72" />
                <SequencePoint vc="1" uspid="66" ordinal="4" offset="58" sl="38" sc="9" el="38" ec="10" />
              </SequencePoints>
              <BranchPoints />
              <MethodPoint xsi:type="SequencePoint" vc="1" uspid="62" ordinal="0" offset="0" sl="33" sc="9" el="33" ec="10" />
            </Method>
            <Method visited="true" cyclomaticComplexity="1" sequenceCoverage="100" branchCoverage="100" isConstructor="false" isStatic="false" isGetter="false" isSetter="false">
              <MetadataToken>100663314</MetadataToken>
              <Name>System.Void DEMW.SpaceWar2Tests.GameObjects.ShipComponents.ThrustArrayTests::EngageThrusters_does_not_thrust_when_thrust_and_reverse_together()</Name>
              <FileRef uid="2" />
              <SequencePoints>
                <SequencePoint vc="1" uspid="67" ordinal="0" offset="0" sl="42" sc="9" el="42" ec="10" />
                <SequencePoint vc="1" uspid="68" ordinal="1" offset="1" sl="43" sc="13" el="43" ec="97" />
                <SequencePoint vc="1" uspid="69" ordinal="2" offset="15" sl="44" sc="13" el="44" ec="46" />
                <SequencePoint vc="1" uspid="70" ordinal="3" offset="27" sl="46" sc="13" el="46" ec="51" />
                <SequencePoint vc="1" uspid="71" ordinal="4" offset="49" sl="47" sc="13" el="47" ec="72" />
                <SequencePoint vc="1" uspid="72" ordinal="5" offset="71" sl="48" sc="9" el="48" ec="10" />
              </SequencePoints>
              <BranchPoints />
              <MethodPoint xsi:type="SequencePoint" vc="1" uspid="67" ordinal="0" offset="0" sl="42" sc="9" el="42" ec="10" />
            </Method>
            <Method visited="true" cyclomaticComplexity="1" sequenceCoverage="100" branchCoverage="100" isConstructor="false" isStatic="false" isGetter="false" isSetter="false">
              <MetadataToken>100663315</MetadataToken>
              <Name>System.Void DEMW.SpaceWar2Tests.GameObjects.ShipComponents.ThrustArrayTests::EngageThrusters_does_not_thrust_when_left_and_right_together()</Name>
              <FileRef uid="2" />
              <SequencePoints>
                <SequencePoint vc="1" uspid="73" ordinal="0" offset="0" sl="52" sc="9" el="52" ec="10" />
                <SequencePoint vc="1" uspid="74" ordinal="1" offset="1" sl="53" sc="13" el="53" ec="95" />
                <SequencePoint vc="1" uspid="75" ordinal="2" offset="14" sl="54" sc="13" el="54" ec="46" />
                <SequencePoint vc="1" uspid="76" ordinal="3" offset="26" sl="56" sc="13" el="56" ec="51" />
                <SequencePoint vc="1" uspid="77" ordinal="4" offset="48" sl="57" sc="13" el="57" ec="72" />
                <SequencePoint vc="1" uspid="78" ordinal="5" offset="70" sl="58" sc="9" el="58" ec="10" />
              </SequencePoints>
              <BranchPoints />
              <MethodPoint xsi:type="SequencePoint" vc="1" uspid="73" ordinal="0" offset="0" sl="52" sc="9" el="52" ec="10" />
            </Method>
            <Method visited="true" cyclomaticComplexity="1" sequenceCoverage="100" branchCoverage="100" isConstructor="false" isStatic="false" isGetter="false" isSetter="false">
              <MetadataToken>100663316</MetadataToken>
              <Name>System.Void DEMW.SpaceWar2Tests.GameObjects.ShipComponents.ThrustArrayTests::EngageThrusters_applies_forward_force_when_Thrust_pressed()</Name>
              <FileRef uid="2" />
              <SequencePoints>
                <SequencePoint vc="1" uspid="79" ordinal="0" offset="13" sl="62" sc="9" el="62" ec="10" />
                <SequencePoint vc="1" uspid="80" ordinal="1" offset="14" sl="63" sc="13" el="63" ec="53" />
                <SequencePoint vc="1" uspid="81" ordinal="2" offset="47" sl="64" sc="13" el="64" ec="70" />
                <SequencePoint vc="1" uspid="82" ordinal="3" offset="60" sl="65" sc="13" el="65" ec="46" />
                <SequencePoint vc="1" uspid="83" ordinal="4" offset="72" sl="67" sc="13" el="67" ec="77" />
                <SequencePoint vc="1" uspid="84" ordinal="5" offset="98" sl="69" sc="13" el="69" ec="51" />
                <SequencePoint vc="1" uspid="85" ordinal="6" offset="120" sl="70" sc="13" el="70" ec="68" />
                <SequencePoint vc="1" uspid="86" ordinal="7" offset="143" sl="71" sc="13" el="72" ec="107" />
                <SequencePoint vc="1" uspid="87" ordinal="8" offset="349" sl="73" sc="13" el="74" ec="108" />
                <SequencePoint vc="1" uspid="88" ordinal="9" offset="555" sl="75" sc="9" el="75" ec="10" />
              </SequencePoints>
              <BranchPoints />
              <MethodPoint vc="1" uspid="89" ordinal="0" offset="0" />
            </Method>
            <Method visited="true" cyclomaticComplexity="1" sequenceCoverage="100" branchCoverage="100" isConstructor="false" isStatic="false" isGetter="false" isSetter="false">
              <MetadataToken>100663317</MetadataToken>
              <Name>System.Void DEMW.SpaceWar2Tests.GameObjects.ShipComponents.ThrustArrayTests::EngageThrusters_applies_backwards_force_when_ReverseThrust_pressed()</Name>
              <FileRef uid="2" />
              <SequencePoints>
                <SequencePoint vc="1" uspid="90" ordinal="0" offset="13" sl="79" sc="9" el="79" ec="10" />
                <SequencePoint vc="1" uspid="91" ordinal="1" offset="14" sl="80" sc="13" el="80" ec="53" />
                <SequencePoint vc="1" uspid="92" ordinal="2" offset="47" sl="81" sc="13" el="81" ec="77" />
                <SequencePoint vc="1" uspid="93" ordinal="3" offset="60" sl="82" sc="13" el="82" ec="46" />
                <SequencePoint vc="1" uspid="94" ordinal="4" offset="72" sl="84" sc="13" el="84" ec="76" />
                <SequencePoint vc="1" uspid="95" ordinal="5" offset="98" sl="86" sc="13" el="86" ec="51" />
                <SequencePoint vc="1" uspid="96" ordinal="6" offset="120" sl="87" sc="13" el="87" ec="68" />
                <SequencePoint vc="1" uspid="97" ordinal="7" offset="143" sl="88" sc="13" el="89" ec="107" />
                <SequencePoint vc="1" uspid="98" ordinal="8" offset="349" sl="90" sc="13" el="91" ec="108" />
                <SequencePoint vc="1" uspid="99" ordinal="9" offset="555" sl="92" sc="9" el="92" ec="10" />
              </SequencePoints>
              <BranchPoints />
              <MethodPoint vc="1" uspid="100" ordinal="0" offset="0" />
            </Method>
            <Method visited="true" cyclomaticComplexity="1" sequenceCoverage="100" branchCoverage="100" isConstructor="false" isStatic="false" isGetter="false" isSetter="false">
              <MetadataToken>100663318</MetadataToken>
              <Name>System.Void DEMW.SpaceWar2Tests.GameObjects.ShipComponents.ThrustArrayTests::EngageThrusters_applies_suitable_rotational_forces_when_right_pressed()</Name>
              <FileRef uid="2" />
              <SequencePoints>
                <SequencePoint vc="1" uspid="101" ordinal="0" offset="13" sl="96" sc="9" el="96" ec="10" />
                <SequencePoint vc="1" uspid="102" ordinal="1" offset="14" sl="97" sc="13" el="97" ec="55" />
                <SequencePoint vc="1" uspid="103" ordinal="2" offset="47" sl="98" sc="13" el="98" ec="73" />
                <SequencePoint vc="1" uspid="104" ordinal="3" offset="60" sl="99" sc="13" el="99" ec="46" />
                <SequencePoint vc="1" uspid="105" ordinal="4" offset="72" sl="101" sc="13" el="101" ec="85" />
                <SequencePoint vc="1" uspid="106" ordinal="5" offset="98" sl="102" sc="13" el="102" ec="85" />
                <SequencePoint vc="1" uspid="107" ordinal="6" offset="124" sl="104" sc="13" el="104" ec="68" />
                <SequencePoint vc="1" uspid="108" ordinal="7" offset="147" sl="105" sc="13" el="106" ec="107" />
                <SequencePoint vc="1" uspid="109" ordinal="8" offset="353" sl="107" sc="13" el="108" ec="109" />
                <SequencePoint vc="1" uspid="110" ordinal="9" offset="559" sl="109" sc="9" el="109" ec="10" />
              </SequencePoints>
              <BranchPoints />
              <MethodPoint vc="1" uspid="111" ordinal="0" offset="0" />
            </Method>
            <Method visited="true" cyclomaticComplexity="1" sequenceCoverage="70" branchCoverage="100" isConstructor="false" isStatic="false" isGetter="false" isSetter="false">
              <MetadataToken>100663319</MetadataToken>
              <Name>System.Void DEMW.SpaceWar2Tests.GameObjects.ShipComponents.ThrustArrayTests::EngageThrusters_applies_suitable_forces_when_forward_and_right_pressed()</Name>
              <FileRef uid="2" />
              <SequencePoints>
                <SequencePoint vc="1" uspid="112" ordinal="0" offset="13" sl="113" sc="9" el="113" ec="10" />
                <SequencePoint vc="1" uspid="113" ordinal="1" offset="14" sl="114" sc="13" el="114" ec="55" />
                <SequencePoint vc="1" uspid="114" ordinal="2" offset="47" sl="115" sc="13" el="115" ec="93" />
                <SequencePoint vc="1" uspid="115" ordinal="3" offset="60" sl="116" sc="13" el="116" ec="46" />
                <SequencePoint vc="1" uspid="116" ordinal="4" offset="72" sl="118" sc="13" el="118" ec="88" />
                <SequencePoint vc="1" uspid="117" ordinal="5" offset="98" sl="119" sc="13" el="119" ec="82" />
                <SequencePoint vc="1" uspid="118" ordinal="6" offset="124" sl="121" sc="13" el="121" ec="68" />
                <SequencePoint vc="0" uspid="119" ordinal="7" offset="147" sl="122" sc="13" el="123" ec="111" />
                <SequencePoint vc="0" uspid="120" ordinal="8" offset="353" sl="124" sc="13" el="125" ec="113" />
                <SequencePoint vc="0" uspid="121" ordinal="9" offset="559" sl="126" sc="9" el="126" ec="10" />
              </SequencePoints>
              <BranchPoints />
              <MethodPoint vc="1" uspid="122" ordinal="0" offset="0" />
            </Method>
            <Method visited="true" cyclomaticComplexity="1" sequenceCoverage="100" branchCoverage="100" isConstructor="false" isStatic="false" isGetter="false" isSetter="false">
              <MetadataToken>100663320</MetadataToken>
              <Name>System.Void DEMW.SpaceWar2Tests.GameObjects.ShipComponents.ThrustArrayTests::EngageThrusters_applies_suitable_rotational_forces_when_left_pressed()</Name>
              <FileRef uid="2" />
              <SequencePoints>
                <SequencePoint vc="1" uspid="123" ordinal="0" offset="13" sl="130" sc="9" el="130" ec="10" />
                <SequencePoint vc="1" uspid="124" ordinal="1" offset="14" sl="131" sc="13" el="131" ec="55" />
                <SequencePoint vc="1" uspid="125" ordinal="2" offset="47" sl="132" sc="13" el="132" ec="72" />
                <SequencePoint vc="1" uspid="126" ordinal="3" offset="60" sl="133" sc="13" el="133" ec="46" />
                <SequencePoint vc="1" uspid="127" ordinal="4" offset="72" sl="135" sc="13" el="135" ec="85" />
                <SequencePoint vc="1" uspid="128" ordinal="5" offset="98" sl="136" sc="13" el="136" ec="85" />
                <SequencePoint vc="1" uspid="129" ordinal="6" offset="124" sl="138" sc="13" el="138" ec="68" />
                <SequencePoint vc="1" uspid="130" ordinal="7" offset="147" sl="139" sc="13" el="140" ec="108" />
                <SequencePoint vc="1" uspid="131" ordinal="8" offset="353" sl="141" sc="13" el="142" ec="108" />
                <SequencePoint vc="1" uspid="132" ordinal="9" offset="559" sl="143" sc="9" el="143" ec="10" />
              </SequencePoints>
              <BranchPoints />
              <MethodPoint vc="1" uspid="133" ordinal="0" offset="0" />
            </Method>
            <Method visited="true" cyclomaticComplexity="1" sequenceCoverage="100" branchCoverage="100" isConstructor="false" isStatic="false" isGetter="false" isSetter="false">
              <MetadataToken>100663321</MetadataToken>
              <Name>System.Void DEMW.SpaceWar2Tests.GameObjects.ShipComponents.ThrustArrayTests::EngageThrusters_scales_back_all_thrusters_evenly_when_under_powered()</Name>
              <FileRef uid="2" />
              <SequencePoints>
                <SequencePoint vc="1" uspid="134" ordinal="0" offset="13" sl="147" sc="9" el="147" ec="10" />
                <SequencePoint vc="1" uspid="135" ordinal="1" offset="14" sl="148" sc="13" el="148" ec="53" />
                <SequencePoint vc="1" uspid="136" ordinal="2" offset="47" sl="149" sc="13" el="149" ec="70" />
                <SequencePoint vc="1" uspid="137" ordinal="3" offset="60" sl="150" sc="13" el="150" ec="46" />
                <SequencePoint vc="1" uspid="138" ordinal="4" offset="72" sl="152" sc="13" el="152" ec="84" />
                <SequencePoint vc="1" uspid="139" ordinal="5" offset="98" sl="154" sc="13" el="154" ec="51" />
                <SequencePoint vc="1" uspid="140" ordinal="6" offset="120" sl="155" sc="13" el="155" ec="68" />
                <SequencePoint vc="1" uspid="141" ordinal="7" offset="143" sl="156" sc="13" el="157" ec="107" />
                <SequencePoint vc="1" uspid="142" ordinal="8" offset="349" sl="158" sc="13" el="159" ec="108" />
                <SequencePoint vc="1" uspid="143" ordinal="9" offset="555" sl="160" sc="9" el="160" ec="10" />
              </SequencePoints>
              <BranchPoints />
              <MethodPoint vc="1" uspid="144" ordinal="0" offset="0" />
            </Method>
            <Method visited="true" cyclomaticComplexity="1" sequenceCoverage="100" branchCoverage="100" isConstructor="false" isStatic="false" isGetter="false" isSetter="false">
              <MetadataToken>100663322</MetadataToken>
              <Name>System.Void DEMW.SpaceWar2Tests.GameObjects.ShipComponents.ThrustArrayTests::EngageThrusters_does_not_thrust_when_no_power_is_available()</Name>
              <FileRef uid="2" />
              <SequencePoints>
                <SequencePoint vc="1" uspid="145" ordinal="0" offset="0" sl="164" sc="9" el="164" ec="10" />
                <SequencePoint vc="1" uspid="146" ordinal="1" offset="1" sl="165" sc="13" el="165" ec="53" />
                <SequencePoint vc="1" uspid="147" ordinal="2" offset="34" sl="166" sc="13" el="166" ec="77" />
                <SequencePoint vc="1" uspid="148" ordinal="3" offset="47" sl="167" sc="13" el="167" ec="46" />
                <SequencePoint vc="1" uspid="149" ordinal="4" offset="59" sl="169" sc="13" el="169" ec="51" />
                <SequencePoint vc="1" uspid="150" ordinal="5" offset="81" sl="170" sc="13" el="170" ec="72" />
                <SequencePoint vc="1" uspid="151" ordinal="6" offset="103" sl="171" sc="9" el="171" ec="10" />
              </SequencePoints>
              <BranchPoints />
              <MethodPoint xsi:type="SequencePoint" vc="1" uspid="145" ordinal="0" offset="0" sl="164" sc="9" el="164" ec="10" />
            </Method>
            <Method visited="true" cyclomaticComplexity="1" sequenceCoverage="0" branchCoverage="0" isConstructor="true" isStatic="false" isGetter="false" isSetter="false">
              <MetadataToken>100663323</MetadataToken>
              <Name>System.Void DEMW.SpaceWar2Tests.GameObjects.ShipComponents.ThrustArrayTests::.ctor()</Name>
              <SequencePoints />
              <BranchPoints />
              <MethodPoint vc="1" uspid="152" ordinal="0" offset="0" />
            </Method>
          </Methods>
        </Class>
        <Class>
          <FullName>DEMW.SpaceWar2Tests.GameObjects.ShipComponents.ThrustArrayTests/&lt;&gt;c__DisplayClass0</FullName>
          <Methods>
            <Method visited="true" cyclomaticComplexity="1" sequenceCoverage="0" branchCoverage="0" isConstructor="true" isStatic="false" isGetter="false" isSetter="false">
              <MetadataToken>100663400</MetadataToken>
              <Name>System.Void DEMW.SpaceWar2Tests.GameObjects.ShipComponents.ThrustArrayTests/&lt;&gt;c__DisplayClass0::.ctor()</Name>
              <SequencePoints />
              <BranchPoints />
              <MethodPoint vc="1" uspid="153" ordinal="0" offset="0" />
            </Method>
          </Methods>
        </Class>
        <Class>
          <FullName>DEMW.SpaceWar2Tests.GameObjects.ShipComponents.ThrustArrayTests/&lt;&gt;c__DisplayClass2</FullName>
          <Methods>
            <Method visited="true" cyclomaticComplexity="1" sequenceCoverage="0" branchCoverage="0" isConstructor="true" isStatic="false" isGetter="false" isSetter="false">
              <MetadataToken>100663401</MetadataToken>
              <Name>System.Void DEMW.SpaceWar2Tests.GameObjects.ShipComponents.ThrustArrayTests/&lt;&gt;c__DisplayClass2::.ctor()</Name>
              <SequencePoints />
              <BranchPoints />
              <MethodPoint vc="1" uspid="154" ordinal="0" offset="0" />
            </Method>
          </Methods>
        </Class>
        <Class>
          <FullName>DEMW.SpaceWar2Tests.GameObjects.ShipComponents.ThrustArrayTests/&lt;&gt;c__DisplayClass4</FullName>
          <Methods>
            <Method visited="true" cyclomaticComplexity="1" sequenceCoverage="0" branchCoverage="0" isConstructor="true" isStatic="false" isGetter="false" isSetter="false">
              <MetadataToken>100663402</MetadataToken>
              <Name>System.Void DEMW.SpaceWar2Tests.GameObjects.ShipComponents.ThrustArrayTests/&lt;&gt;c__DisplayClass4::.ctor()</Name>
              <SequencePoints />
              <BranchPoints />
              <MethodPoint vc="1" uspid="155" ordinal="0" offset="0" />
            </Method>
          </Methods>
        </Class>
        <Class>
          <FullName>DEMW.SpaceWar2Tests.GameObjects.ShipComponents.ThrustArrayTests/&lt;&gt;c__DisplayClass6</FullName>
          <Methods>
            <Method visited="true" cyclomaticComplexity="1" sequenceCoverage="0" branchCoverage="0" isConstructor="true" isStatic="false" isGetter="false" isSetter="false">
              <MetadataToken>100663403</MetadataToken>
              <Name>System.Void DEMW.SpaceWar2Tests.GameObjects.ShipComponents.ThrustArrayTests/&lt;&gt;c__DisplayClass6::.ctor()</Name>
              <SequencePoints />
              <BranchPoints />
              <MethodPoint vc="1" uspid="156" ordinal="0" offset="0" />
            </Method>
          </Methods>
        </Class>
        <Class>
          <FullName>DEMW.SpaceWar2Tests.GameObjects.ShipComponents.ThrustArrayTests/&lt;&gt;c__DisplayClass8</FullName>
          <Methods>
            <Method visited="true" cyclomaticComplexity="1" sequenceCoverage="0" branchCoverage="0" isConstructor="true" isStatic="false" isGetter="false" isSetter="false">
              <MetadataToken>100663404</MetadataToken>
              <Name>System.Void DEMW.SpaceWar2Tests.GameObjects.ShipComponents.ThrustArrayTests/&lt;&gt;c__DisplayClass8::.ctor()</Name>
              <SequencePoints />
              <BranchPoints />
              <MethodPoint vc="1" uspid="157" ordinal="0" offset="0" />
            </Method>
          </Methods>
        </Class>
        <Class>
          <FullName>DEMW.SpaceWar2Tests.GameObjects.ShipComponents.ThrustArrayTests/&lt;&gt;c__DisplayClassa</FullName>
          <Methods>
            <Method visited="true" cyclomaticComplexity="1" sequenceCoverage="0" branchCoverage="0" isConstructor="true" isStatic="false" isGetter="false" isSetter="false">
              <MetadataToken>100663405</MetadataToken>
              <Name>System.Void DEMW.SpaceWar2Tests.GameObjects.ShipComponents.ThrustArrayTests/&lt;&gt;c__DisplayClassa::.ctor()</Name>
              <SequencePoints />
              <BranchPoints />
              <MethodPoint vc="1" uspid="158" ordinal="0" offset="0" />
            </Method>
          </Methods>
        </Class>
        <Class>
          <FullName>DEMW.SpaceWar2Tests.GameObjects.SunTests</FullName>
          <Methods>
            <Method visited="true" cyclomaticComplexity="1" sequenceCoverage="100" branchCoverage="100" isConstructor="false" isStatic="false" isGetter="false" isSetter="false">
              <MetadataToken>100663324</MetadataToken>
              <Name>System.Void DEMW.SpaceWar2Tests.GameObjects.SunTests::Sun_can_be_created_and_its_properties_are_set_in_the_constructor()</Name>
              <FileRef uid="3" />
              <SequencePoints>
                <SequencePoint vc="1" uspid="159" ordinal="0" offset="0" sl="12" sc="9" el="12" ec="10" />
                <SequencePoint vc="1" uspid="160" ordinal="1" offset="1" sl="13" sc="13" el="13" ec="51" />
                <SequencePoint vc="1" uspid="161" ordinal="2" offset="19" sl="14" sc="13" el="14" ec="69" />
                <SequencePoint vc="1" uspid="162" ordinal="3" offset="41" sl="16" sc="13" el="16" ec="53" />
                <SequencePoint vc="1" uspid="163" ordinal="4" offset="64" sl="17" sc="13" el="17" ec="46" />
                <SequencePoint vc="1" uspid="164" ordinal="5" offset="91" sl="18" sc="13" el="18" ec="57" />
                <SequencePoint vc="1" uspid="165" ordinal="6" offset="118" sl="19" sc="13" el="19" ec="45" />
                <SequencePoint vc="1" uspid="166" ordinal="7" offset="145" sl="20" sc="9" el="20" ec="10" />
              </SequencePoints>
              <BranchPoints />
              <MethodPoint xsi:type="SequencePoint" vc="1" uspid="159" ordinal="0" offset="0" sl="12" sc="9" el="12" ec="10" />
            </Method>
            <Method visited="true" cyclomaticComplexity="1" sequenceCoverage="100" branchCoverage="100" isConstructor="false" isStatic="false" isGetter="false" isSetter="false">
              <MetadataToken>100663325</MetadataToken>
              <Name>System.Void DEMW.SpaceWar2Tests.GameObjects.SunTests::UpdateInternal_does_nothing()</Name>
              <FileRef uid="3" />
              <SequencePoints>
                <SequencePoint vc="1" uspid="167" ordinal="0" offset="0" sl="24" sc="9" el="24" ec="10" />
                <SequencePoint vc="1" uspid="168" ordinal="1" offset="1" sl="25" sc="13" el="25" ec="51" />
                <SequencePoint vc="1" uspid="169" ordinal="2" offset="19" sl="26" sc="13" el="26" ec="69" />
                <SequencePoint vc="1" uspid="170" ordinal="3" offset="41" sl="28" sc="13" el="28" ec="40" />
                <SequencePoint vc="1" uspid="171" ordinal="4" offset="53" sl="29" sc="9" el="29" ec="10" />
              </SequencePoints>
              <BranchPoints />
              <MethodPoint xsi:type="SequencePoint" vc="1" uspid="167" ordinal="0" offset="0" sl="24" sc="9" el="24" ec="10" />
            </Method>
            <Method visited="true" cyclomaticComplexity="1" sequenceCoverage="100" branchCoverage="100" isConstructor="false" isStatic="false" isGetter="false" isSetter="false">
              <MetadataToken>100663326</MetadataToken>
              <Name>System.Void DEMW.SpaceWar2Tests.GameObjects.SunTests::Draw_does_nothing()</Name>
              <FileRef uid="3" />
              <SequencePoints>
                <SequencePoint vc="1" uspid="172" ordinal="0" offset="0" sl="33" sc="9" el="33" ec="10" />
                <SequencePoint vc="1" uspid="173" ordinal="1" offset="1" sl="34" sc="13" el="34" ec="51" />
                <SequencePoint vc="1" uspid="174" ordinal="2" offset="19" sl="35" sc="13" el="35" ec="69" />
                <SequencePoint vc="1" uspid="175" ordinal="3" offset="41" sl="37" sc="13" el="37" ec="24" />
                <SequencePoint vc="1" uspid="176" ordinal="4" offset="48" sl="38" sc="9" el="38" ec="10" />
              </SequencePoints>
              <BranchPoints />
              <MethodPoint xsi:type="SequencePoint" vc="1" uspid="172" ordinal="0" offset="0" sl="33" sc="9" el="33" ec="10" />
            </Method>
            <Method visited="true" cyclomaticComplexity="1" sequenceCoverage="0" branchCoverage="0" isConstructor="true" isStatic="false" isGetter="false" isSetter="false">
              <MetadataToken>100663327</MetadataToken>
              <Name>System.Void DEMW.SpaceWar2Tests.GameObjects.SunTests::.ctor()</Name>
              <SequencePoints />
              <BranchPoints />
              <MethodPoint vc="1" uspid="177" ordinal="0" offset="0" />
            </Method>
          </Methods>
        </Class>
        <Class>
          <FullName>DEMW.SpaceWar2Tests.Controls.KeyboardControllerTests</FullName>
          <Methods>
            <Method visited="true" cyclomaticComplexity="1" sequenceCoverage="100" branchCoverage="100" isConstructor="false" isStatic="false" isGetter="false" isSetter="false">
              <MetadataToken>100663328</MetadataToken>
              <Name>System.Void DEMW.SpaceWar2Tests.Controls.KeyboardControllerTests::SetUp()</Name>
              <FileRef uid="4" />
              <SequencePoints>
                <SequencePoint vc="6" uspid="178" ordinal="0" offset="0" sl="16" sc="9" el="16" ec="10" />
                <SequencePoint vc="6" uspid="179" ordinal="1" offset="1" sl="17" sc="13" el="17" ec="67" />
                <SequencePoint vc="6" uspid="180" ordinal="2" offset="18" sl="18" sc="13" el="18" ec="72" />
                <SequencePoint vc="6" uspid="181" ordinal="3" offset="47" sl="19" sc="13" el="19" ec="76" />
                <SequencePoint vc="6" uspid="182" ordinal="4" offset="64" sl="20" sc="13" el="20" ec="71" />
                <SequencePoint vc="6" uspid="183" ordinal="5" offset="79" sl="21" sc="13" el="21" ec="79" />
                <SequencePoint vc="6" uspid="184" ordinal="6" offset="95" sl="22" sc="13" el="22" ec="99" />
                <SequencePoint vc="6" uspid="185" ordinal="7" offset="111" sl="23" sc="9" el="23" ec="10" />
              </SequencePoints>
              <BranchPoints />
              <MethodPoint xsi:type="SequencePoint" vc="6" uspid="178" ordinal="0" offset="0" sl="16" sc="9" el="16" ec="10" />
            </Method>
            <Method visited="true" cyclomaticComplexity="1" sequenceCoverage="100" branchCoverage="100" isConstructor="false" isStatic="false" isGetter="false" isSetter="false">
              <MetadataToken>100663329</MetadataToken>
              <Name>System.Void DEMW.SpaceWar2Tests.Controls.KeyboardControllerTests::GetAction_returns_correct_action_when_a_single_key_is_pressed()</Name>
              <FileRef uid="4" />
              <SequencePoints>
                <SequencePoint vc="1" uspid="186" ordinal="0" offset="0" sl="27" sc="9" el="27" ec="10" />
                <SequencePoint vc="1" uspid="187" ordinal="1" offset="1" sl="28" sc="13" el="28" ec="62" />
                <SequencePoint vc="1" uspid="188" ordinal="2" offset="27" sl="30" sc="13" el="30" ec="58" />
                <SequencePoint vc="1" uspid="189" ordinal="3" offset="39" sl="32" sc="13" el="32" ec="115" />
                <SequencePoint vc="1" uspid="190" ordinal="4" offset="63" sl="33" sc="9" el="33" ec="10" />
              </SequencePoints>
              <BranchPoints />
              <MethodPoint xsi:type="SequencePoint" vc="1" uspid="186" ordinal="0" offset="0" sl="27" sc="9" el="27" ec="10" />
            </Method>
            <Method visited="true" cyclomaticComplexity="1" sequenceCoverage="100" branchCoverage="100" isConstructor="false" isStatic="false" isGetter="false" isSetter="false">
              <MetadataToken>100663330</MetadataToken>
              <Name>System.Void DEMW.SpaceWar2Tests.Controls.KeyboardControllerTests::GetAction_returns_correct_actions_when_multiple_keys_are_pressed()</Name>
              <FileRef uid="4" />
              <SequencePoints>
                <SequencePoint vc="1" uspid="191" ordinal="0" offset="0" sl="37" sc="9" el="37" ec="10" />
                <SequencePoint vc="1" uspid="192" ordinal="1" offset="1" sl="38" sc="13" el="38" ec="62" />
                <SequencePoint vc="1" uspid="193" ordinal="2" offset="27" sl="39" sc="13" el="39" ec="62" />
                <SequencePoint vc="1" uspid="194" ordinal="3" offset="53" sl="41" sc="13" el="41" ec="58" />
                <SequencePoint vc="1" uspid="195" ordinal="4" offset="65" sl="43" sc="13" el="43" ec="146" />
                <SequencePoint vc="1" uspid="196" ordinal="5" offset="89" sl="44" sc="9" el="44" ec="10" />
              </SequencePoints>
              <BranchPoints />
              <MethodPoint xsi:type="SequencePoint" vc="1" uspid="191" ordinal="0" offset="0" sl="37" sc="9" el="37" ec="10" />
            </Method>
            <Method visited="true" cyclomaticComplexity="1" sequenceCoverage="100" branchCoverage="100" isConstructor="false" isStatic="false" isGetter="false" isSetter="false">
              <MetadataToken>100663331</MetadataToken>
              <Name>System.Void DEMW.SpaceWar2Tests.Controls.KeyboardControllerTests::GetAction_can_handle_multiple_actions_on_a_single_key()</Name>
              <FileRef uid="4" />
              <SequencePoints>
                <SequencePoint vc="1" uspid="197" ordinal="0" offset="0" sl="48" sc="9" el="48" ec="10" />
                <SequencePoint vc="1" uspid="198" ordinal="1" offset="1" sl="49" sc="13" el="49" ec="62" />
                <SequencePoint vc="1" uspid="199" ordinal="2" offset="27" sl="51" sc="13" el="51" ec="58" />
                <SequencePoint vc="1" uspid="200" ordinal="3" offset="39" sl="53" sc="13" el="53" ec="137" />
                <SequencePoint vc="1" uspid="201" ordinal="4" offset="63" sl="54" sc="9" el="54" ec="10" />
              </SequencePoints>
              <BranchPoints />
              <MethodPoint xsi:type="SequencePoint" vc="1" uspid="197" ordinal="0" offset="0" sl="48" sc="9" el="48" ec="10" />
            </Method>
            <Method visited="true" cyclomaticComplexity="1" sequenceCoverage="100" branchCoverage="100" isConstructor="false" isStatic="false" isGetter="false" isSetter="false">
              <MetadataToken>100663332</MetadataToken>
              <Name>System.Void DEMW.SpaceWar2Tests.Controls.KeyboardControllerTests::GetAction_returns_none_when_no_mapped_keys_pressed()</Name>
              <FileRef uid="4" />
              <SequencePoints>
                <SequencePoint vc="1" uspid="202" ordinal="0" offset="0" sl="58" sc="9" el="58" ec="10" />
                <SequencePoint vc="1" uspid="203" ordinal="1" offset="1" sl="59" sc="13" el="59" ec="58" />
                <SequencePoint vc="1" uspid="204" ordinal="2" offset="13" sl="61" sc="13" el="61" ec="77" />
                <SequencePoint vc="1" uspid="205" ordinal="3" offset="36" sl="62" sc="9" el="62" ec="10" />
              </SequencePoints>
              <BranchPoints />
              <MethodPoint xsi:type="SequencePoint" vc="1" uspid="202" ordinal="0" offset="0" sl="58" sc="9" el="58" ec="10" />
            </Method>
            <Method visited="true" cyclomaticComplexity="1" sequenceCoverage="100" branchCoverage="100" isConstructor="false" isStatic="false" isGetter="false" isSetter="false">
              <MetadataToken>100663333</MetadataToken>
              <Name>System.Void DEMW.SpaceWar2Tests.Controls.KeyboardControllerTests::SetMapping_unbinds_old_key_when_new_binding_is_made()</Name>
              <FileRef uid="4" />
              <SequencePoints>
                <SequencePoint vc="1" uspid="206" ordinal="0" offset="0" sl="66" sc="9" el="66" ec="10" />
                <SequencePoint vc="1" uspid="207" ordinal="1" offset="1" sl="67" sc="13" el="67" ec="71" />
                <SequencePoint vc="1" uspid="208" ordinal="2" offset="16" sl="68" sc="13" el="68" ec="62" />
                <SequencePoint vc="1" uspid="209" ordinal="3" offset="42" sl="70" sc="13" el="70" ec="58" />
                <SequencePoint vc="1" uspid="210" ordinal="4" offset="54" sl="71" sc="13" el="71" ec="77" />
                <SequencePoint vc="1" uspid="211" ordinal="5" offset="77" sl="72" sc="9" el="72" ec="10" />
              </SequencePoints>
              <BranchPoints />
              <MethodPoint xsi:type="SequencePoint" vc="1" uspid="206" ordinal="0" offset="0" sl="66" sc="9" el="66" ec="10" />
            </Method>
            <Method visited="true" cyclomaticComplexity="1" sequenceCoverage="100" branchCoverage="100" isConstructor="false" isStatic="false" isGetter="false" isSetter="false">
              <MetadataToken>100663334</MetadataToken>
              <Name>System.Void DEMW.SpaceWar2Tests.Controls.KeyboardControllerTests::SetMapping_binds_to_new_key_when_existing_mapping_is_re_bound()</Name>
              <FileRef uid="4" />
              <SequencePoints>
                <SequencePoint vc="1" uspid="212" ordinal="0" offset="0" sl="76" sc="9" el="76" ec="10" />
                <SequencePoint vc="1" uspid="213" ordinal="1" offset="1" sl="77" sc="13" el="77" ec="71" />
                <SequencePoint vc="1" uspid="214" ordinal="2" offset="16" sl="78" sc="13" el="78" ec="62" />
                <SequencePoint vc="1" uspid="215" ordinal="3" offset="42" sl="80" sc="13" el="80" ec="58" />
                <SequencePoint vc="1" uspid="216" ordinal="4" offset="54" sl="81" sc="13" el="81" ec="107" />
                <SequencePoint vc="1" uspid="217" ordinal="5" offset="77" sl="82" sc="9" el="82" ec="10" />
              </SequencePoints>
              <BranchPoints />
              <MethodPoint xsi:type="SequencePoint" vc="1" uspid="212" ordinal="0" offset="0" sl="76" sc="9" el="76" ec="10" />
            </Method>
            <Method visited="true" cyclomaticComplexity="1" sequenceCoverage="0" branchCoverage="0" isConstructor="true" isStatic="false" isGetter="false" isSetter="false">
              <MetadataToken>100663335</MetadataToken>
              <Name>System.Void DEMW.SpaceWar2Tests.Controls.KeyboardControllerTests::.ctor()</Name>
              <SequencePoints />
              <BranchPoints />
              <MethodPoint vc="1" uspid="218" ordinal="0" offset="0" />
            </Method>
          </Methods>
        </Class>
        <Class>
          <FullName>DEMW.SpaceWar2Tests.Controls.ShipActionTests</FullName>
          <Methods>
            <Method visited="true" cyclomaticComplexity="1" sequenceCoverage="100" branchCoverage="100" isConstructor="false" isStatic="false" isGetter="false" isSetter="false">
              <MetadataToken>100663336</MetadataToken>
              <Name>System.Void DEMW.SpaceWar2Tests.Controls.ShipActionTests::ShipAction_none_is_zero()</Name>
              <FileRef uid="5" />
              <SequencePoints>
                <SequencePoint vc="1" uspid="219" ordinal="0" offset="0" sl="12" sc="9" el="12" ec="10" />
                <SequencePoint vc="1" uspid="220" ordinal="1" offset="1" sl="13" sc="13" el="13" ec="54" />
                <SequencePoint vc="1" uspid="221" ordinal="2" offset="9" sl="14" sc="9" el="14" ec="10" />
              </SequencePoints>
              <BranchPoints />
              <MethodPoint xsi:type="SequencePoint" vc="1" uspid="219" ordinal="0" offset="0" sl="12" sc="9" el="12" ec="10" />
            </Method>
            <Method visited="true" cyclomaticComplexity="1" sequenceCoverage="100" branchCoverage="100" isConstructor="false" isStatic="false" isGetter="false" isSetter="false">
              <MetadataToken>100663337</MetadataToken>
              <Name>System.Void DEMW.SpaceWar2Tests.Controls.ShipActionTests::ShipAction_has_flags_attribute()</Name>
              <FileRef uid="5" />
              <SequencePoints>
                <SequencePoint vc="1" uspid="222" ordinal="0" offset="0" sl="18" sc="9" el="18" ec="10" />
                <SequencePoint vc="1" uspid="223" ordinal="1" offset="1" sl="19" sc="13" el="19" ec="104" />
                <SequencePoint vc="1" uspid="224" ordinal="2" offset="32" sl="20" sc="9" el="20" ec="10" />
              </SequencePoints>
              <BranchPoints />
              <MethodPoint xsi:type="SequencePoint" vc="1" uspid="222" ordinal="0" offset="0" sl="18" sc="9" el="18" ec="10" />
            </Method>
            <Method visited="true" cyclomaticComplexity="1" sequenceCoverage="0" branchCoverage="0" isConstructor="true" isStatic="false" isGetter="false" isSetter="false">
              <MetadataToken>100663338</MetadataToken>
              <Name>System.Void DEMW.SpaceWar2Tests.Controls.ShipActionTests::.ctor()</Name>
              <SequencePoints />
              <BranchPoints />
              <MethodPoint vc="1" uspid="225" ordinal="0" offset="0" />
            </Method>
          </Methods>
        </Class>
        <Class>
          <FullName>DEMW.SpaceWar2Tests.GameObjects.ShipComponents.ThrusterTests</FullName>
          <Methods>
            <Method visited="true" cyclomaticComplexity="1" sequenceCoverage="100" branchCoverage="100" isConstructor="false" isStatic="false" isGetter="false" isSetter="false">
              <MetadataToken>100663339</MetadataToken>
              <Name>System.Void DEMW.SpaceWar2Tests.GameObjects.ShipComponents.ThrusterTests::Setup()</Name>
              <FileRef uid="6" />
              <SequencePoints>
                <SequencePoint vc="12" uspid="226" ordinal="0" offset="0" sl="17" sc="9" el="17" ec="10" />
                <SequencePoint vc="12" uspid="227" ordinal="1" offset="1" sl="18" sc="13" el="18" ec="43" />
                <SequencePoint vc="12" uspid="228" ordinal="2" offset="22" sl="19" sc="13" el="19" ec="45" />
                <SequencePoint vc="12" uspid="229" ordinal="3" offset="43" sl="21" sc="13" el="21" ec="67" />
                <SequencePoint vc="12" uspid="230" ordinal="4" offset="71" sl="22" sc="9" el="22" ec="10" />
              </SequencePoints>
              <BranchPoints />
              <MethodPoint xsi:type="SequencePoint" vc="12" uspid="226" ordinal="0" offset="0" sl="17" sc="9" el="17" ec="10" />
            </Method>
            <Method visited="true" cyclomaticComplexity="1" sequenceCoverage="100" branchCoverage="100" isConstructor="false" isStatic="false" isGetter="false" isSetter="false">
              <MetadataToken>100663340</MetadataToken>
              <Name>System.Void DEMW.SpaceWar2Tests.GameObjects.ShipComponents.ThrusterTests::Thruster_maxEnergyDraw_cannot_be_zero()</Name>
              <FileRef uid="6" />
              <SequencePoints>
                <SequencePoint vc="1" uspid="231" ordinal="0" offset="0" sl="26" sc="9" el="26" ec="10" />
                <SequencePoint vc="1" uspid="232" ordinal="1" offset="1" sl="27" sc="13" el="27" ec="121" />
                <SequencePoint vc="1" uspid="233" ordinal="2" offset="19" sl="28" sc="13" el="28" ec="115" />
                <SequencePoint vc="1" uspid="234" ordinal="3" offset="36" sl="29" sc="9" el="29" ec="10" />
              </SequencePoints>
              <BranchPoints />
              <MethodPoint xsi:type="SequencePoint" vc="1" uspid="231" ordinal="0" offset="0" sl="26" sc="9" el="26" ec="10" />
            </Method>
            <Method visited="true" cyclomaticComplexity="1" sequenceCoverage="100" branchCoverage="100" isConstructor="false" isStatic="false" isGetter="false" isSetter="false">
              <MetadataToken>100663341</MetadataToken>
              <Name>System.Void DEMW.SpaceWar2Tests.GameObjects.ShipComponents.ThrusterTests::Thruster_maxEnergyDraw_cannot_be_negative()</Name>
              <FileRef uid="6" />
              <SequencePoints>
                <SequencePoint vc="1" uspid="235" ordinal="0" offset="0" sl="33" sc="9" el="33" ec="10" />
                <SequencePoint vc="1" uspid="236" ordinal="1" offset="1" sl="34" sc="13" el="34" ec="124" />
                <SequencePoint vc="1" uspid="237" ordinal="2" offset="19" sl="35" sc="13" el="35" ec="115" />
                <SequencePoint vc="1" uspid="238" ordinal="3" offset="36" sl="36" sc="9" el="36" ec="10" />
              </SequencePoints>
              <BranchPoints />
              <MethodPoint xsi:type="SequencePoint" vc="1" uspid="235" ordinal="0" offset="0" sl="33" sc="9" el="33" ec="10" />
            </Method>
            <Method visited="true" cyclomaticComplexity="1" sequenceCoverage="100" branchCoverage="100" isConstructor="false" isStatic="false" isGetter="false" isSetter="false">
              <MetadataToken>100663342</MetadataToken>
              <Name>System.Void DEMW.SpaceWar2Tests.GameObjects.ShipComponents.ThrusterTests::Throttle_can_be_set_to_a_value_between_zero_and_one()</Name>
              <FileRef uid="6" />
              <SequencePoints>
                <SequencePoint vc="1" uspid="239" ordinal="0" offset="0" sl="40" sc="9" el="40" ec="10" />
                <SequencePoint vc="1" uspid="240" ordinal="1" offset="1" sl="41" sc="13" el="41" ec="39" />
                <SequencePoint vc="1" uspid="241" ordinal="2" offset="18" sl="42" sc="13" el="42" ec="55" />
                <SequencePoint vc="1" uspid="242" ordinal="3" offset="50" sl="43" sc="9" el="43" ec="10" />
              </SequencePoints>
              <BranchPoints />
              <MethodPoint xsi:type="SequencePoint" vc="1" uspid="239" ordinal="0" offset="0" sl="40" sc="9" el="40" ec="10" />
            </Method>
            <Method visited="true" cyclomaticComplexity="1" sequenceCoverage="100" branchCoverage="100" isConstructor="false" isStatic="false" isGetter="false" isSetter="false">
              <MetadataToken>100663343</MetadataToken>
              <Name>System.Void DEMW.SpaceWar2Tests.GameObjects.ShipComponents.ThrusterTests::Throttle_is_zero_if_it_is_set_below_zero()</Name>
              <FileRef uid="6" />
              <SequencePoints>
                <SequencePoint vc="1" uspid="243" ordinal="0" offset="0" sl="47" sc="9" el="47" ec="10" />
                <SequencePoint vc="1" uspid="244" ordinal="1" offset="1" sl="48" sc="13" el="48" ec="40" />
                <SequencePoint vc="1" uspid="245" ordinal="2" offset="18" sl="49" sc="13" el="49" ec="53" />
                <SequencePoint vc="1" uspid="246" ordinal="3" offset="50" sl="50" sc="9" el="50" ec="10" />
              </SequencePoints>
              <BranchPoints />
              <MethodPoint xsi:type="SequencePoint" vc="1" uspid="243" ordinal="0" offset="0" sl="47" sc="9" el="47" ec="10" />
            </Method>
            <Method visited="true" cyclomaticComplexity="1" sequenceCoverage="100" branchCoverage="100" isConstructor="false" isStatic="false" isGetter="false" isSetter="false">
              <MetadataToken>100663344</MetadataToken>
              <Name>System.Void DEMW.SpaceWar2Tests.GameObjects.ShipComponents.ThrusterTests::Throttle_is_one_if_it_is_set_above_one()</Name>
              <FileRef uid="6" />
              <SequencePoints>
                <SequencePoint vc="1" uspid="247" ordinal="0" offset="0" sl="54" sc="9" el="54" ec="10" />
                <SequencePoint vc="1" uspid="248" ordinal="1" offset="1" sl="55" sc="13" el="55" ec="39" />
                <SequencePoint vc="1" uspid="249" ordinal="2" offset="18" sl="56" sc="13" el="56" ec="53" />
                <SequencePoint vc="1" uspid="250" ordinal="3" offset="50" sl="57" sc="9" el="57" ec="10" />
              </SequencePoints>
              <BranchPoints />
              <MethodPoint xsi:type="SequencePoint" vc="1" uspid="247" ordinal="0" offset="0" sl="54" sc="9" el="54" ec="10" />
            </Method>
            <Method visited="true" cyclomaticComplexity="1" sequenceCoverage="100" branchCoverage="100" isConstructor="false" isStatic="false" isGetter="false" isSetter="false">
              <MetadataToken>100663345</MetadataToken>
              <Name>System.Void DEMW.SpaceWar2Tests.GameObjects.ShipComponents.ThrusterTests::EnergyRequired_is_Throttle_times_max_Energy_draw()</Name>
              <FileRef uid="6" />
              <SequencePoints>
                <SequencePoint vc="1" uspid="251" ordinal="0" offset="0" sl="61" sc="9" el="61" ec="10" />
                <SequencePoint vc="1" uspid="252" ordinal="1" offset="1" sl="62" sc="13" el="62" ec="39" />
                <SequencePoint vc="1" uspid="253" ordinal="2" offset="18" sl="63" sc="13" el="63" ec="68" />
                <SequencePoint vc="1" uspid="254" ordinal="3" offset="50" sl="64" sc="9" el="64" ec="10" />
              </SequencePoints>
              <BranchPoints />
              <MethodPoint xsi:type="SequencePoint" vc="1" uspid="251" ordinal="0" offset="0" sl="61" sc="9" el="61" ec="10" />
            </Method>
            <Method visited="true" cyclomaticComplexity="1" sequenceCoverage="100" branchCoverage="100" isConstructor="false" isStatic="false" isGetter="false" isSetter="false">
              <MetadataToken>100663346</MetadataToken>
              <Name>System.Void DEMW.SpaceWar2Tests.GameObjects.ShipComponents.ThrusterTests::Engage_produces_no_force_when_no_Throttle_and_full_energyScalingFactor()</Name>
              <FileRef uid="6" />
              <SequencePoints>
                <SequencePoint vc="1" uspid="255" ordinal="0" offset="0" sl="68" sc="9" el="68" ec="10" />
                <SequencePoint vc="1" uspid="256" ordinal="1" offset="1" sl="70" sc="13" el="70" ec="37" />
                <SequencePoint vc="1" uspid="257" ordinal="2" offset="18" sl="72" sc="13" el="72" ec="63" />
                <SequencePoint vc="1" uspid="258" ordinal="3" offset="35" sl="73" sc="13" el="73" ec="60" />
                <SequencePoint vc="1" uspid="259" ordinal="4" offset="63" sl="74" sc="13" el="74" ec="57" />
                <SequencePoint vc="1" uspid="260" ordinal="5" offset="90" sl="75" sc="9" el="75" ec="10" />
              </SequencePoints>
              <BranchPoints />
              <MethodPoint xsi:type="SequencePoint" vc="1" uspid="255" ordinal="0" offset="0" sl="68" sc="9" el="68" ec="10" />
            </Method>
            <Method visited="true" cyclomaticComplexity="1" sequenceCoverage="100" branchCoverage="100" isConstructor="false" isStatic="false" isGetter="false" isSetter="false">
              <MetadataToken>100663347</MetadataToken>
              <Name>System.Void DEMW.SpaceWar2Tests.GameObjects.ShipComponents.ThrusterTests::Engage_produces_no_force_when_some_Throttle_and_zero_energyScalingFactor()</Name>
              <FileRef uid="6" />
              <SequencePoints>
                <SequencePoint vc="1" uspid="261" ordinal="0" offset="0" sl="79" sc="9" el="79" ec="10" />
                <SequencePoint vc="1" uspid="262" ordinal="1" offset="1" sl="81" sc="13" el="81" ec="39" />
                <SequencePoint vc="1" uspid="263" ordinal="2" offset="18" sl="83" sc="13" el="83" ec="63" />
                <SequencePoint vc="1" uspid="264" ordinal="3" offset="35" sl="84" sc="13" el="84" ec="60" />
                <SequencePoint vc="1" uspid="265" ordinal="4" offset="63" sl="85" sc="13" el="85" ec="57" />
                <SequencePoint vc="1" uspid="266" ordinal="5" offset="90" sl="86" sc="9" el="86" ec="10" />
              </SequencePoints>
              <BranchPoints />
              <MethodPoint xsi:type="SequencePoint" vc="1" uspid="261" ordinal="0" offset="0" sl="79" sc="9" el="79" ec="10" />
            </Method>
            <Method visited="true" cyclomaticComplexity="1" sequenceCoverage="100" branchCoverage="100" isConstructor="false" isStatic="false" isGetter="false" isSetter="false">
              <MetadataToken>100663348</MetadataToken>
              <Name>System.Void DEMW.SpaceWar2Tests.GameObjects.ShipComponents.ThrusterTests::Engage_produces_no_force_when_some_Throttle_and_negative_energyScalingFactor()</Name>
              <FileRef uid="6" />
              <SequencePoints>
                <SequencePoint vc="1" uspid="267" ordinal="0" offset="0" sl="90" sc="9" el="90" ec="10" />
                <SequencePoint vc="1" uspid="268" ordinal="1" offset="1" sl="92" sc="13" el="92" ec="39" />
                <SequencePoint vc="1" uspid="269" ordinal="2" offset="18" sl="94" sc="13" el="94" ec="63" />
                <SequencePoint vc="1" uspid="270" ordinal="3" offset="35" sl="95" sc="13" el="95" ec="60" />
                <SequencePoint vc="1" uspid="271" ordinal="4" offset="63" sl="96" sc="13" el="96" ec="57" />
                <SequencePoint vc="1" uspid="272" ordinal="5" offset="90" sl="97" sc="9" el="97" ec="10" />
              </SequencePoints>
              <BranchPoints />
              <MethodPoint xsi:type="SequencePoint" vc="1" uspid="267" ordinal="0" offset="0" sl="90" sc="9" el="90" ec="10" />
            </Method>
            <Method visited="true" cyclomaticComplexity="1" sequenceCoverage="100" branchCoverage="100" isConstructor="false" isStatic="false" isGetter="false" isSetter="false">
              <MetadataToken>100663349</MetadataToken>
              <Name>System.Void DEMW.SpaceWar2Tests.GameObjects.ShipComponents.ThrusterTests::Engage_produces_full_force_when_full_Throttle_and_full_energyScalingFactor()</Name>
              <FileRef uid="6" />
              <SequencePoints>
                <SequencePoint vc="1" uspid="273" ordinal="0" offset="0" sl="101" sc="9" el="101" ec="10" />
                <SequencePoint vc="1" uspid="274" ordinal="1" offset="1" sl="103" sc="13" el="103" ec="37" />
                <SequencePoint vc="1" uspid="275" ordinal="2" offset="18" sl="105" sc="13" el="105" ec="63" />
                <SequencePoint vc="1" uspid="276" ordinal="3" offset="35" sl="106" sc="13" el="106" ec="60" />
                <SequencePoint vc="1" uspid="277" ordinal="4" offset="63" sl="107" sc="13" el="107" ec="55" />
                <SequencePoint vc="1" uspid="278" ordinal="5" offset="91" sl="108" sc="9" el="108" ec="10" />
              </SequencePoints>
              <BranchPoints />
              <MethodPoint xsi:type="SequencePoint" vc="1" uspid="273" ordinal="0" offset="0" sl="101" sc="9" el="101" ec="10" />
            </Method>
            <Method visited="true" cyclomaticComplexity="1" sequenceCoverage="100" branchCoverage="100" isConstructor="false" isStatic="false" isGetter="false" isSetter="false">
              <MetadataToken>100663350</MetadataToken>
              <Name>System.Void DEMW.SpaceWar2Tests.GameObjects.ShipComponents.ThrusterTests::Engage_produces_force_proportional_to_Throttle_time_by_energyScalingFactor()</Name>
              <FileRef uid="6" />
              <SequencePoints>
                <SequencePoint vc="1" uspid="279" ordinal="0" offset="0" sl="112" sc="9" el="112" ec="10" />
                <SequencePoint vc="1" uspid="280" ordinal="1" offset="1" sl="114" sc="13" el="114" ec="39" />
                <SequencePoint vc="1" uspid="281" ordinal="2" offset="18" sl="116" sc="13" el="116" ec="63" />
                <SequencePoint vc="1" uspid="282" ordinal="3" offset="35" sl="117" sc="13" el="117" ec="60" />
                <SequencePoint vc="1" uspid="283" ordinal="4" offset="63" sl="118" sc="13" el="118" ec="98" />
                <SequencePoint vc="1" uspid="284" ordinal="5" offset="117" sl="119" sc="9" el="119" ec="10" />
              </SequencePoints>
              <BranchPoints />
              <MethodPoint xsi:type="SequencePoint" vc="1" uspid="279" ordinal="0" offset="0" sl="112" sc="9" el="112" ec="10" />
            </Method>
            <Method visited="true" cyclomaticComplexity="1" sequenceCoverage="100" branchCoverage="100" isConstructor="false" isStatic="false" isGetter="false" isSetter="false">
              <MetadataToken>100663351</MetadataToken>
              <Name>System.Void DEMW.SpaceWar2Tests.GameObjects.ShipComponents.ThrusterTests::Engage_caps_energyScalingFactor_to_one()</Name>
              <FileRef uid="6" />
              <SequencePoints>
                <SequencePoint vc="1" uspid="285" ordinal="0" offset="0" sl="123" sc="9" el="123" ec="10" />
                <SequencePoint vc="1" uspid="286" ordinal="1" offset="1" sl="126" sc="13" el="126" ec="39" />
                <SequencePoint vc="1" uspid="287" ordinal="2" offset="18" sl="128" sc="13" el="128" ec="63" />
                <SequencePoint vc="1" uspid="288" ordinal="3" offset="35" sl="129" sc="13" el="129" ec="60" />
                <SequencePoint vc="1" uspid="289" ordinal="4" offset="63" sl="130" sc="13" el="130" ec="112" />
                <SequencePoint vc="1" uspid="290" ordinal="5" offset="117" sl="131" sc="9" el="131" ec="10" />
              </SequencePoints>
              <BranchPoints />
              <MethodPoint xsi:type="SequencePoint" vc="1" uspid="285" ordinal="0" offset="0" sl="123" sc="9" el="123" ec="10" />
            </Method>
[...]
                <SequencePoint vc="0" uspid="1610" ordinal="4" offset="15" sl="11" sc="13" el="11" ec="14" />
                <SequencePoint vc="0" uspid="1611" ordinal="5" offset="35" sl="12" sc="9" el="12" ec="10" />
              </SequencePoints>
              <BranchPoints>
                <BranchPoint vc="0" uspid="1612" ordinal="0" offset="24" path="0" />
                <BranchPoint vc="0" uspid="1613" ordinal="1" offset="24" path="1" />
              </BranchPoints>
              <MethodPoint xsi:type="SequencePoint" vc="0" uspid="1606" ordinal="0" offset="0" sl="7" sc="9" el="7" ec="10" />
            </Method>
          </Methods>
        </Class>
        <Class>
          <FullName>DEMW.SpaceWar2.Physics.Force</FullName>
          <Methods>
            <Method visited="true" cyclomaticComplexity="1" sequenceCoverage="0" branchCoverage="0" isConstructor="false" isStatic="false" isGetter="true" isSetter="false">
              <MetadataToken>100663498</MetadataToken>
              <Name>Microsoft.Xna.Framework.Vector2 DEMW.SpaceWar2.Physics.Force::get_Vector()</Name>
              <SequencePoints />
              <BranchPoints />
              <MethodPoint vc="62" uspid="1614" ordinal="0" offset="0" />
            </Method>
            <Method visited="true" cyclomaticComplexity="1" sequenceCoverage="0" branchCoverage="0" isConstructor="false" isStatic="false" isGetter="false" isSetter="true">
              <MetadataToken>100663499</MetadataToken>
              <Name>System.Void DEMW.SpaceWar2.Physics.Force::set_Vector(Microsoft.Xna.Framework.Vector2)</Name>
              <SequencePoints />
              <BranchPoints />
              <MethodPoint vc="62" uspid="1615" ordinal="0" offset="0" />
            </Method>
            <Method visited="true" cyclomaticComplexity="1" sequenceCoverage="0" branchCoverage="0" isConstructor="false" isStatic="false" isGetter="true" isSetter="false">
              <MetadataToken>100663500</MetadataToken>
              <Name>Microsoft.Xna.Framework.Vector2 DEMW.SpaceWar2.Physics.Force::get_Displacement()</Name>
              <SequencePoints />
              <BranchPoints />
              <MethodPoint vc="31" uspid="1616" ordinal="0" offset="0" />
            </Method>
            <Method visited="true" cyclomaticComplexity="1" sequenceCoverage="0" branchCoverage="0" isConstructor="false" isStatic="false" isGetter="false" isSetter="true">
              <MetadataToken>100663501</MetadataToken>
              <Name>System.Void DEMW.SpaceWar2.Physics.Force::set_Displacement(Microsoft.Xna.Framework.Vector2)</Name>
              <SequencePoints />
              <BranchPoints />
              <MethodPoint vc="60" uspid="1617" ordinal="0" offset="0" />
            </Method>
            <Method visited="true" cyclomaticComplexity="1" sequenceCoverage="100" branchCoverage="100" isConstructor="true" isStatic="false" isGetter="false" isSetter="false">
              <MetadataToken>100663495</MetadataToken>
              <Name>System.Void DEMW.SpaceWar2.Physics.Force::.ctor()</Name>
              <FileRef uid="52" />
              <SequencePoints>
                <SequencePoint vc="1" uspid="1618" ordinal="0" offset="0" sl="7" sc="9" el="7" ec="58" />
                <SequencePoint vc="1" uspid="1619" ordinal="1" offset="17" sl="7" sc="59" el="7" ec="60" />
                <SequencePoint vc="1" uspid="1620" ordinal="2" offset="18" sl="7" sc="61" el="7" ec="62" />
              </SequencePoints>
              <BranchPoints />
              <MethodPoint xsi:type="SequencePoint" vc="1" uspid="1618" ordinal="0" offset="0" sl="7" sc="9" el="7" ec="58" />
            </Method>
            <Method visited="true" cyclomaticComplexity="1" sequenceCoverage="100" branchCoverage="100" isConstructor="true" isStatic="false" isGetter="false" isSetter="false">
              <MetadataToken>100663496</MetadataToken>
              <Name>System.Void DEMW.SpaceWar2.Physics.Force::.ctor(Microsoft.Xna.Framework.Vector2)</Name>
              <FileRef uid="52" />
              <SequencePoints>
                <SequencePoint vc="2" uspid="1621" ordinal="0" offset="0" sl="9" sc="9" el="9" ec="64" />
                <SequencePoint vc="2" uspid="1622" ordinal="1" offset="13" sl="9" sc="65" el="9" ec="66" />
                <SequencePoint vc="2" uspid="1623" ordinal="2" offset="14" sl="9" sc="67" el="9" ec="68" />
              </SequencePoints>
              <BranchPoints />
              <MethodPoint xsi:type="SequencePoint" vc="2" uspid="1621" ordinal="0" offset="0" sl="9" sc="9" el="9" ec="64" />
            </Method>
            <Method visited="true" cyclomaticComplexity="1" sequenceCoverage="100" branchCoverage="100" isConstructor="true" isStatic="false" isGetter="false" isSetter="false">
              <MetadataToken>100663497</MetadataToken>
              <Name>System.Void DEMW.SpaceWar2.Physics.Force::.ctor(Microsoft.Xna.Framework.Vector2,Microsoft.Xna.Framework.Vector2)</Name>
              <FileRef uid="52" />
              <SequencePoints>
                <SequencePoint vc="57" uspid="1624" ordinal="0" offset="0" sl="11" sc="9" el="11" ec="58" />
                <SequencePoint vc="57" uspid="1625" ordinal="1" offset="7" sl="12" sc="9" el="12" ec="10" />
                <SequencePoint vc="57" uspid="1626" ordinal="2" offset="8" sl="13" sc="13" el="13" ec="28" />
                <SequencePoint vc="57" uspid="1627" ordinal="3" offset="16" sl="14" sc="13" el="14" ec="41" />
                <SequencePoint vc="57" uspid="1628" ordinal="4" offset="24" sl="15" sc="9" el="15" ec="10" />
              </SequencePoints>
              <BranchPoints />
              <MethodPoint xsi:type="SequencePoint" vc="57" uspid="1624" ordinal="0" offset="0" sl="11" sc="9" el="11" ec="58" />
            </Method>
            <Method visited="true" cyclomaticComplexity="1" sequenceCoverage="100" branchCoverage="100" isConstructor="false" isStatic="false" isGetter="false" isSetter="false">
              <MetadataToken>100663502</MetadataToken>
              <Name>System.Void DEMW.SpaceWar2.Physics.Force::Rotate(System.Single)</Name>
              <FileRef uid="52" />
              <SequencePoints>
                <SequencePoint vc="3" uspid="1629" ordinal="0" offset="0" sl="21" sc="9" el="21" ec="10" />
                <SequencePoint vc="3" uspid="1630" ordinal="1" offset="1" sl="22" sc="13" el="22" ec="58" />
                <SequencePoint vc="3" uspid="1631" ordinal="2" offset="8" sl="23" sc="13" el="23" ec="58" />
                <SequencePoint vc="3" uspid="1632" ordinal="3" offset="27" sl="24" sc="13" el="24" ec="70" />
                <SequencePoint vc="3" uspid="1633" ordinal="4" offset="46" sl="25" sc="9" el="25" ec="10" />
              </SequencePoints>
              <BranchPoints />
              <MethodPoint xsi:type="SequencePoint" vc="3" uspid="1629" ordinal="0" offset="0" sl="21" sc="9" el="21" ec="10" />
            </Method>
            <Method visited="true" cyclomaticComplexity="1" sequenceCoverage="100" branchCoverage="100" isConstructor="false" isStatic="false" isGetter="false" isSetter="false">
              <MetadataToken>100663503</MetadataToken>
              <Name>System.Void DEMW.SpaceWar2.Physics.Force::AddVector(Microsoft.Xna.Framework.Vector2)</Name>
              <FileRef uid="52" />
              <SequencePoints>
                <SequencePoint vc="2" uspid="1634" ordinal="0" offset="0" sl="28" sc="9" el="28" ec="10" />
                <SequencePoint vc="2" uspid="1635" ordinal="1" offset="1" sl="29" sc="13" el="29" ec="30" />
                <SequencePoint vc="2" uspid="1636" ordinal="2" offset="20" sl="30" sc="9" el="30" ec="10" />
              </SequencePoints>
              <BranchPoints />
              <MethodPoint xsi:type="SequencePoint" vc="2" uspid="1634" ordinal="0" offset="0" sl="28" sc="9" el="28" ec="10" />
            </Method>
          </Methods>
        </Class>
        <Class>
          <FullName>DEMW.SpaceWar2.Graphics.InfoBar</FullName>
          <Methods>
            <Method visited="false" cyclomaticComplexity="1" sequenceCoverage="0" branchCoverage="0" isConstructor="false" isStatic="false" isGetter="true" isSetter="false">
              <MetadataToken>100663504</MetadataToken>
              <Name>Microsoft.Xna.Framework.Vector2 DEMW.SpaceWar2.Graphics.InfoBar::get_Position()</Name>
              <SequencePoints />
              <BranchPoints />
              <MethodPoint vc="0" uspid="1637" ordinal="0" offset="0" />
            </Method>
            <Method visited="false" cyclomaticComplexity="1" sequenceCoverage="0" branchCoverage="0" isConstructor="false" isStatic="false" isGetter="false" isSetter="true">
              <MetadataToken>100663505</MetadataToken>
              <Name>System.Void DEMW.SpaceWar2.Graphics.InfoBar::set_Position(Microsoft.Xna.Framework.Vector2)</Name>
              <SequencePoints />
              <BranchPoints />
              <MethodPoint vc="0" uspid="1638" ordinal="0" offset="0" />
            </Method>
            <Method visited="false" cyclomaticComplexity="1" sequenceCoverage="0" branchCoverage="0" isConstructor="false" isStatic="false" isGetter="true" isSetter="false">
              <MetadataToken>100663506</MetadataToken>
              <Name>Microsoft.Xna.Framework.Color DEMW.SpaceWar2.Graphics.InfoBar::get_FontColor()</Name>
              <SequencePoints />
              <BranchPoints />
              <MethodPoint vc="0" uspid="1639" ordinal="0" offset="0" />
            </Method>
            <Method visited="false" cyclomaticComplexity="1" sequenceCoverage="0" branchCoverage="0" isConstructor="false" isStatic="false" isGetter="false" isSetter="true">
              <MetadataToken>100663507</MetadataToken>
              <Name>System.Void DEMW.SpaceWar2.Graphics.InfoBar::set_FontColor(Microsoft.Xna.Framework.Color)</Name>
              <SequencePoints />
              <BranchPoints />
              <MethodPoint vc="0" uspid="1640" ordinal="0" offset="0" />
            </Method>
            <Method visited="false" cyclomaticComplexity="1" sequenceCoverage="0" branchCoverage="0" isConstructor="true" isStatic="false" isGetter="false" isSetter="false">
              <MetadataToken>100663508</MetadataToken>
              <Name>System.Void DEMW.SpaceWar2.Graphics.InfoBar::.ctor(Microsoft.Xna.Framework.Graphics.SpriteBatch,Microsoft.Xna.Framework.Content.ContentManager)</Name>
              <FileRef uid="53" />
              <SequencePoints>
                <SequencePoint vc="0" uspid="1641" ordinal="0" offset="0" sl="21" sc="9" el="21" ec="79" />
                <SequencePoint vc="0" uspid="1642" ordinal="1" offset="7" sl="22" sc="9" el="22" ec="10" />
                <SequencePoint vc="0" uspid="1643" ordinal="2" offset="8" sl="23" sc="13" el="23" ec="40" />
                <SequencePoint vc="0" uspid="1644" ordinal="3" offset="15" sl="24" sc="13" el="24" ec="76" />
                <SequencePoint vc="0" uspid="1645" ordinal="4" offset="32" sl="26" sc="13" el="26" ec="44" />
                <SequencePoint vc="0" uspid="1646" ordinal="5" offset="54" sl="28" sc="13" el="28" ec="21" />
                <SequencePoint vc="0" uspid="1647" ordinal="6" offset="61" sl="30" sc="13" el="30" ec="41" />
                <SequencePoint vc="0" uspid="1648" ordinal="7" offset="73" sl="31" sc="9" el="31" ec="10" />
              </SequencePoints>
              <BranchPoints />
              <MethodPoint xsi:type="SequencePoint" vc="0" uspid="1641" ordinal="0" offset="0" sl="21" sc="9" el="21" ec="79" />
            </Method>
            <Method visited="false" cyclomaticComplexity="1" sequenceCoverage="0" branchCoverage="0" isConstructor="false" isStatic="false" isGetter="false" isSetter="false">
              <MetadataToken>100663509</MetadataToken>
              <Name>System.Void DEMW.SpaceWar2.Graphics.InfoBar::Reset()</Name>
              <FileRef uid="53" />
              <SequencePoints>
                <SequencePoint vc="0" uspid="1649" ordinal="0" offset="0" sl="34" sc="9" el="34" ec="10" />
                <SequencePoint vc="0" uspid="1650" ordinal="1" offset="1" sl="35" sc="13" el="35" ec="41" />
                <SequencePoint vc="0" uspid="1651" ordinal="2" offset="13" sl="36" sc="9" el="36" ec="10" />
              </SequencePoints>
              <BranchPoints />
              <MethodPoint xsi:type="SequencePoint" vc="0" uspid="1649" ordinal="0" offset="0" sl="34" sc="9" el="34" ec="10" />
            </Method>
            <Method visited="false" cyclomaticComplexity="1" sequenceCoverage="0" branchCoverage="0" isConstructor="false" isStatic="false" isGetter="false" isSetter="false">
              <MetadataToken>100663510</MetadataToken>
              <Name>System.Void DEMW.SpaceWar2.Graphics.InfoBar::DrawShipInfo(DEMW.SpaceWar2.GameObjects.Ship)</Name>
              <FileRef uid="53" />
              <SequencePoints>
                <SequencePoint vc="0" uspid="1652" ordinal="0" offset="0" sl="39" sc="9" el="39" ec="10" />
                <SequencePoint vc="0" uspid="1653" ordinal="1" offset="1" sl="40" sc="13" el="40" ec="107" />
                <SequencePoint vc="0" uspid="1654" ordinal="2" offset="48" sl="41" sc="13" el="41" ec="107" />
                <SequencePoint vc="0" uspid="1655" ordinal="3" offset="95" sl="42" sc="13" el="42" ec="107" />
                <SequencePoint vc="0" uspid="1656" ordinal="4" offset="142" sl="43" sc="13" el="43" ec="107" />
                <SequencePoint vc="0" uspid="1657" ordinal="5" offset="189" sl="44" sc="13" el="44" ec="25" />
                <SequencePoint vc="0" uspid="1658" ordinal="6" offset="196" sl="45" sc="13" el="45" ec="103" />
                <SequencePoint vc="0" uspid="1659" ordinal="7" offset="238" sl="46" sc="13" el="46" ec="117" />
                <SequencePoint vc="0" uspid="1660" ordinal="8" offset="280" sl="47" sc="13" el="47" ec="25" />
                <SequencePoint vc="0" uspid="1661" ordinal="9" offset="287" sl="48" sc="13" el="48" ec="101" />
                <SequencePoint vc="0" uspid="1662" ordinal="10" offset="329" sl="49" sc="13" el="49" ec="99" />
                <SequencePoint vc="0" uspid="1663" ordinal="11" offset="371" sl="50" sc="13" el="50" ec="99" />
                <SequencePoint vc="0" uspid="1664" ordinal="12" offset="413" sl="52" sc="13" el="52" ec="25" />
                <SequencePoint vc="0" uspid="1665" ordinal="13" offset="420" sl="53" sc="13" el="53" ec="25" />
                <SequencePoint vc="0" uspid="1666" ordinal="14" offset="427" sl="54" sc="13" el="54" ec="25" />
                <SequencePoint vc="0" uspid="1667" ordinal="15" offset="434" sl="55" sc="13" el="55" ec="25" />
                <SequencePoint vc="0" uspid="1668" ordinal="16" offset="441" sl="56" sc="9" el="56" ec="10" />
              </SequencePoints>
              <BranchPoints />
              <MethodPoint xsi:type="SequencePoint" vc="0" uspid="1652" ordinal="0" offset="0" sl="39" sc="9" el="39" ec="10" />
            </Method>
            <Method visited="false" cyclomaticComplexity="1" sequenceCoverage="0" branchCoverage="0" isConstructor="false" isStatic="false" isGetter="false" isSetter="false">
              <MetadataToken>100663511</MetadataToken>
              <Name>System.Void DEMW.SpaceWar2.Graphics.InfoBar::DrawString(System.String,System.String)</Name>
              <FileRef uid="53" />
              <SequencePoints>
                <SequencePoint vc="0" uspid="1669" ordinal="0" offset="0" sl="59" sc="9" el="59" ec="10" />
                <SequencePoint vc="0" uspid="1670" ordinal="1" offset="1" sl="60" sc="13" el="60" ec="34" />
                <SequencePoint vc="0" uspid="1671" ordinal="2" offset="13" sl="61" sc="13" el="61" ec="97" />
                <SequencePoint vc="0" uspid="1672" ordinal="3" offset="55" sl="62" sc="13" el="62" ec="32" />
                <SequencePoint vc="0" uspid="1673" ordinal="4" offset="67" sl="64" sc="13" el="64" ec="25" />
                <SequencePoint vc="0" uspid="1674" ordinal="5" offset="74" sl="65" sc="9" el="65" ec="10" />
              </SequencePoints>
              <BranchPoints />
              <MethodPoint xsi:type="SequencePoint" vc="0" uspid="1669" ordinal="0" offset="0" sl="59" sc="9" el="59" ec="10" />
            </Method>
            <Method visited="false" cyclomaticComplexity="1" sequenceCoverage="0" branchCoverage="0" isConstructor="false" isStatic="false" isGetter="false" isSetter="false">
              <MetadataToken>100663512</MetadataToken>
              <Name>System.Void DEMW.SpaceWar2.Graphics.InfoBar::LineBreak()</Name>
              <FileRef uid="53" />
              <SequencePoints>
                <SequencePoint vc="0" uspid="1675" ordinal="0" offset="0" sl="68" sc="9" el="68" ec="10" />
                <SequencePoint vc="0" uspid="1676" ordinal="1" offset="1" sl="69" sc="13" el="69" ec="67" />
                <SequencePoint vc="0" uspid="1677" ordinal="2" offset="40" sl="70" sc="9" el="70" ec="10" />
              </SequencePoints>
              <BranchPoints />
              <MethodPoint xsi:type="SequencePoint" vc="0" uspid="1675" ordinal="0" offset="0" sl="68" sc="9" el="68" ec="10" />
            </Method>
          </Methods>
        </Class>
      </Classes>
    </Module>
    <Module skippedDueTo="MissingPdb" hash="11-15-9E-7A-82-95-E5-7B-AF-9B-3A-27-8B-91-51-81-A8-A3-54-7A">
      <FullName>C:\users\dave\Documents\Visual Studio 2010\Projects\SpaceWar2\SpaceWar2Tests\bin\Debug\NSubstitute.dll</FullName>
      <ModuleName>NSubstitute</ModuleName>
      <Classes />
    </Module>
    <Module skippedDueTo="MissingPdb" hash="70-20-4D-CF-4D-7B-D1-12-EF-74-36-34-E1-3D-C8-02-D5-25-9F-BA">
      <FullName>C:\Windows\Microsoft.Net\assembly\GAC_32\Microsoft.Xna.Framework\v4.0_4.0.0.0__842cf8be1de50553\Microsoft.Xna.Framework.dll</FullName>
      <ModuleName>Microsoft.Xna.Framework</ModuleName>
      <Classes />
    </Module>
    <Module skippedDueTo="Filter" hash="46-EC-EB-09-5E-69-06-E5-72-70-5D-50-E7-00-86-89-58-EF-35-E3">
      <FullName>C:\Windows\Microsoft.Net\assembly\GAC_MSIL\System.ServiceModel\v4.0_4.0.0.0__b77a5c561934e089\System.ServiceModel.dll</FullName>
      <ModuleName>System.ServiceModel</ModuleName>
      <Classes />
    </Module>
    <Module skippedDueTo="Filter" hash="7F-D6-72-D4-75-13-1C-2D-BC-05-8E-1D-2D-EF-A9-94-4F-69-97-07">
      <FullName>C:\Windows\Microsoft.Net\assembly\GAC_MSIL\System.Core\v4.0_4.0.0.0__b77a5c561934e089\System.Core.dll</FullName>
      <ModuleName>System.Core</ModuleName>
      <Classes />
    </Module>
    <Module skippedDueTo="MissingPdb" hash="">
      <FullName>RefEmit_InMemoryManifestModule</FullName>
      <ModuleName>DynamicProxyGenAssembly2</ModuleName>
      <Classes />
    </Module>
    <Module skippedDueTo="MissingPdb" hash="">
      <FullName>RefEmit_InMemoryManifestModule</FullName>
      <ModuleName>DynamicProxyGenAssembly2</ModuleName>
      <Classes />
    </Module>
    <Module skippedDueTo="MissingPdb" hash="62-D8-B9-BB-45-91-CC-03-7C-9A-0B-0D-B2-79-BF-B9-55-3E-F4-8C">
      <FullName>C:\Windows\Microsoft.Net\assembly\GAC_32\Microsoft.Xna.Framework.Graphics\v4.0_4.0.0.0__842cf8be1de50553\Microsoft.Xna.Framework.Graphics.dll</FullName>
      <ModuleName>Microsoft.Xna.Framework.Graphics</ModuleName>
      <Classes />
    </Module>
    <Module skippedDueTo="MissingPdb" hash="">
      <FullName>RefEmit_InMemoryManifestModule</FullName>
      <ModuleName>Anonymously Hosted DynamicMethods Assembly</ModuleName>
      <Classes />
    </Module>
    <Module skippedDueTo="MissingPdb" hash="D1-C4-98-63-AD-29-A5-9C-34-1C-45-A4-42-7C-6A-72-A9-E4-EA-3B">
      <FullName>C:\Windows\Microsoft.Net\assembly\GAC_32\Microsoft.Xna.Framework.Game\v4.0_4.0.0.0__842cf8be1de50553\Microsoft.Xna.Framework.Game.dll</FullName>
      <ModuleName>Microsoft.Xna.Framework.Game</ModuleName>
      <Classes />
    </Module>
  </Modules>
</CoverageSession>