<?xml version="1.0" encoding="utf-8"?>
<CoverageSession xmlns:xsd="http://www.w3.org/2001/XMLSchema" xmlns:xsi="http://www.w3.org/2001/XMLSchema-instance">
  <Modules>
    <Module skippedDueTo="Filter" hash="84-19-A7-81-5D-8A-A1-EE-1B-8A-1D-46-7A-AF-1D-1C-D0-1A-16-9E">
      <FullName>C:\Windows\assembly\GAC_32\mscorlib\2.0.0.0__b77a5c561934e089\mscorlib.dll</FullName>
      <ModuleName>mscorlib</ModuleName>
      <Classes />
    </Module>
    <Module skippedDueTo="Filter" hash="F9-04-A8-31-CD-FB-23-72-95-63-5D-14-9A-A0-66-8E-7F-44-93-7A">
      <FullName>C:\Windows\assembly\GAC_32\mscorlib\2.0.0.0__b77a5c561934e089\sorttbls.nlp</FullName>
      <ModuleName>mscorlib</ModuleName>
      <Classes />
    </Module>
    <Module skippedDueTo="MissingPdb" hash="DD-C7-B8-46-28-B0-4A-0B-84-CB-A2-DD-7F-EC-4A-98-75-61-4C-17">
      <FullName>C:\Program Files (x86)\NUnit 2.6.2\bin\nunit-console-x86.exe</FullName>
      <ModuleName>nunit-console-x86</ModuleName>
      <Classes />
    </Module>
    <Module skippedDueTo="MissingPdb" hash="79-F8-9A-22-4E-29-52-37-00-CF-81-FF-1F-EA-05-EC-74-2A-2E-C8">
      <FullName>C:\Program Files (x86)\NUnit 2.6.2\bin\lib\nunit-console-runner.dll</FullName>
      <ModuleName>nunit-console-runner</ModuleName>
      <Classes />
    </Module>
    <Module skippedDueTo="MissingPdb" hash="23-35-8C-86-05-D5-AE-FE-3C-1F-09-A0-86-02-40-7C-4F-CA-59-41">
      <FullName>C:\Program Files (x86)\NUnit 2.6.2\bin\lib\nunit.core.dll</FullName>
      <ModuleName>nunit.core</ModuleName>
      <Classes />
    </Module>
    <Module skippedDueTo="MissingPdb" hash="57-DD-20-42-DA-33-B3-EE-DA-8C-8E-25-C9-E5-07-B5-08-62-0F-88">
      <FullName>C:\Program Files (x86)\NUnit 2.6.2\bin\lib\nunit.util.dll</FullName>
      <ModuleName>nunit.util</ModuleName>
      <Classes />
    </Module>
    <Module skippedDueTo="MissingPdb" hash="AD-76-2F-3C-5E-F6-77-0D-C6-AD-AF-A3-90-85-28-07-2D-A0-59-50">
      <FullName>C:\Program Files (x86)\NUnit 2.6.2\bin\lib\nunit.core.interfaces.dll</FullName>
      <ModuleName>nunit.core.interfaces</ModuleName>
      <Classes />
    </Module>
    <Module skippedDueTo="Filter" hash="6E-30-2E-50-36-FB-60-2C-8E-50-C0-83-54-8B-CC-EA-A8-91-B6-CC">
      <FullName>C:\Windows\assembly\GAC_32\mscorlib\2.0.0.0__b77a5c561934e089\sortkey.nlp</FullName>
      <ModuleName>mscorlib</ModuleName>
      <Classes />
    </Module>
    <Module skippedDueTo="Filter" hash="9C-94-42-8B-62-A5-15-B5-51-84-5C-71-7F-D3-E7-5A-7E-85-31-87">
      <FullName>C:\Windows\assembly\GAC_MSIL\System.Configuration\2.0.0.0__b03f5f7f11d50a3a\System.Configuration.dll</FullName>
      <ModuleName>System.Configuration</ModuleName>
      <Classes />
    </Module>
    <Module skippedDueTo="Filter" hash="15-17-61-AB-4A-D7-1B-43-24-FA-DA-0C-E9-23-26-67-BF-1F-B4-75">
      <FullName>C:\Windows\assembly\GAC_MSIL\System\2.0.0.0__b77a5c561934e089\System.dll</FullName>
      <ModuleName>System</ModuleName>
      <Classes />
    </Module>
    <Module skippedDueTo="Filter" hash="F1-7D-6A-27-58-B4-36-F8-0B-89-50-5E-CA-EE-F6-22-99-A8-65-41">
      <FullName>C:\Windows\assembly\GAC_MSIL\System.Xml\2.0.0.0__b77a5c561934e089\System.Xml.dll</FullName>
      <ModuleName>System.Xml</ModuleName>
      <Classes />
    </Module>
    <Module skippedDueTo="Filter" hash="FD-F4-B7-70-2D-F1-F3-04-39-92-18-C8-86-1A-16-F8-F1-3D-F4-B5">
      <FullName>C:\Windows\assembly\GAC_MSIL\System.Runtime.Remoting\2.0.0.0__b77a5c561934e089\System.Runtime.Remoting.dll</FullName>
      <ModuleName>System.Runtime.Remoting</ModuleName>
      <Classes />
    </Module>
    <Module skippedDueTo="Filter" hash="EE-B3-B3-2D-A9-5E-60-BF-64-23-CD-F8-AC-EF-D3-61-9E-D5-15-B2">
      <FullName>C:\Windows\Microsoft.Net\assembly\GAC_32\mscorlib\v4.0_4.0.0.0__b77a5c561934e089\mscorlib.dll</FullName>
      <ModuleName>mscorlib</ModuleName>
      <Classes />
    </Module>
    <Module skippedDueTo="MissingPdb" hash="6D-DC-5C-CD-CD-17-D8-34-8A-02-0A-F6-CB-BC-84-81-BD-88-CB-86">
      <FullName>C:\Program Files (x86)\NUnit 2.6.2\bin\nunit-agent-x86.exe</FullName>
      <ModuleName>nunit-agent-x86</ModuleName>
      <Classes />
    </Module>
    <Module skippedDueTo="MissingPdb" hash="23-35-8C-86-05-D5-AE-FE-3C-1F-09-A0-86-02-40-7C-4F-CA-59-41">
      <FullName>C:\Program Files (x86)\NUnit 2.6.2\bin\lib\nunit.core.dll</FullName>
      <ModuleName>nunit.core</ModuleName>
      <Classes />
    </Module>
    <Module skippedDueTo="MissingPdb" hash="57-DD-20-42-DA-33-B3-EE-DA-8C-8E-25-C9-E5-07-B5-08-62-0F-88">
      <FullName>C:\Program Files (x86)\NUnit 2.6.2\bin\lib\nunit.util.dll</FullName>
      <ModuleName>nunit.util</ModuleName>
      <Classes />
    </Module>
    <Module skippedDueTo="MissingPdb" hash="AD-76-2F-3C-5E-F6-77-0D-C6-AD-AF-A3-90-85-28-07-2D-A0-59-50">
      <FullName>C:\Program Files (x86)\NUnit 2.6.2\bin\lib\nunit.core.interfaces.dll</FullName>
      <ModuleName>nunit.core.interfaces</ModuleName>
      <Classes />
    </Module>
    <Module skippedDueTo="Filter" hash="B1-A1-88-52-29-57-D2-47-E5-18-30-D6-0D-26-D1-3B-BA-2A-A1-02">
      <FullName>C:\Windows\Microsoft.Net\assembly\GAC_MSIL\System\v4.0_4.0.0.0__b77a5c561934e089\System.dll</FullName>
      <ModuleName>System</ModuleName>
      <Classes />
    </Module>
    <Module skippedDueTo="Filter" hash="84-64-E1-D2-0A-E2-91-23-AD-BD-B9-7A-3C-89-7B-66-65-58-46-1C">
      <FullName>C:\Windows\Microsoft.Net\assembly\GAC_MSIL\System.Runtime.Remoting\v4.0_4.0.0.0__b77a5c561934e089\System.Runtime.Remoting.dll</FullName>
      <ModuleName>System.Runtime.Remoting</ModuleName>
      <Classes />
    </Module>
    <Module skippedDueTo="Filter" hash="80-32-3B-47-08-F0-74-C4-64-F6-98-9B-54-B3-69-B5-B9-29-D3-E9">
      <FullName>C:\Windows\Microsoft.Net\assembly\GAC_MSIL\System.Configuration\v4.0_4.0.0.0__b03f5f7f11d50a3a\System.Configuration.dll</FullName>
      <ModuleName>System.Configuration</ModuleName>
      <Classes />
    </Module>
    <Module skippedDueTo="Filter" hash="4B-C6-12-DA-61-6B-39-09-CD-DF-A1-00-79-12-63-F9-8E-72-76-27">
      <FullName>C:\Windows\Microsoft.Net\assembly\GAC_MSIL\System.Xml\v4.0_4.0.0.0__b77a5c561934e089\System.Xml.dll</FullName>
      <ModuleName>System.Xml</ModuleName>
      <Classes />
    </Module>
    <Module skippedDueTo="Filter" hash="7A-D0-31-13-59-A0-E5-5D-1F-9F-09-25-09-64-2A-CA-EA-C9-5C-A0">
      <FullName>C:\Windows\Microsoft.Net\assembly\GAC_32\System.Web\v4.0_4.0.0.0__b03f5f7f11d50a3a\System.Web.dll</FullName>
      <ModuleName>System.Web</ModuleName>
      <Classes />
    </Module>
    <Module skippedDueTo="Filter" hash="82-5A-80-45-C6-AD-AB-A8-A5-DC-24-51-48-EB-B8-F4-92-9A-10-07">
      <FullName>C:\Windows\assembly\GAC_32\System.Web\2.0.0.0__b03f5f7f11d50a3a\System.Web.dll</FullName>
      <ModuleName>System.Web</ModuleName>
      <Classes />
    </Module>
    <Module skippedDueTo="MissingPdb" hash="23-35-8C-86-05-D5-AE-FE-3C-1F-09-A0-86-02-40-7C-4F-CA-59-41">
      <FullName>C:\Program Files (x86)\NUnit 2.6.2\bin\lib\nunit.core.dll</FullName>
      <ModuleName>nunit.core</ModuleName>
      <Classes />
    </Module>
    <Module skippedDueTo="Filter" hash="B1-A1-88-52-29-57-D2-47-E5-18-30-D6-0D-26-D1-3B-BA-2A-A1-02">
      <FullName>C:\Windows\Microsoft.Net\assembly\GAC_MSIL\System\v4.0_4.0.0.0__b77a5c561934e089\System.dll</FullName>
      <ModuleName>System</ModuleName>
      <Classes />
    </Module>
    <Module skippedDueTo="Filter" hash="4B-C6-12-DA-61-6B-39-09-CD-DF-A1-00-79-12-63-F9-8E-72-76-27">
      <FullName>C:\Windows\Microsoft.Net\assembly\GAC_MSIL\System.Xml\v4.0_4.0.0.0__b77a5c561934e089\System.Xml.dll</FullName>
      <ModuleName>System.Xml</ModuleName>
      <Classes />
    </Module>
    <Module skippedDueTo="MissingPdb" hash="AD-76-2F-3C-5E-F6-77-0D-C6-AD-AF-A3-90-85-28-07-2D-A0-59-50">
      <FullName>C:\Program Files (x86)\NUnit 2.6.2\bin\lib\nunit.core.interfaces.dll</FullName>
      <ModuleName>nunit.core.interfaces</ModuleName>
      <Classes />
    </Module>
    <Module skippedDueTo="Filter" hash="C0-63-DA-1A-36-B5-D5-CD-F7-41-2F-C0-83-29-35-A6-A7-E0-26-70">
      <FullName>C:\Users\Matt\Documents\GitHub\SpaceWar2\SpaceWar2Tests\bin\Debug\DEMW.SpaceWar2Tests.dll</FullName>
      <ModuleName>DEMW.SpaceWar2Tests</ModuleName>
      <Classes />
    </Module>
    <Module skippedDueTo="Filter" hash="58-95-C1-AF-C4-E5-C6-BB-F3-54-7A-B0-3C-B7-C6-29-C9-42-CA-D4">
      <FullName>C:\Windows\Microsoft.Net\assembly\GAC_MSIL\System.Core\v4.0_4.0.0.0__b77a5c561934e089\System.Core.dll</FullName>
      <ModuleName>System.Core</ModuleName>
      <Classes />
    </Module>
    <Module skippedDueTo="MissingPdb" hash="8D-AA-FD-2B-9E-44-F0-B4-6B-2D-C6-BA-46-07-EF-15-59-64-DB-0E">
      <FullName>C:\Windows\Microsoft.Net\assembly\GAC_32\Microsoft.Xna.Framework\v4.0_4.0.0.0__842cf8be1de50553\Microsoft.Xna.Framework.dll</FullName>
      <ModuleName>Microsoft.Xna.Framework</ModuleName>
      <Classes />
    </Module>
    <Module hash="1F-B2-F3-76-35-C5-28-6D-7D-C6-C6-E7-D5-D8-04-87-04-F9-E3-D9">
      <FullName>C:\Users\Matt\Documents\GitHub\SpaceWar2\SpaceWar2Tests\bin\Debug\DEMW.SpaceWar2.exe</FullName>
      <ModuleName>DEMW.SpaceWar2</ModuleName>
      <Files>
        <File uid="1" fullPath="C:\Users\Matt\Documents\GitHub\SpaceWar2\SpaceWar2\Graphics\DrawingManager.cs" />
        <File uid="2" fullPath="C:\Users\Matt\Documents\GitHub\SpaceWar2\SpaceWar2\GameObjects\ShipComponents\EnergyStore.cs" />
        <File uid="3" fullPath="C:\Users\Matt\Documents\GitHub\SpaceWar2\SpaceWar2\Controls\KeyboardHandler.cs" />
        <File uid="4" fullPath="C:\Users\Matt\Documents\GitHub\SpaceWar2\SpaceWar2\Utils\Extensions.cs" />
        <File uid="5" fullPath="C:\Users\Matt\Documents\GitHub\SpaceWar2\SpaceWar2\Physics\Force.cs" />
        <File uid="6" fullPath="C:\Users\Matt\Documents\GitHub\SpaceWar2\SpaceWar2\GameObjects\GameObject.cs" />
        <File uid="7" fullPath="C:\Users\Matt\Documents\GitHub\SpaceWar2\SpaceWar2\Physics\GravitySimulator.cs" />
        <File uid="8" fullPath="C:\Users\Matt\Documents\GitHub\SpaceWar2\SpaceWar2\GameObjects\Sun.cs" />
        <File uid="9" fullPath="C:\Users\Matt\Documents\GitHub\SpaceWar2\SpaceWar2\GameObjects\ShipComponents\Hull.cs" />
        <File uid="10" fullPath="C:\Users\Matt\Documents\GitHub\SpaceWar2\SpaceWar2\GameObjects\Ship.cs" />
        <File uid="11" fullPath="C:\Users\Matt\Documents\GitHub\SpaceWar2\SpaceWar2\Controls\ControllerFactory.cs" />
        <File uid="12" fullPath="C:\Users\Matt\Documents\GitHub\SpaceWar2\SpaceWar2\Controls\KeyboardController.cs" />
        <File uid="14" fullPath="C:\Users\Matt\Documents\GitHub\SpaceWar2\SpaceWar2\Graphics\Circle.cs" />
        <File uid="15" fullPath="C:\Users\Matt\Documents\GitHub\SpaceWar2\SpaceWar2\GameObjectFactory.cs" />
        <File uid="17" fullPath="C:\Users\Matt\Documents\GitHub\SpaceWar2\SpaceWar2\Graphics\GraphicsFactory.cs" />
        <File uid="18" fullPath="C:\Users\Matt\Documents\GitHub\SpaceWar2\SpaceWar2\GameObjects\ShipComponents\ThrusterArray.cs" />
        <File uid="19" fullPath="C:\Users\Matt\Documents\GitHub\SpaceWar2\SpaceWar2\GameObjects\ShipComponents\Shield.cs" />
        <File uid="20" fullPath="C:\Users\Matt\Documents\GitHub\SpaceWar2\SpaceWar2\Graphics\InfoBar.cs" />
        <File uid="21" fullPath="C:\Users\Matt\Documents\GitHub\SpaceWar2\SpaceWar2\SpaceWar2Game.cs" />
        <File uid="23" fullPath="C:\Users\Matt\Documents\GitHub\SpaceWar2\SpaceWar2\Graphics\Arrow.cs" />
        <File uid="24" fullPath="C:\Users\Matt\Documents\GitHub\SpaceWar2\SpaceWar2\GameObjects\ShipComponents\Thruster.cs" />
        <File uid="25" fullPath="C:\Users\Matt\Documents\GitHub\SpaceWar2\SpaceWar2\Graphics\Camera.cs" />
        <File uid="26" fullPath="C:\Users\Matt\Documents\GitHub\SpaceWar2\SpaceWar2\GameObjects\ShipComponentFactory.cs" />
        <File uid="27" fullPath="C:\Users\Matt\Documents\GitHub\SpaceWar2\SpaceWar2\Program.cs" />
        <File uid="28" fullPath="C:\Users\Matt\Documents\GitHub\SpaceWar2\SpaceWar2\Physics\Universe.cs" />
        <File uid="29" fullPath="C:\Users\Matt\Documents\GitHub\SpaceWar2\SpaceWar2\Controls\NullShipController.cs" />
      </Files>
      <Classes>
        <Class>
          <FullName>&lt;Module&gt;</FullName>
          <Methods />
        </Class>
        <Class>
          <FullName>DEMW.SpaceWar2.Graphics.DrawingManager</FullName>
          <Methods>
            <Method visited="false" cyclomaticComplexity="1" sequenceCoverage="0" branchCoverage="0" isConstructor="false" isStatic="false" isGetter="true" isSetter="false">
              <MetadataToken>100663302</MetadataToken>
              <Name>DEMW.SpaceWar2.Graphics.Camera DEMW.SpaceWar2.Graphics.DrawingManager::get_ActiveCamera()</Name>
              <SequencePoints />
              <BranchPoints />
              <MethodPoint vc="0" uspid="1" ordinal="0" offset="0" />
            </Method>
            <Method visited="false" cyclomaticComplexity="1" sequenceCoverage="0" branchCoverage="0" isConstructor="false" isStatic="false" isGetter="false" isSetter="true">
              <MetadataToken>100663303</MetadataToken>
              <Name>System.Void DEMW.SpaceWar2.Graphics.DrawingManager::set_ActiveCamera(DEMW.SpaceWar2.Graphics.Camera)</Name>
              <SequencePoints />
              <BranchPoints />
              <MethodPoint vc="0" uspid="2" ordinal="0" offset="0" />
            </Method>
            <Method visited="false" cyclomaticComplexity="1" sequenceCoverage="0" branchCoverage="0" isConstructor="true" isStatic="false" isGetter="false" isSetter="false">
              <MetadataToken>100663304</MetadataToken>
              <Name>System.Void DEMW.SpaceWar2.Graphics.DrawingManager::.ctor()</Name>
              <FileRef uid="1" />
              <SequencePoints>
                <SequencePoint vc="0" uspid="3" ordinal="0" offset="0" sl="16" sc="9" el="16" ec="34" />
                <SequencePoint vc="0" uspid="4" ordinal="1" offset="7" sl="17" sc="9" el="17" ec="10" />
                <SequencePoint vc="0" uspid="5" ordinal="2" offset="8" sl="18" sc="13" el="18" ec="56" />
                <SequencePoint vc="0" uspid="6" ordinal="3" offset="19" sl="19" sc="9" el="19" ec="10" />
              </SequencePoints>
              <BranchPoints />
              <MethodPoint xsi:type="SequencePoint" vc="0" uspid="3" ordinal="0" offset="0" sl="16" sc="9" el="16" ec="34" />
            </Method>
            <Method visited="false" cyclomaticComplexity="1" sequenceCoverage="0" branchCoverage="0" isConstructor="false" isStatic="false" isGetter="false" isSetter="false">
              <MetadataToken>100663305</MetadataToken>
              <Name>System.Void DEMW.SpaceWar2.Graphics.DrawingManager::Register(DEMW.SpaceWar2.GameObjects.IGameObject)</Name>
              <FileRef uid="1" />
              <SequencePoints>
                <SequencePoint vc="0" uspid="7" ordinal="0" offset="0" sl="22" sc="9" el="22" ec="10" />
                <SequencePoint vc="0" uspid="8" ordinal="1" offset="1" sl="23" sc="13" el="23" ec="46" />
                <SequencePoint vc="0" uspid="9" ordinal="2" offset="14" sl="24" sc="9" el="24" ec="10" />
              </SequencePoints>
              <BranchPoints />
              <MethodPoint xsi:type="SequencePoint" vc="0" uspid="7" ordinal="0" offset="0" sl="22" sc="9" el="22" ec="10" />
            </Method>
            <Method visited="false" cyclomaticComplexity="1" sequenceCoverage="0" branchCoverage="0" isConstructor="false" isStatic="false" isGetter="false" isSetter="false">
              <MetadataToken>100663306</MetadataToken>
              <Name>System.Void DEMW.SpaceWar2.Graphics.DrawingManager::UnRegister(DEMW.SpaceWar2.GameObjects.IGameObject)</Name>
              <FileRef uid="1" />
              <SequencePoints>
                <SequencePoint vc="0" uspid="10" ordinal="0" offset="0" sl="27" sc="9" el="27" ec="10" />
                <SequencePoint vc="0" uspid="11" ordinal="1" offset="1" sl="28" sc="13" el="28" ec="49" />
                <SequencePoint vc="0" uspid="12" ordinal="2" offset="14" sl="29" sc="9" el="29" ec="10" />
              </SequencePoints>
              <BranchPoints />
              <MethodPoint xsi:type="SequencePoint" vc="0" uspid="10" ordinal="0" offset="0" sl="27" sc="9" el="27" ec="10" />
            </Method>
            <Method visited="false" cyclomaticComplexity="2" sequenceCoverage="0" branchCoverage="0" isConstructor="false" isStatic="false" isGetter="false" isSetter="false">
              <MetadataToken>100663307</MetadataToken>
              <Name>System.Void DEMW.SpaceWar2.Graphics.DrawingManager::DrawGameObjects()</Name>
              <FileRef uid="1" />
              <SequencePoints>
                <SequencePoint vc="0" uspid="13" ordinal="0" offset="0" sl="32" sc="9" el="32" ec="10" />
                <SequencePoint vc="0" uspid="14" ordinal="1" offset="1" sl="33" sc="13" el="33" ec="38" />
                <SequencePoint vc="0" uspid="15" ordinal="2" offset="17" sl="34" sc="13" el="34" ec="14" />
                <SequencePoint vc="0" uspid="16" ordinal="3" offset="18" sl="35" sc="17" el="35" ec="92" />
                <SequencePoint vc="0" uspid="17" ordinal="4" offset="29" sl="38" sc="13" el="38" ec="44" />
                <SequencePoint vc="0" uspid="18" ordinal="5" offset="53" sl="39" sc="9" el="39" ec="10" />
              </SequencePoints>
              <BranchPoints>
                <BranchPoint vc="0" uspid="19" ordinal="0" offset="15" path="0" />
                <BranchPoint vc="0" uspid="20" ordinal="1" offset="15" path="1" />
              </BranchPoints>
              <MethodPoint xsi:type="SequencePoint" vc="0" uspid="13" ordinal="0" offset="0" sl="32" sc="9" el="32" ec="10" />
            </Method>
            <Method visited="false" cyclomaticComplexity="3" sequenceCoverage="0" branchCoverage="0" isConstructor="false" isStatic="false" isGetter="false" isSetter="false">
              <MetadataToken>100663308</MetadataToken>
              <Name>System.Void DEMW.SpaceWar2.Graphics.DrawingManager::Draw(DEMW.SpaceWar2.GameObjects.IGameObject)</Name>
              <FileRef uid="1" />
              <SequencePoints>
                <SequencePoint vc="0" uspid="21" ordinal="0" offset="0" sl="42" sc="9" el="42" ec="10" />
                <SequencePoint vc="0" uspid="22" ordinal="1" offset="1" sl="43" sc="13" el="43" ec="42" />
                <SequencePoint vc="0" uspid="23" ordinal="2" offset="8" sl="44" sc="13" el="44" ec="60" />
                <SequencePoint vc="0" uspid="24" ordinal="3" offset="25" sl="45" sc="13" el="45" ec="60" />
                <SequencePoint vc="0" uspid="25" ordinal="4" offset="33" sl="47" sc="13" el="47" ec="20" />
                <SequencePoint vc="0" uspid="26" ordinal="5" offset="34" sl="47" sc="45" el="47" ec="57" />
                <SequencePoint vc="0" uspid="27" ordinal="6" offset="52" sl="47" sc="22" el="47" ec="41" />
                <SequencePoint vc="0" uspid="28" ordinal="7" offset="60" sl="48" sc="13" el="48" ec="14" />
                <SequencePoint vc="0" uspid="29" ordinal="8" offset="61" sl="49" sc="17" el="49" ec="24" />
                <SequencePoint vc="0" uspid="30" ordinal="9" offset="62" sl="49" sc="48" el="49" ec="65" />
                <SequencePoint vc="0" uspid="31" ordinal="10" offset="80" sl="49" sc="26" el="49" ec="44" />
                <SequencePoint vc="0" uspid="32" ordinal="11" offset="93" sl="50" sc="17" el="50" ec="18" />
                <SequencePoint vc="0" uspid="33" ordinal="12" offset="94" sl="51" sc="21" el="51" ec="52" />
                <SequencePoint vc="0" uspid="34" ordinal="13" offset="101" sl="52" sc="21" el="52" ec="78" />
                <SequencePoint vc="0" uspid="35" ordinal="14" offset="128" sl="53" sc="21" el="53" ec="72" />
                <SequencePoint vc="0" uspid="36" ordinal="15" offset="150" sl="55" sc="21" el="57" ec="97" />
                <SequencePoint vc="0" uspid="37" ordinal="16" offset="221" sl="59" sc="21" el="59" ec="53" />
                <SequencePoint vc="0" uspid="38" ordinal="17" offset="239" sl="60" sc="21" el="60" ec="65" />
                <SequencePoint vc="0" uspid="39" ordinal="18" offset="257" sl="61" sc="17" el="61" ec="18" />
                <SequencePoint vc="0" uspid="40" ordinal="19" offset="258" sl="49" sc="45" el="49" ec="47" />
                <SequencePoint vc="0" uspid="41" ordinal="20" offset="292" sl="63" sc="17" el="63" ec="34" />
                <SequencePoint vc="0" uspid="42" ordinal="21" offset="299" sl="64" sc="13" el="64" ec="14" />
                <SequencePoint vc="0" uspid="43" ordinal="22" offset="300" sl="47" sc="42" el="47" ec="44" />
                <SequencePoint vc="0" uspid="44" ordinal="23" offset="334" sl="65" sc="9" el="65" ec="10" />
              </SequencePoints>
              <BranchPoints>
                <BranchPoint vc="0" uspid="45" ordinal="0" offset="269" path="0" />
                <BranchPoint vc="0" uspid="46" ordinal="1" offset="269" path="1" />
                <BranchPoint vc="0" uspid="47" ordinal="2" offset="311" path="0" />
                <BranchPoint vc="0" uspid="48" ordinal="3" offset="311" path="1" />
              </BranchPoints>
              <MethodPoint xsi:type="SequencePoint" vc="0" uspid="21" ordinal="0" offset="0" sl="42" sc="9" el="42" ec="10" />
            </Method>
            <Method visited="false" cyclomaticComplexity="1" sequenceCoverage="0" branchCoverage="0" isConstructor="false" isStatic="false" isGetter="false" isSetter="false">
              <MetadataToken>100663309</MetadataToken>
              <Name>System.Void DEMW.SpaceWar2.Graphics.DrawingManager::ResetCamera(DEMW.SpaceWar2.Physics.IUniverse)</Name>
              <FileRef uid="1" />
              <SequencePoints>
                <SequencePoint vc="0" uspid="49" ordinal="0" offset="0" sl="68" sc="9" el="68" ec="10" />
                <SequencePoint vc="0" uspid="50" ordinal="1" offset="1" sl="69" sc="13" el="69" ec="73" />
                <SequencePoint vc="0" uspid="51" ordinal="2" offset="19" sl="70" sc="9" el="70" ec="10" />
              </SequencePoints>
              <BranchPoints />
              <MethodPoint xsi:type="SequencePoint" vc="0" uspid="49" ordinal="0" offset="0" sl="68" sc="9" el="68" ec="10" />
            </Method>
          </Methods>
        </Class>
        <Class>
          <FullName>DEMW.SpaceWar2.GameObjects.ShipComponents.EnergyStore</FullName>
          <Methods>
            <Method visited="true" cyclomaticComplexity="1" sequenceCoverage="0" branchCoverage="0" isConstructor="false" isStatic="false" isGetter="true" isSetter="false">
              <MetadataToken>100663313</MetadataToken>
              <Name>System.Single DEMW.SpaceWar2.GameObjects.ShipComponents.EnergyStore::get_Level()</Name>
              <SequencePoints />
              <BranchPoints />
              <MethodPoint vc="30" uspid="52" ordinal="0" offset="0" />
            </Method>
            <Method visited="true" cyclomaticComplexity="1" sequenceCoverage="0" branchCoverage="0" isConstructor="false" isStatic="false" isGetter="false" isSetter="true">
              <MetadataToken>100663314</MetadataToken>
              <Name>System.Void DEMW.SpaceWar2.GameObjects.ShipComponents.EnergyStore::set_Level(System.Single)</Name>
              <SequencePoints />
              <BranchPoints />
              <MethodPoint vc="21" uspid="53" ordinal="0" offset="0" />
            </Method>
            <Method visited="true" cyclomaticComplexity="1" sequenceCoverage="100" branchCoverage="100" isConstructor="true" isStatic="false" isGetter="false" isSetter="false">
              <MetadataToken>100663315</MetadataToken>
              <Name>System.Void DEMW.SpaceWar2.GameObjects.ShipComponents.EnergyStore::.ctor(System.Single,System.Single)</Name>
              <FileRef uid="2" />
              <SequencePoints>
                <SequencePoint vc="11" uspid="54" ordinal="0" offset="0" sl="12" sc="9" el="12" ec="63" />
                <SequencePoint vc="11" uspid="55" ordinal="1" offset="7" sl="13" sc="9" el="13" ec="10" />
                <SequencePoint vc="11" uspid="56" ordinal="2" offset="8" sl="14" sc="13" el="14" ec="34" />
                <SequencePoint vc="11" uspid="57" ordinal="3" offset="15" sl="15" sc="13" el="15" ec="42" />
                <SequencePoint vc="11" uspid="58" ordinal="4" offset="22" sl="16" sc="13" el="16" ec="30" />
                <SequencePoint vc="11" uspid="59" ordinal="5" offset="30" sl="17" sc="9" el="17" ec="10" />
              </SequencePoints>
              <BranchPoints />
              <MethodPoint xsi:type="SequencePoint" vc="11" uspid="54" ordinal="0" offset="0" sl="12" sc="9" el="12" ec="63" />
            </Method>
            <Method visited="true" cyclomaticComplexity="5" sequenceCoverage="100" branchCoverage="100" isConstructor="false" isStatic="false" isGetter="false" isSetter="false">
              <MetadataToken>100663316</MetadataToken>
              <Name>System.Single DEMW.SpaceWar2.GameObjects.ShipComponents.EnergyStore::RequestEnergy(System.Single)</Name>
              <FileRef uid="2" />
              <SequencePoints>
                <SequencePoint vc="9" uspid="60" ordinal="0" offset="0" sl="20" sc="9" el="20" ec="10" />
                <SequencePoint vc="9" uspid="61" ordinal="1" offset="1" sl="21" sc="13" el="21" ec="38" />
                <SequencePoint vc="1" uspid="62" ordinal="2" offset="16" sl="22" sc="13" el="22" ec="14" />
                <SequencePoint vc="1" uspid="63" ordinal="3" offset="17" sl="23" sc="17" el="23" ec="87" />
                <SequencePoint vc="8" uspid="64" ordinal="4" offset="28" sl="26" sc="13" el="26" ec="41" />
                <SequencePoint vc="1" uspid="65" ordinal="5" offset="40" sl="27" sc="13" el="27" ec="14" />
                <SequencePoint vc="1" uspid="66" ordinal="6" offset="41" sl="28" sc="17" el="28" ec="27" />
                <SequencePoint vc="7" uspid="67" ordinal="7" offset="49" sl="31" sc="13" el="31" ec="84" />
                <SequencePoint vc="7" uspid="68" ordinal="8" offset="68" sl="33" sc="13" el="33" ec="37" />
                <SequencePoint vc="7" uspid="69" ordinal="9" offset="83" sl="35" sc="13" el="35" ec="35" />
                <SequencePoint vc="8" uspid="70" ordinal="10" offset="87" sl="36" sc="9" el="36" ec="10" />
              </SequencePoints>
              <BranchPoints>
                <BranchPoint vc="1" uspid="71" ordinal="0" offset="14" path="0" />
                <BranchPoint vc="8" uspid="72" ordinal="1" offset="14" path="1" />
                <BranchPoint vc="1" uspid="73" ordinal="2" offset="38" path="0" />
                <BranchPoint vc="7" uspid="74" ordinal="3" offset="38" path="1" />
                <BranchPoint vc="5" uspid="75" ordinal="4" offset="56" path="0" />
                <BranchPoint vc="2" uspid="76" ordinal="5" offset="56" path="1" />
              </BranchPoints>
              <MethodPoint xsi:type="SequencePoint" vc="9" uspid="60" ordinal="0" offset="0" sl="20" sc="9" el="20" ec="10" />
            </Method>
            <Method visited="true" cyclomaticComplexity="4" sequenceCoverage="100" branchCoverage="100" isConstructor="false" isStatic="false" isGetter="false" isSetter="false">
              <MetadataToken>100663317</MetadataToken>
              <Name>System.Void DEMW.SpaceWar2.GameObjects.ShipComponents.EnergyStore::Recharge(System.Single)</Name>
              <FileRef uid="2" />
              <SequencePoints>
                <SequencePoint vc="4" uspid="77" ordinal="0" offset="0" sl="39" sc="9" el="39" ec="10" />
                <SequencePoint vc="4" uspid="78" ordinal="1" offset="1" sl="40" sc="13" el="40" ec="28" />
                <SequencePoint vc="1" uspid="79" ordinal="2" offset="16" sl="41" sc="13" el="41" ec="14" />
                <SequencePoint vc="1" uspid="80" ordinal="3" offset="17" sl="42" sc="17" el="42" ec="77" />
                <SequencePoint vc="3" uspid="81" ordinal="4" offset="28" sl="46" sc="13" el="46" ec="31" />
                <SequencePoint vc="1" uspid="82" ordinal="5" offset="40" sl="47" sc="13" el="47" ec="14" />
                <SequencePoint vc="1" uspid="83" ordinal="6" offset="41" sl="48" sc="17" el="48" ec="24" />
                <SequencePoint vc="2" uspid="84" ordinal="7" offset="43" sl="52" sc="13" el="52" ec="45" />
                <SequencePoint vc="2" uspid="85" ordinal="8" offset="65" sl="54" sc="13" el="54" ec="35" />
                <SequencePoint vc="1" uspid="86" ordinal="9" offset="86" sl="55" sc="13" el="55" ec="14" />
                <SequencePoint vc="1" uspid="87" ordinal="10" offset="87" sl="56" sc="17" el="56" ec="35" />
                <SequencePoint vc="1" uspid="88" ordinal="11" offset="100" sl="58" sc="13" el="58" ec="14" />
                <SequencePoint vc="3" uspid="89" ordinal="12" offset="101" sl="60" sc="9" el="60" ec="10" />
              </SequencePoints>
              <BranchPoints>
                <BranchPoint vc="1" uspid="90" ordinal="0" offset="14" path="0" />
                <BranchPoint vc="3" uspid="91" ordinal="1" offset="14" path="1" />
                <BranchPoint vc="1" uspid="92" ordinal="2" offset="38" path="0" />
                <BranchPoint vc="2" uspid="93" ordinal="3" offset="38" path="1" />
                <BranchPoint vc="1" uspid="94" ordinal="4" offset="84" path="0" />
                <BranchPoint vc="1" uspid="95" ordinal="5" offset="84" path="1" />
              </BranchPoints>
              <MethodPoint xsi:type="SequencePoint" vc="4" uspid="77" ordinal="0" offset="0" sl="39" sc="9" el="39" ec="10" />
            </Method>
          </Methods>
        </Class>
        <Class skippedDueTo="Filter">
          <FullName>DEMW.SpaceWar2.Utils.XnaWrappers.KeyboardWrapper</FullName>
          <Methods />
        </Class>
        <Class>
          <FullName>DEMW.SpaceWar2.Controls.KeyboardHandler</FullName>
          <Methods>
            <Method visited="true" cyclomaticComplexity="1" sequenceCoverage="100" branchCoverage="100" isConstructor="true" isStatic="false" isGetter="false" isSetter="false">
              <MetadataToken>100663324</MetadataToken>
              <Name>System.Void DEMW.SpaceWar2.Controls.KeyboardHandler::.ctor(DEMW.SpaceWar2.Utils.XnaWrappers.IKeyboard)</Name>
              <FileRef uid="3" />
              <SequencePoints>
                <SequencePoint vc="6" uspid="96" ordinal="0" offset="0" sl="12" sc="9" el="12" ec="51" />
                <SequencePoint vc="6" uspid="97" ordinal="1" offset="7" sl="13" sc="9" el="13" ec="10" />
                <SequencePoint vc="6" uspid="98" ordinal="2" offset="8" sl="14" sc="13" el="14" ec="34" />
                <SequencePoint vc="6" uspid="99" ordinal="3" offset="15" sl="15" sc="13" el="15" ec="51" />
                <SequencePoint vc="6" uspid="100" ordinal="4" offset="32" sl="16" sc="13" el="16" ec="48" />
                <SequencePoint vc="6" uspid="101" ordinal="5" offset="44" sl="17" sc="9" el="17" ec="10" />
              </SequencePoints>
              <BranchPoints />
              <MethodPoint xsi:type="SequencePoint" vc="6" uspid="96" ordinal="0" offset="0" sl="12" sc="9" el="12" ec="51" />
            </Method>
            <Method visited="true" cyclomaticComplexity="1" sequenceCoverage="100" branchCoverage="100" isConstructor="false" isStatic="false" isGetter="false" isSetter="false">
              <MetadataToken>100663325</MetadataToken>
              <Name>System.Void DEMW.SpaceWar2.Controls.KeyboardHandler::UpdateKeyboardState()</Name>
              <FileRef uid="3" />
              <SequencePoints>
                <SequencePoint vc="9" uspid="102" ordinal="0" offset="0" sl="20" sc="9" el="20" ec="10" />
                <SequencePoint vc="9" uspid="103" ordinal="1" offset="1" sl="21" sc="13" el="21" ec="48" />
                <SequencePoint vc="9" uspid="104" ordinal="2" offset="13" sl="22" sc="13" el="22" ec="51" />
                <SequencePoint vc="9" uspid="105" ordinal="3" offset="30" sl="23" sc="9" el="23" ec="10" />
              </SequencePoints>
              <BranchPoints />
              <MethodPoint xsi:type="SequencePoint" vc="9" uspid="102" ordinal="0" offset="0" sl="20" sc="9" el="20" ec="10" />
            </Method>
            <Method visited="true" cyclomaticComplexity="1" sequenceCoverage="100" branchCoverage="100" isConstructor="false" isStatic="false" isGetter="false" isSetter="false">
              <MetadataToken>100663326</MetadataToken>
              <Name>System.Boolean DEMW.SpaceWar2.Controls.KeyboardHandler::IsPressed(Microsoft.Xna.Framework.Input.Keys)</Name>
              <FileRef uid="3" />
              <SequencePoints>
                <SequencePoint vc="6" uspid="106" ordinal="0" offset="0" sl="26" sc="9" el="26" ec="10" />
                <SequencePoint vc="6" uspid="107" ordinal="1" offset="1" sl="27" sc="13" el="27" ec="50" />
                <SequencePoint vc="6" uspid="108" ordinal="2" offset="16" sl="28" sc="9" el="28" ec="10" />
              </SequencePoints>
              <BranchPoints />
              <MethodPoint xsi:type="SequencePoint" vc="6" uspid="106" ordinal="0" offset="0" sl="26" sc="9" el="26" ec="10" />
            </Method>
            <Method visited="true" cyclomaticComplexity="2" sequenceCoverage="100" branchCoverage="50" isConstructor="false" isStatic="false" isGetter="false" isSetter="false">
              <MetadataToken>100663327</MetadataToken>
              <Name>System.Boolean DEMW.SpaceWar2.Controls.KeyboardHandler::IsNewlyPressed(Microsoft.Xna.Framework.Input.Keys)</Name>
              <FileRef uid="3" />
              <SequencePoints>
                <SequencePoint vc="9" uspid="109" ordinal="0" offset="0" sl="31" sc="9" el="31" ec="10" />
                <SequencePoint vc="9" uspid="110" ordinal="1" offset="1" sl="32" sc="13" el="32" ec="87" />
                <SequencePoint vc="9" uspid="111" ordinal="2" offset="36" sl="33" sc="9" el="33" ec="10" />
              </SequencePoints>
              <BranchPoints>
                <BranchPoint vc="9" uspid="112" ordinal="0" offset="13" path="0" />
                <BranchPoint vc="0" uspid="113" ordinal="1" offset="13" path="1" />
              </BranchPoints>
              <MethodPoint xsi:type="SequencePoint" vc="9" uspid="109" ordinal="0" offset="0" sl="31" sc="9" el="31" ec="10" />
            </Method>
          </Methods>
        </Class>
        <Class>
          <FullName>DEMW.SpaceWar2.Utils.Extensions</FullName>
          <Methods>
            <Method visited="true" cyclomaticComplexity="3" sequenceCoverage="100" branchCoverage="75" isConstructor="false" isStatic="true" isGetter="false" isSetter="false">
              <MetadataToken>100663328</MetadataToken>
              <Name>System.Void DEMW.SpaceWar2.Utils.Extensions::ForEach(System.Collections.Generic.IEnumerable`1&lt;TBase&gt;,System.Action`1&lt;TSubClass&gt;)</Name>
              <FileRef uid="4" />
              <SequencePoints>
                <SequencePoint vc="2" uspid="114" ordinal="0" offset="0" sl="12" sc="9" el="12" ec="10" />
                <SequencePoint vc="2" uspid="115" ordinal="1" offset="1" sl="13" sc="13" el="13" ec="20" />
                <SequencePoint vc="2" uspid="116" ordinal="2" offset="2" sl="13" sc="34" el="13" ec="59" />
                <SequencePoint vc="2" uspid="117" ordinal="3" offset="16" sl="13" sc="22" el="13" ec="30" />
                <SequencePoint vc="2" uspid="118" ordinal="4" offset="23" sl="14" sc="13" el="14" ec="14" />
                <SequencePoint vc="2" uspid="119" ordinal="5" offset="24" sl="15" sc="17" el="15" ec="30" />
                <SequencePoint vc="2" uspid="120" ordinal="6" offset="32" sl="16" sc="13" el="16" ec="14" />
                <SequencePoint vc="4" uspid="121" ordinal="7" offset="33" sl="13" sc="31" el="13" ec="33" />
                <SequencePoint vc="2" uspid="122" ordinal="8" offset="62" sl="17" sc="9" el="17" ec="10" />
              </SequencePoints>
              <BranchPoints>
                <BranchPoint vc="2" uspid="123" ordinal="0" offset="41" path="0" />
                <BranchPoint vc="2" uspid="124" ordinal="1" offset="41" path="1" />
                <BranchPoint vc="2" uspid="125" ordinal="2" offset="51" path="0" />
                <BranchPoint vc="0" uspid="126" ordinal="3" offset="51" path="1" />
              </BranchPoints>
              <MethodPoint xsi:type="SequencePoint" vc="2" uspid="114" ordinal="0" offset="0" sl="12" sc="9" el="12" ec="10" />
            </Method>
          </Methods>
        </Class>
        <Class>
          <FullName>DEMW.SpaceWar2.Physics.Force</FullName>
          <Methods>
            <Method visited="true" cyclomaticComplexity="1" sequenceCoverage="0" branchCoverage="0" isConstructor="false" isStatic="false" isGetter="true" isSetter="false">
              <MetadataToken>100663333</MetadataToken>
              <Name>Microsoft.Xna.Framework.Vector2 DEMW.SpaceWar2.Physics.Force::get_Vector()</Name>
              <SequencePoints />
              <BranchPoints />
              <MethodPoint vc="122" uspid="127" ordinal="0" offset="0" />
            </Method>
            <Method visited="true" cyclomaticComplexity="1" sequenceCoverage="0" branchCoverage="0" isConstructor="false" isStatic="false" isGetter="false" isSetter="true">
              <MetadataToken>100663334</MetadataToken>
              <Name>System.Void DEMW.SpaceWar2.Physics.Force::set_Vector(Microsoft.Xna.Framework.Vector2)</Name>
              <SequencePoints />
              <BranchPoints />
              <MethodPoint vc="87" uspid="128" ordinal="0" offset="0" />
            </Method>
            <Method visited="true" cyclomaticComplexity="1" sequenceCoverage="0" branchCoverage="0" isConstructor="false" isStatic="false" isGetter="true" isSetter="false">
              <MetadataToken>100663335</MetadataToken>
              <Name>Microsoft.Xna.Framework.Vector2 DEMW.SpaceWar2.Physics.Force::get_Displacement()</Name>
              <SequencePoints />
              <BranchPoints />
              <MethodPoint vc="93" uspid="129" ordinal="0" offset="0" />
            </Method>
            <Method visited="true" cyclomaticComplexity="1" sequenceCoverage="0" branchCoverage="0" isConstructor="false" isStatic="false" isGetter="false" isSetter="true">
              <MetadataToken>100663336</MetadataToken>
              <Name>System.Void DEMW.SpaceWar2.Physics.Force::set_Displacement(Microsoft.Xna.Framework.Vector2)</Name>
              <SequencePoints />
              <BranchPoints />
              <MethodPoint vc="87" uspid="130" ordinal="0" offset="0" />
            </Method>
            <Method visited="true" cyclomaticComplexity="1" sequenceCoverage="100" branchCoverage="100" isConstructor="true" isStatic="false" isGetter="false" isSetter="false">
              <MetadataToken>100663330</MetadataToken>
              <Name>System.Void DEMW.SpaceWar2.Physics.Force::.ctor()</Name>
              <FileRef uid="5" />
              <SequencePoints>
                <SequencePoint vc="1" uspid="131" ordinal="0" offset="0" sl="7" sc="9" el="7" ec="58" />
                <SequencePoint vc="1" uspid="132" ordinal="1" offset="17" sl="7" sc="59" el="7" ec="60" />
                <SequencePoint vc="1" uspid="133" ordinal="2" offset="18" sl="7" sc="61" el="7" ec="62" />
              </SequencePoints>
              <BranchPoints />
              <MethodPoint xsi:type="SequencePoint" vc="1" uspid="131" ordinal="0" offset="0" sl="7" sc="9" el="7" ec="58" />
            </Method>
            <Method visited="true" cyclomaticComplexity="1" sequenceCoverage="100" branchCoverage="100" isConstructor="true" isStatic="false" isGetter="false" isSetter="false">
              <MetadataToken>100663331</MetadataToken>
              <Name>System.Void DEMW.SpaceWar2.Physics.Force::.ctor(Microsoft.Xna.Framework.Vector2)</Name>
              <FileRef uid="5" />
              <SequencePoints>
                <SequencePoint vc="12" uspid="134" ordinal="0" offset="0" sl="9" sc="9" el="9" ec="64" />
                <SequencePoint vc="12" uspid="135" ordinal="1" offset="13" sl="9" sc="65" el="9" ec="66" />
                <SequencePoint vc="12" uspid="136" ordinal="2" offset="14" sl="9" sc="67" el="9" ec="68" />
              </SequencePoints>
              <BranchPoints />
              <MethodPoint xsi:type="SequencePoint" vc="12" uspid="134" ordinal="0" offset="0" sl="9" sc="9" el="9" ec="64" />
            </Method>
            <Method visited="true" cyclomaticComplexity="1" sequenceCoverage="100" branchCoverage="100" isConstructor="true" isStatic="false" isGetter="false" isSetter="false">
              <MetadataToken>100663332</MetadataToken>
              <Name>System.Void DEMW.SpaceWar2.Physics.Force::.ctor(Microsoft.Xna.Framework.Vector2,Microsoft.Xna.Framework.Vector2)</Name>
              <FileRef uid="5" />
              <SequencePoints>
                <SequencePoint vc="82" uspid="137" ordinal="0" offset="0" sl="11" sc="9" el="11" ec="58" />
                <SequencePoint vc="82" uspid="138" ordinal="1" offset="7" sl="12" sc="9" el="12" ec="10" />
                <SequencePoint vc="82" uspid="139" ordinal="2" offset="8" sl="13" sc="13" el="13" ec="28" />
                <SequencePoint vc="82" uspid="140" ordinal="3" offset="16" sl="14" sc="13" el="14" ec="41" />
                <SequencePoint vc="82" uspid="141" ordinal="4" offset="24" sl="15" sc="9" el="15" ec="10" />
              </SequencePoints>
              <BranchPoints />
              <MethodPoint xsi:type="SequencePoint" vc="82" uspid="137" ordinal="0" offset="0" sl="11" sc="9" el="11" ec="58" />
            </Method>
            <Method visited="true" cyclomaticComplexity="1" sequenceCoverage="100" branchCoverage="100" isConstructor="false" isStatic="false" isGetter="false" isSetter="false">
              <MetadataToken>100663337</MetadataToken>
              <Name>System.Void DEMW.SpaceWar2.Physics.Force::Rotate(System.Single)</Name>
              <FileRef uid="5" />
              <SequencePoints>
                <SequencePoint vc="5" uspid="142" ordinal="0" offset="0" sl="21" sc="9" el="21" ec="10" />
                <SequencePoint vc="5" uspid="143" ordinal="1" offset="1" sl="22" sc="13" el="22" ec="58" />
                <SequencePoint vc="5" uspid="144" ordinal="2" offset="8" sl="23" sc="13" el="23" ec="58" />
                <SequencePoint vc="5" uspid="145" ordinal="3" offset="27" sl="24" sc="13" el="24" ec="70" />
                <SequencePoint vc="5" uspid="146" ordinal="4" offset="46" sl="25" sc="9" el="25" ec="10" />
              </SequencePoints>
              <BranchPoints />
              <MethodPoint xsi:type="SequencePoint" vc="5" uspid="142" ordinal="0" offset="0" sl="21" sc="9" el="21" ec="10" />
            </Method>
          </Methods>
        </Class>
        <Class>
          <FullName>DEMW.SpaceWar2.GameObjects.GameObject</FullName>
          <Methods>
            <Method visited="true" cyclomaticComplexity="1" sequenceCoverage="0" branchCoverage="0" isConstructor="false" isStatic="false" isGetter="true" isSetter="false">
              <MetadataToken>100663350</MetadataToken>
              <Name>System.Boolean DEMW.SpaceWar2.GameObjects.GameObject::get_Expired()</Name>
              <SequencePoints />
              <BranchPoints />
              <MethodPoint vc="3" uspid="147" ordinal="0" offset="0" />
            </Method>
            <Method visited="true" cyclomaticComplexity="1" sequenceCoverage="0" branchCoverage="0" isConstructor="false" isStatic="false" isGetter="false" isSetter="true">
              <MetadataToken>100663351</MetadataToken>
              <Name>System.Void DEMW.SpaceWar2.GameObjects.GameObject::set_Expired(System.Boolean)</Name>
              <SequencePoints />
              <BranchPoints />
              <MethodPoint vc="1" uspid="148" ordinal="0" offset="0" />
            </Method>
            <Method visited="true" cyclomaticComplexity="1" sequenceCoverage="0" branchCoverage="0" isConstructor="false" isStatic="false" isGetter="true" isSetter="false">
              <MetadataToken>100663352</MetadataToken>
              <Name>System.Single DEMW.SpaceWar2.GameObjects.GameObject::get_Mass()</Name>
              <SequencePoints />
              <BranchPoints />
              <MethodPoint vc="21" uspid="149" ordinal="0" offset="0" />
            </Method>
            <Method visited="true" cyclomaticComplexity="1" sequenceCoverage="0" branchCoverage="0" isConstructor="false" isStatic="false" isGetter="false" isSetter="true">
              <MetadataToken>100663353</MetadataToken>
              <Name>System.Void DEMW.SpaceWar2.GameObjects.GameObject::set_Mass(System.Single)</Name>
              <SequencePoints />
              <BranchPoints />
              <MethodPoint vc="46" uspid="150" ordinal="0" offset="0" />
            </Method>
            <Method visited="true" cyclomaticComplexity="1" sequenceCoverage="0" branchCoverage="0" isConstructor="false" isStatic="false" isGetter="true" isSetter="false">
              <MetadataToken>100663354</MetadataToken>
              <Name>Microsoft.Xna.Framework.Vector2 DEMW.SpaceWar2.GameObjects.GameObject::get_Position()</Name>
              <SequencePoints />
              <BranchPoints />
              <MethodPoint vc="25" uspid="151" ordinal="0" offset="0" />
            </Method>
            <Method visited="true" cyclomaticComplexity="1" sequenceCoverage="0" branchCoverage="0" isConstructor="false" isStatic="false" isGetter="false" isSetter="true">
              <MetadataToken>100663355</MetadataToken>
              <Name>System.Void DEMW.SpaceWar2.GameObjects.GameObject::set_Position(Microsoft.Xna.Framework.Vector2)</Name>
              <SequencePoints />
              <BranchPoints />
              <MethodPoint vc="65" uspid="152" ordinal="0" offset="0" />
            </Method>
            <Method visited="true" cyclomaticComplexity="1" sequenceCoverage="0" branchCoverage="0" isConstructor="false" isStatic="false" isGetter="true" isSetter="false">
              <MetadataToken>100663356</MetadataToken>
              <Name>Microsoft.Xna.Framework.Vector2 DEMW.SpaceWar2.GameObjects.GameObject::get_Velocity()</Name>
              <SequencePoints />
              <BranchPoints />
              <MethodPoint vc="54" uspid="153" ordinal="0" offset="0" />
            </Method>
            <Method visited="true" cyclomaticComplexity="1" sequenceCoverage="0" branchCoverage="0" isConstructor="false" isStatic="false" isGetter="false" isSetter="true">
              <MetadataToken>100663357</MetadataToken>
              <Name>System.Void DEMW.SpaceWar2.GameObjects.GameObject::set_Velocity(Microsoft.Xna.Framework.Vector2)</Name>
              <SequencePoints />
              <BranchPoints />
              <MethodPoint vc="40" uspid="154" ordinal="0" offset="0" />
            </Method>
            <Method visited="true" cyclomaticComplexity="1" sequenceCoverage="0" branchCoverage="0" isConstructor="false" isStatic="false" isGetter="true" isSetter="false">
              <MetadataToken>100663358</MetadataToken>
              <Name>System.Single DEMW.SpaceWar2.GameObjects.GameObject::get_MomentOfInertia()</Name>
              <SequencePoints />
              <BranchPoints />
              <MethodPoint vc="16" uspid="155" ordinal="0" offset="0" />
            </Method>
            <Method visited="true" cyclomaticComplexity="1" sequenceCoverage="0" branchCoverage="0" isConstructor="false" isStatic="false" isGetter="false" isSetter="true">
              <MetadataToken>100663359</MetadataToken>
              <Name>System.Void DEMW.SpaceWar2.GameObjects.GameObject::set_MomentOfInertia(System.Single)</Name>
              <SequencePoints />
              <BranchPoints />
              <MethodPoint vc="45" uspid="156" ordinal="0" offset="0" />
            </Method>
            <Method visited="true" cyclomaticComplexity="1" sequenceCoverage="0" branchCoverage="0" isConstructor="false" isStatic="false" isGetter="true" isSetter="false">
              <MetadataToken>100663360</MetadataToken>
              <Name>System.Single DEMW.SpaceWar2.GameObjects.GameObject::get_Rotation()</Name>
              <SequencePoints />
              <BranchPoints />
              <MethodPoint vc="24" uspid="157" ordinal="0" offset="0" />
            </Method>
            <Method visited="true" cyclomaticComplexity="1" sequenceCoverage="0" branchCoverage="0" isConstructor="false" isStatic="false" isGetter="false" isSetter="true">
              <MetadataToken>100663361</MetadataToken>
              <Name>System.Void DEMW.SpaceWar2.GameObjects.GameObject::set_Rotation(System.Single)</Name>
              <SequencePoints />
              <BranchPoints />
              <MethodPoint vc="21" uspid="158" ordinal="0" offset="0" />
            </Method>
            <Method visited="true" cyclomaticComplexity="1" sequenceCoverage="0" branchCoverage="0" isConstructor="false" isStatic="false" isGetter="true" isSetter="false">
              <MetadataToken>100663362</MetadataToken>
              <Name>System.Single DEMW.SpaceWar2.GameObjects.GameObject::get_AngularVelocity()</Name>
              <SequencePoints />
              <BranchPoints />
              <MethodPoint vc="51" uspid="159" ordinal="0" offset="0" />
            </Method>
            <Method visited="true" cyclomaticComplexity="1" sequenceCoverage="0" branchCoverage="0" isConstructor="false" isStatic="false" isGetter="false" isSetter="true">
              <MetadataToken>100663363</MetadataToken>
              <Name>System.Void DEMW.SpaceWar2.GameObjects.GameObject::set_AngularVelocity(System.Single)</Name>
              <SequencePoints />
              <BranchPoints />
              <MethodPoint vc="35" uspid="160" ordinal="0" offset="0" />
            </Method>
            <Method visited="true" cyclomaticComplexity="1" sequenceCoverage="0" branchCoverage="0" isConstructor="false" isStatic="false" isGetter="true" isSetter="false">
              <MetadataToken>100663364</MetadataToken>
              <Name>System.Single DEMW.SpaceWar2.GameObjects.GameObject::get_Radius()</Name>
              <SequencePoints />
              <BranchPoints />
              <MethodPoint vc="14" uspid="161" ordinal="0" offset="0" />
            </Method>
            <Method visited="true" cyclomaticComplexity="1" sequenceCoverage="0" branchCoverage="0" isConstructor="false" isStatic="false" isGetter="false" isSetter="true">
              <MetadataToken>100663365</MetadataToken>
              <Name>System.Void DEMW.SpaceWar2.GameObjects.GameObject::set_Radius(System.Single)</Name>
              <SequencePoints />
              <BranchPoints />
              <MethodPoint vc="46" uspid="162" ordinal="0" offset="0" />
            </Method>
            <Method visited="true" cyclomaticComplexity="1" sequenceCoverage="0" branchCoverage="0" isConstructor="false" isStatic="false" isGetter="true" isSetter="false">
              <MetadataToken>100663366</MetadataToken>
              <Name>Microsoft.Xna.Framework.Graphics.Model DEMW.SpaceWar2.GameObjects.GameObject::get_Model()</Name>
              <SequencePoints />
              <BranchPoints />
              <MethodPoint vc="1" uspid="163" ordinal="0" offset="0" />
            </Method>
            <Method visited="true" cyclomaticComplexity="1" sequenceCoverage="0" branchCoverage="0" isConstructor="false" isStatic="false" isGetter="false" isSetter="true">
              <MetadataToken>100663367</MetadataToken>
              <Name>System.Void DEMW.SpaceWar2.GameObjects.GameObject::set_Model(Microsoft.Xna.Framework.Graphics.Model)</Name>
              <SequencePoints />
              <BranchPoints />
              <MethodPoint vc="8" uspid="164" ordinal="0" offset="0" />
            </Method>
            <Method visited="true" cyclomaticComplexity="1" sequenceCoverage="0" branchCoverage="0" isConstructor="false" isStatic="false" isGetter="true" isSetter="false">
              <MetadataToken>100663368</MetadataToken>
              <Name>Microsoft.Xna.Framework.Color DEMW.SpaceWar2.GameObjects.GameObject::get_Color()</Name>
              <SequencePoints />
              <BranchPoints />
              <MethodPoint vc="6" uspid="165" ordinal="0" offset="0" />
            </Method>
            <Method visited="true" cyclomaticComplexity="1" sequenceCoverage="0" branchCoverage="0" isConstructor="false" isStatic="false" isGetter="false" isSetter="true">
              <MetadataToken>100663369</MetadataToken>
              <Name>System.Void DEMW.SpaceWar2.GameObjects.GameObject::set_Color(Microsoft.Xna.Framework.Color)</Name>
              <SequencePoints />
              <BranchPoints />
              <MethodPoint vc="24" uspid="166" ordinal="0" offset="0" />
            </Method>
            <Method visited="true" cyclomaticComplexity="1" sequenceCoverage="0" branchCoverage="0" isConstructor="false" isStatic="false" isGetter="true" isSetter="false">
              <MetadataToken>100663370</MetadataToken>
              <Name>Microsoft.Xna.Framework.Vector2 DEMW.SpaceWar2.GameObjects.GameObject::get_TotalForce()</Name>
              <SequencePoints />
              <BranchPoints />
              <MethodPoint vc="36" uspid="167" ordinal="0" offset="0" />
            </Method>
            <Method visited="true" cyclomaticComplexity="1" sequenceCoverage="0" branchCoverage="0" isConstructor="false" isStatic="false" isGetter="false" isSetter="true">
              <MetadataToken>100663371</MetadataToken>
              <Name>System.Void DEMW.SpaceWar2.GameObjects.GameObject::set_TotalForce(Microsoft.Xna.Framework.Vector2)</Name>
              <SequencePoints />
              <BranchPoints />
              <MethodPoint vc="30" uspid="168" ordinal="0" offset="0" />
            </Method>
            <Method visited="true" cyclomaticComplexity="1" sequenceCoverage="0" branchCoverage="0" isConstructor="false" isStatic="false" isGetter="true" isSetter="false">
              <MetadataToken>100663372</MetadataToken>
              <Name>System.Single DEMW.SpaceWar2.GameObjects.GameObject::get_TotalMoment()</Name>
              <SequencePoints />
              <BranchPoints />
              <MethodPoint vc="38" uspid="169" ordinal="0" offset="0" />
            </Method>
            <Method visited="true" cyclomaticComplexity="1" sequenceCoverage="0" branchCoverage="0" isConstructor="false" isStatic="false" isGetter="false" isSetter="true">
              <MetadataToken>100663373</MetadataToken>
              <Name>System.Void DEMW.SpaceWar2.GameObjects.GameObject::set_TotalMoment(System.Single)</Name>
              <SequencePoints />
              <BranchPoints />
              <MethodPoint vc="30" uspid="170" ordinal="0" offset="0" />
            </Method>
            <Method visited="true" cyclomaticComplexity="1" sequenceCoverage="0" branchCoverage="0" isConstructor="false" isStatic="false" isGetter="true" isSetter="false">
              <MetadataToken>100663374</MetadataToken>
              <Name>System.Collections.Generic.IList`1&lt;DEMW.SpaceWar2.Physics.Force&gt; DEMW.SpaceWar2.GameObjects.GameObject::get_Forces()</Name>
              <SequencePoints />
              <BranchPoints />
              <MethodPoint vc="43" uspid="171" ordinal="0" offset="0" />
            </Method>
            <Method visited="true" cyclomaticComplexity="1" sequenceCoverage="0" branchCoverage="0" isConstructor="false" isStatic="false" isGetter="false" isSetter="true">
              <MetadataToken>100663375</MetadataToken>
              <Name>System.Void DEMW.SpaceWar2.GameObjects.GameObject::set_Forces(System.Collections.Generic.IList`1&lt;DEMW.SpaceWar2.Physics.Force&gt;)</Name>
              <SequencePoints />
              <BranchPoints />
              <MethodPoint vc="45" uspid="172" ordinal="0" offset="0" />
            </Method>
            <Method visited="true" cyclomaticComplexity="1" sequenceCoverage="100" branchCoverage="100" isConstructor="true" isStatic="false" isGetter="false" isSetter="false">
              <MetadataToken>100663349</MetadataToken>
              <Name>System.Void DEMW.SpaceWar2.GameObjects.GameObject::.ctor(Microsoft.Xna.Framework.Vector2,System.Single,System.Single)</Name>
              <FileRef uid="6" />
              <SequencePoints>
                <SequencePoint vc="45" uspid="173" ordinal="0" offset="0" sl="12" sc="9" el="12" ec="74" />
                <SequencePoint vc="45" uspid="174" ordinal="1" offset="7" sl="13" sc="9" el="13" ec="10" />
                <SequencePoint vc="45" uspid="175" ordinal="2" offset="8" sl="14" sc="13" el="14" ec="33" />
                <SequencePoint vc="45" uspid="176" ordinal="3" offset="16" sl="15" sc="13" el="15" ec="29" />
                <SequencePoint vc="45" uspid="177" ordinal="4" offset="24" sl="16" sc="13" el="16" ec="25" />
                <SequencePoint vc="45" uspid="178" ordinal="5" offset="32" sl="19" sc="13" el="19" ec="66" />
                <SequencePoint vc="45" uspid="179" ordinal="6" offset="56" sl="21" sc="13" el="21" ec="47" />
                <SequencePoint vc="45" uspid="180" ordinal="7" offset="67" sl="22" sc="13" el="22" ec="40" />
                <SequencePoint vc="45" uspid="181" ordinal="8" offset="79" sl="23" sc="9" el="23" ec="10" />
              </SequencePoints>
              <BranchPoints />
              <MethodPoint xsi:type="SequencePoint" vc="45" uspid="173" ordinal="0" offset="0" sl="12" sc="9" el="12" ec="74" />
            </Method>
            <Method visited="true" cyclomaticComplexity="2" sequenceCoverage="100" branchCoverage="100" isConstructor="false" isStatic="false" isGetter="false" isSetter="false">
              <MetadataToken>100663376</MetadataToken>
              <Name>System.Void DEMW.SpaceWar2.GameObjects.GameObject::ApplyExternalForce(DEMW.SpaceWar2.Physics.Force)</Name>
              <FileRef uid="6" />
              <SequencePoints>
                <SequencePoint vc="13" uspid="182" ordinal="0" offset="0" sl="45" sc="9" el="45" ec="10" />
                <SequencePoint vc="13" uspid="183" ordinal="1" offset="1" sl="48" sc="13" el="48" ec="46" />
                <SequencePoint vc="12" uspid="184" ordinal="2" offset="24" sl="49" sc="13" el="49" ec="14" />
                <SequencePoint vc="12" uspid="185" ordinal="3" offset="25" sl="50" sc="17" el="50" ec="42" />
                <SequencePoint vc="12" uspid="186" ordinal="4" offset="38" sl="51" sc="13" el="51" ec="14" />
                <SequencePoint vc="13" uspid="187" ordinal="5" offset="39" sl="52" sc="9" el="52" ec="10" />
              </SequencePoints>
              <BranchPoints>
                <BranchPoint vc="12" uspid="188" ordinal="0" offset="22" path="0" />
                <BranchPoint vc="1" uspid="189" ordinal="1" offset="22" path="1" />
              </BranchPoints>
              <MethodPoint xsi:type="SequencePoint" vc="13" uspid="182" ordinal="0" offset="0" sl="45" sc="9" el="45" ec="10" />
            </Method>
            <Method visited="true" cyclomaticComplexity="2" sequenceCoverage="100" branchCoverage="100" isConstructor="false" isStatic="false" isGetter="false" isSetter="false">
              <MetadataToken>100663377</MetadataToken>
              <Name>System.Void DEMW.SpaceWar2.GameObjects.GameObject::ApplyInternalForce(DEMW.SpaceWar2.Physics.Force)</Name>
              <FileRef uid="6" />
              <SequencePoints>
                <SequencePoint vc="3" uspid="190" ordinal="0" offset="0" sl="55" sc="9" el="55" ec="10" />
                <SequencePoint vc="3" uspid="191" ordinal="1" offset="1" sl="56" sc="13" el="56" ec="46" />
                <SequencePoint vc="2" uspid="192" ordinal="2" offset="24" sl="57" sc="13" el="57" ec="14" />
                <SequencePoint vc="2" uspid="193" ordinal="3" offset="25" sl="59" sc="17" el="59" ec="40" />
                <SequencePoint vc="2" uspid="194" ordinal="4" offset="38" sl="60" sc="17" el="60" ec="42" />
                <SequencePoint vc="2" uspid="195" ordinal="5" offset="51" sl="61" sc="13" el="61" ec="14" />
                <SequencePoint vc="3" uspid="196" ordinal="6" offset="52" sl="62" sc="9" el="62" ec="10" />
              </SequencePoints>
              <BranchPoints>
                <BranchPoint vc="2" uspid="197" ordinal="0" offset="22" path="0" />
                <BranchPoint vc="1" uspid="198" ordinal="1" offset="22" path="1" />
              </BranchPoints>
              <MethodPoint xsi:type="SequencePoint" vc="3" uspid="190" ordinal="0" offset="0" sl="55" sc="9" el="55" ec="10" />
            </Method>
            <Method visited="true" cyclomaticComplexity="1" sequenceCoverage="100" branchCoverage="100" isConstructor="false" isStatic="false" isGetter="false" isSetter="false">
              <MetadataToken>100663378</MetadataToken>
              <Name>System.Void DEMW.SpaceWar2.GameObjects.GameObject::Teleport(Microsoft.Xna.Framework.Vector2)</Name>
              <FileRef uid="6" />
              <SequencePoints>
                <SequencePoint vc="1" uspid="199" ordinal="0" offset="0" sl="65" sc="9" el="65" ec="10" />
                <SequencePoint vc="1" uspid="200" ordinal="1" offset="1" sl="66" sc="13" el="66" ec="36" />
                <SequencePoint vc="1" uspid="201" ordinal="2" offset="9" sl="67" sc="9" el="67" ec="10" />
              </SequencePoints>
              <BranchPoints />
              <MethodPoint xsi:type="SequencePoint" vc="1" uspid="199" ordinal="0" offset="0" sl="65" sc="9" el="65" ec="10" />
            </Method>
            <Method visited="true" cyclomaticComplexity="1" sequenceCoverage="100" branchCoverage="100" isConstructor="false" isStatic="false" isGetter="false" isSetter="false">
              <MetadataToken>100663379</MetadataToken>
              <Name>System.Void DEMW.SpaceWar2.GameObjects.GameObject::Update(Microsoft.Xna.Framework.GameTime)</Name>
              <FileRef uid="6" />
              <SequencePoints>
                <SequencePoint vc="16" uspid="202" ordinal="0" offset="0" sl="70" sc="9" el="70" ec="10" />
                <SequencePoint vc="16" uspid="203" ordinal="1" offset="1" sl="71" sc="13" el="71" ec="71" />
                <SequencePoint vc="16" uspid="204" ordinal="2" offset="17" sl="73" sc="13" el="73" ec="36" />
                <SequencePoint vc="16" uspid="205" ordinal="3" offset="25" sl="74" sc="13" el="74" ec="38" />
                <SequencePoint vc="16" uspid="206" ordinal="4" offset="33" sl="75" sc="9" el="75" ec="10" />
              </SequencePoints>
              <BranchPoints />
              <MethodPoint xsi:type="SequencePoint" vc="16" uspid="202" ordinal="0" offset="0" sl="70" sc="9" el="70" ec="10" />
            </Method>
            <Method visited="true" cyclomaticComplexity="1" sequenceCoverage="100" branchCoverage="100" isConstructor="false" isStatic="false" isGetter="false" isSetter="false">
              <MetadataToken>100663382</MetadataToken>
              <Name>System.Void DEMW.SpaceWar2.GameObjects.GameObject::SimulateDynamics(System.Single)</Name>
              <FileRef uid="6" />
              <SequencePoints>
                <SequencePoint vc="16" uspid="207" ordinal="0" offset="0" sl="82" sc="9" el="82" ec="10" />
                <SequencePoint vc="16" uspid="208" ordinal="1" offset="1" sl="83" sc="13" el="83" ec="29" />
                <SequencePoint vc="16" uspid="209" ordinal="2" offset="8" sl="84" sc="13" el="84" ec="53" />
                <SequencePoint vc="16" uspid="210" ordinal="3" offset="16" sl="85" sc="9" el="85" ec="10" />
              </SequencePoints>
              <BranchPoints />
              <MethodPoint xsi:type="SequencePoint" vc="16" uspid="207" ordinal="0" offset="0" sl="82" sc="9" el="82" ec="10" />
            </Method>
            <Method visited="true" cyclomaticComplexity="3" sequenceCoverage="100" branchCoverage="75" isConstructor="false" isStatic="false" isGetter="false" isSetter="false">
              <MetadataToken>100663383</MetadataToken>
              <Name>System.Void DEMW.SpaceWar2.GameObjects.GameObject::ResolveForces()</Name>
              <FileRef uid="6" />
              <SequencePoints>
                <SequencePoint vc="16" uspid="211" ordinal="0" offset="0" sl="88" sc="9" el="88" ec="10" />
                <SequencePoint vc="16" uspid="212" ordinal="1" offset="1" sl="89" sc="13" el="89" ec="28" />
                <SequencePoint vc="16" uspid="213" ordinal="2" offset="13" sl="90" sc="13" el="90" ec="39" />
                <SequencePoint vc="16" uspid="214" ordinal="3" offset="25" sl="91" sc="13" el="91" ec="30" />
                <SequencePoint vc="16" uspid="215" ordinal="4" offset="37" sl="93" sc="13" el="93" ec="20" />
                <SequencePoint vc="16" uspid="216" ordinal="5" offset="38" sl="93" sc="35" el="93" ec="48" />
                <SequencePoint vc="14" uspid="217" ordinal="6" offset="52" sl="93" sc="22" el="93" ec="31" />
                <SequencePoint vc="14" uspid="218" ordinal="7" offset="59" sl="94" sc="13" el="94" ec="14" />
                <SequencePoint vc="14" uspid="219" ordinal="8" offset="60" sl="95" sc="17" el="95" ec="35" />
                <SequencePoint vc="14" uspid="220" ordinal="9" offset="73" sl="96" sc="17" el="96" ec="44" />
                <SequencePoint vc="14" uspid="221" ordinal="10" offset="97" sl="97" sc="17" el="97" ec="55" />
                <SequencePoint vc="14" uspid="222" ordinal="11" offset="117" sl="98" sc="13" el="98" ec="14" />
                <SequencePoint vc="30" uspid="223" ordinal="12" offset="118" sl="93" sc="32" el="93" ec="34" />
                <SequencePoint vc="16" uspid="224" ordinal="13" offset="147" sl="100" sc="13" el="100" ec="35" />
                <SequencePoint vc="16" uspid="225" ordinal="14" offset="159" sl="101" sc="9" el="101" ec="10" />
              </SequencePoints>
              <BranchPoints>
                <BranchPoint vc="16" uspid="226" ordinal="0" offset="126" path="0" />
                <BranchPoint vc="14" uspid="227" ordinal="1" offset="126" path="1" />
                <BranchPoint vc="16" uspid="228" ordinal="2" offset="136" path="0" />
                <BranchPoint vc="0" uspid="229" ordinal="3" offset="136" path="1" />
              </BranchPoints>
              <MethodPoint xsi:type="SequencePoint" vc="16" uspid="211" ordinal="0" offset="0" sl="88" sc="9" el="88" ec="10" />
            </Method>
            <Method visited="true" cyclomaticComplexity="2" sequenceCoverage="100" branchCoverage="100" isConstructor="false" isStatic="true" isGetter="false" isSetter="false">
              <MetadataToken>100663384</MetadataToken>
              <Name>System.Single DEMW.SpaceWar2.GameObjects.GameObject::CalculateMoment(DEMW.SpaceWar2.Physics.Force)</Name>
              <FileRef uid="6" />
              <SequencePoints>
                <SequencePoint vc="14" uspid="230" ordinal="0" offset="0" sl="104" sc="9" el="104" ec="10" />
                <SequencePoint vc="14" uspid="231" ordinal="1" offset="1" sl="105" sc="13" el="105" ec="52" />
                <SequencePoint vc="7" uspid="232" ordinal="2" offset="26" sl="106" sc="13" el="106" ec="14" />
                <SequencePoint vc="7" uspid="233" ordinal="3" offset="27" sl="107" sc="17" el="107" ec="27" />
                <SequencePoint vc="7" uspid="234" ordinal="4" offset="35" sl="110" sc="13" el="110" ec="45" />
                <SequencePoint vc="7" uspid="235" ordinal="5" offset="42" sl="111" sc="13" el="111" ec="74" />
                <SequencePoint vc="7" uspid="236" ordinal="6" offset="65" sl="112" sc="13" el="112" ec="75" />
                <SequencePoint vc="7" uspid="237" ordinal="7" offset="78" sl="113" sc="13" el="113" ec="27" />
                <SequencePoint vc="14" uspid="238" ordinal="8" offset="82" sl="114" sc="9" el="114" ec="10" />
              </SequencePoints>
              <BranchPoints>
                <BranchPoint vc="7" uspid="239" ordinal="0" offset="24" path="0" />
                <BranchPoint vc="7" uspid="240" ordinal="1" offset="24" path="1" />
              </BranchPoints>
              <MethodPoint xsi:type="SequencePoint" vc="14" uspid="230" ordinal="0" offset="0" sl="104" sc="9" el="104" ec="10" />
            </Method>
            <Method visited="true" cyclomaticComplexity="1" sequenceCoverage="100" branchCoverage="100" isConstructor="false" isStatic="false" isGetter="false" isSetter="false">
              <MetadataToken>100663385</MetadataToken>
              <Name>System.Void DEMW.SpaceWar2.GameObjects.GameObject::CalculateVelocitiesAndPositions(System.Single)</Name>
              <FileRef uid="6" />
              <SequencePoints>
                <SequencePoint vc="16" uspid="241" ordinal="0" offset="0" sl="117" sc="9" el="117" ec="10" />
                <SequencePoint vc="16" uspid="242" ordinal="1" offset="1" sl="118" sc="13" el="118" ec="52" />
                <SequencePoint vc="16" uspid="243" ordinal="2" offset="19" sl="119" sc="13" el="119" ec="54" />
                <SequencePoint vc="16" uspid="244" ordinal="3" offset="50" sl="120" sc="13" el="120" ec="43" />
                <SequencePoint vc="16" uspid="245" ordinal="4" offset="80" sl="121" sc="13" el="121" ec="54" />
                <SequencePoint vc="16" uspid="246" ordinal="5" offset="111" sl="123" sc="13" el="123" ec="71" />
                <SequencePoint vc="16" uspid="247" ordinal="6" offset="125" sl="124" sc="13" el="124" ec="68" />
                <SequencePoint vc="16" uspid="248" ordinal="7" offset="148" sl="125" sc="13" el="125" ec="50" />
                <SequencePoint vc="16" uspid="249" ordinal="8" offset="170" sl="126" sc="13" el="126" ec="68" />
                <SequencePoint vc="16" uspid="250" ordinal="9" offset="193" sl="127" sc="9" el="127" ec="10" />
              </SequencePoints>
              <BranchPoints />
              <MethodPoint xsi:type="SequencePoint" vc="16" uspid="241" ordinal="0" offset="0" sl="117" sc="9" el="117" ec="10" />
            </Method>
          </Methods>
        </Class>
        <Class>
          <FullName>DEMW.SpaceWar2.Physics.GravitySimulator</FullName>
          <Methods>
            <Method visited="true" cyclomaticComplexity="1" sequenceCoverage="100" branchCoverage="100" isConstructor="false" isStatic="false" isGetter="false" isSetter="false">
              <MetadataToken>100663390</MetadataToken>
              <Name>System.Void DEMW.SpaceWar2.Physics.GravitySimulator::RegisterSource(DEMW.SpaceWar2.GameObjects.IGameObject)</Name>
              <FileRef uid="7" />
              <SequencePoints>
                <SequencePoint vc="10" uspid="251" ordinal="0" offset="0" sl="15" sc="9" el="15" ec="10" />
                <SequencePoint vc="10" uspid="252" ordinal="1" offset="1" sl="16" sc="13" el="16" ec="34" />
                <SequencePoint vc="10" uspid="253" ordinal="2" offset="14" sl="17" sc="9" el="17" ec="10" />
              </SequencePoints>
              <BranchPoints />
              <MethodPoint xsi:type="SequencePoint" vc="10" uspid="251" ordinal="0" offset="0" sl="15" sc="9" el="15" ec="10" />
            </Method>
            <Method visited="true" cyclomaticComplexity="1" sequenceCoverage="100" branchCoverage="100" isConstructor="false" isStatic="false" isGetter="false" isSetter="false">
              <MetadataToken>100663391</MetadataToken>
              <Name>System.Void DEMW.SpaceWar2.Physics.GravitySimulator::RegisterParticipant(DEMW.SpaceWar2.GameObjects.IGameObject)</Name>
              <FileRef uid="7" />
              <SequencePoints>
                <SequencePoint vc="10" uspid="254" ordinal="0" offset="0" sl="20" sc="9" el="20" ec="10" />
                <SequencePoint vc="10" uspid="255" ordinal="1" offset="1" sl="21" sc="13" el="21" ec="44" />
                <SequencePoint vc="10" uspid="256" ordinal="2" offset="14" sl="22" sc="9" el="22" ec="10" />
              </SequencePoints>
              <BranchPoints />
              <MethodPoint xsi:type="SequencePoint" vc="10" uspid="254" ordinal="0" offset="0" sl="20" sc="9" el="20" ec="10" />
            </Method>
            <Method visited="true" cyclomaticComplexity="1" sequenceCoverage="100" branchCoverage="100" isConstructor="false" isStatic="false" isGetter="false" isSetter="false">
              <MetadataToken>100663392</MetadataToken>
              <Name>System.Void DEMW.SpaceWar2.Physics.GravitySimulator::UnRegister(DEMW.SpaceWar2.GameObjects.IGameObject)</Name>
              <FileRef uid="7" />
              <SequencePoints>
                <SequencePoint vc="9" uspid="257" ordinal="0" offset="0" sl="25" sc="9" el="25" ec="10" />
                <SequencePoint vc="9" uspid="258" ordinal="1" offset="1" sl="26" sc="13" el="26" ec="40" />
                <SequencePoint vc="9" uspid="259" ordinal="2" offset="14" sl="27" sc="13" el="27" ec="35" />
                <SequencePoint vc="9" uspid="260" ordinal="3" offset="27" sl="28" sc="9" el="28" ec="10" />
              </SequencePoints>
              <BranchPoints />
              <MethodPoint xsi:type="SequencePoint" vc="9" uspid="257" ordinal="0" offset="0" sl="25" sc="9" el="25" ec="10" />
            </Method>
            <Method visited="true" cyclomaticComplexity="5" sequenceCoverage="100" branchCoverage="75" isConstructor="false" isStatic="false" isGetter="false" isSetter="false">
              <MetadataToken>100663393</MetadataToken>
              <Name>System.Void DEMW.SpaceWar2.Physics.GravitySimulator::Simulate()</Name>
              <FileRef uid="7" />
              <SequencePoints>
                <SequencePoint vc="5" uspid="261" ordinal="0" offset="0" sl="31" sc="9" el="31" ec="10" />
                <SequencePoint vc="5" uspid="262" ordinal="1" offset="1" sl="32" sc="13" el="32" ec="20" />
                <SequencePoint vc="5" uspid="263" ordinal="2" offset="2" sl="32" sc="36" el="32" ec="44" />
                <SequencePoint vc="4" uspid="264" ordinal="3" offset="16" sl="32" sc="22" el="32" ec="32" />
                <SequencePoint vc="4" uspid="265" ordinal="4" offset="23" sl="33" sc="13" el="33" ec="14" />
                <SequencePoint vc="4" uspid="266" ordinal="5" offset="24" sl="34" sc="17" el="34" ec="24" />
                <SequencePoint vc="4" uspid="267" ordinal="6" offset="25" sl="34" sc="45" el="34" ec="58" />
                <SequencePoint vc="3" uspid="268" ordinal="7" offset="40" sl="34" sc="26" el="34" ec="41" />
                <SequencePoint vc="3" uspid="269" ordinal="8" offset="48" sl="35" sc="17" el="35" ec="18" />
                <SequencePoint vc="3" uspid="270" ordinal="9" offset="49" sl="36" sc="21" el="36" ec="88" />
                <SequencePoint vc="3" uspid="271" ordinal="10" offset="57" sl="37" sc="21" el="37" ec="59" />
                <SequencePoint vc="3" uspid="272" ordinal="11" offset="65" sl="38" sc="17" el="38" ec="18" />
                <SequencePoint vc="7" uspid="273" ordinal="12" offset="66" sl="34" sc="42" el="34" ec="44" />
                <SequencePoint vc="4" uspid="274" ordinal="13" offset="102" sl="39" sc="13" el="39" ec="14" />
                <SequencePoint vc="9" uspid="275" ordinal="14" offset="103" sl="32" sc="33" el="32" ec="35" />
                <SequencePoint vc="5" uspid="276" ordinal="15" offset="136" sl="40" sc="9" el="40" ec="10" />
              </SequencePoints>
              <BranchPoints>
                <BranchPoint vc="4" uspid="277" ordinal="0" offset="77" path="0" />
                <BranchPoint vc="3" uspid="278" ordinal="1" offset="77" path="1" />
                <BranchPoint vc="4" uspid="279" ordinal="2" offset="90" path="0" />
                <BranchPoint vc="0" uspid="280" ordinal="3" offset="90" path="1" />
                <BranchPoint vc="5" uspid="281" ordinal="4" offset="113" path="0" />
                <BranchPoint vc="4" uspid="282" ordinal="5" offset="113" path="1" />
                <BranchPoint vc="5" uspid="283" ordinal="6" offset="125" path="0" />
                <BranchPoint vc="0" uspid="284" ordinal="7" offset="125" path="1" />
              </BranchPoints>
              <MethodPoint xsi:type="SequencePoint" vc="5" uspid="261" ordinal="0" offset="0" sl="31" sc="9" el="31" ec="10" />
            </Method>
            <Method visited="true" cyclomaticComplexity="2" sequenceCoverage="100" branchCoverage="100" isConstructor="false" isStatic="true" isGetter="false" isSetter="false">
              <MetadataToken>100663394</MetadataToken>
              <Name>DEMW.SpaceWar2.Physics.Force DEMW.SpaceWar2.Physics.GravitySimulator::CalculateAccelerationDueToGravity(DEMW.SpaceWar2.GameObjects.IGameObject,DEMW.SpaceWar2.GameObjects.IGameObject)</Name>
              <FileRef uid="7" />
              <SequencePoints>
                <SequencePoint vc="3" uspid="285" ordinal="0" offset="0" sl="43" sc="9" el="43" ec="10" />
                <SequencePoint vc="3" uspid="286" ordinal="1" offset="1" sl="44" sc="13" el="44" ec="68" />
                <SequencePoint vc="3" uspid="287" ordinal="2" offset="9" sl="45" sc="13" el="45" ec="65" />
                <SequencePoint vc="3" uspid="288" ordinal="3" offset="27" sl="48" sc="13" el="48" ec="69" />
                <SequencePoint vc="1" uspid="289" ordinal="4" offset="55" sl="49" sc="13" el="49" ec="14" />
                <SequencePoint vc="1" uspid="290" ordinal="5" offset="56" sl="50" sc="17" el="50" ec="57" />
                <SequencePoint vc="1" uspid="291" ordinal="6" offset="63" sl="51" sc="13" el="51" ec="14" />
                <SequencePoint vc="3" uspid="292" ordinal="7" offset="64" sl="53" sc="13" el="53" ec="54" />
                <SequencePoint vc="3" uspid="293" ordinal="8" offset="72" sl="54" sc="13" el="54" ec="115" />
                <SequencePoint vc="3" uspid="294" ordinal="9" offset="107" sl="55" sc="9" el="55" ec="10" />
              </SequencePoints>
              <BranchPoints>
                <BranchPoint vc="1" uspid="295" ordinal="0" offset="53" path="0" />
                <BranchPoint vc="2" uspid="296" ordinal="1" offset="53" path="1" />
              </BranchPoints>
              <MethodPoint xsi:type="SequencePoint" vc="3" uspid="285" ordinal="0" offset="0" sl="43" sc="9" el="43" ec="10" />
            </Method>
            <Method visited="true" cyclomaticComplexity="1" sequenceCoverage="100" branchCoverage="100" isConstructor="false" isStatic="true" isGetter="false" isSetter="false">
              <MetadataToken>100663395</MetadataToken>
              <Name>Microsoft.Xna.Framework.Vector2 DEMW.SpaceWar2.Physics.GravitySimulator::DirectionBetween(DEMW.SpaceWar2.GameObjects.IGameObject,DEMW.SpaceWar2.GameObjects.IGameObject)</Name>
              <FileRef uid="7" />
              <SequencePoints>
                <SequencePoint vc="3" uspid="297" ordinal="0" offset="0" sl="58" sc="9" el="58" ec="10" />
                <SequencePoint vc="3" uspid="298" ordinal="1" offset="1" sl="59" sc="13" el="59" ec="69" />
                <SequencePoint vc="3" uspid="299" ordinal="2" offset="19" sl="60" sc="13" el="60" ec="36" />
                <SequencePoint vc="3" uspid="300" ordinal="3" offset="27" sl="61" sc="13" el="61" ec="31" />
                <SequencePoint vc="3" uspid="301" ordinal="4" offset="31" sl="62" sc="9" el="62" ec="10" />
              </SequencePoints>
              <BranchPoints />
              <MethodPoint xsi:type="SequencePoint" vc="3" uspid="297" ordinal="0" offset="0" sl="58" sc="9" el="58" ec="10" />
            </Method>
            <Method visited="true" cyclomaticComplexity="1" sequenceCoverage="100" branchCoverage="100" isConstructor="true" isStatic="false" isGetter="false" isSetter="false">
              <MetadataToken>100663396</MetadataToken>
              <Name>System.Void DEMW.SpaceWar2.Physics.GravitySimulator::.ctor()</Name>
              <FileRef uid="7" />
              <SequencePoints>
[...]
              <Name>System.Single DEMW.SpaceWar2.Physics.Universe::get_Height()</Name>
              <FileRef uid="28" />
              <SequencePoints>
                <SequencePoint vc="16" uspid="1063" ordinal="0" offset="0" sl="47" sc="17" el="47" ec="18" />
                <SequencePoint vc="16" uspid="1064" ordinal="1" offset="1" sl="47" sc="19" el="47" ec="38" />
                <SequencePoint vc="16" uspid="1065" ordinal="2" offset="17" sl="47" sc="40" el="47" ec="41" />
              </SequencePoints>
              <BranchPoints />
              <MethodPoint xsi:type="SequencePoint" vc="16" uspid="1063" ordinal="0" offset="0" sl="47" sc="17" el="47" ec="18" />
            </Method>
            <Method visited="true" cyclomaticComplexity="1" sequenceCoverage="100" branchCoverage="100" isConstructor="true" isStatic="false" isGetter="false" isSetter="false">
              <MetadataToken>100663538</MetadataToken>
              <Name>System.Void DEMW.SpaceWar2.Physics.Universe::.ctor(System.Single,System.Single,System.Single,System.Single,System.Single,System.Single)</Name>
              <FileRef uid="28" />
              <SequencePoints>
                <SequencePoint vc="12" uspid="1066" ordinal="0" offset="0" sl="10" sc="9" el="10" ec="96" />
                <SequencePoint vc="12" uspid="1067" ordinal="1" offset="7" sl="11" sc="9" el="11" ec="10" />
                <SequencePoint vc="12" uspid="1068" ordinal="2" offset="8" sl="12" sc="13" el="12" ec="25" />
                <SequencePoint vc="12" uspid="1069" ordinal="3" offset="16" sl="13" sc="13" el="13" ec="25" />
                <SequencePoint vc="12" uspid="1070" ordinal="4" offset="24" sl="14" sc="13" el="14" ec="25" />
                <SequencePoint vc="12" uspid="1071" ordinal="5" offset="32" sl="15" sc="13" el="15" ec="25" />
                <SequencePoint vc="12" uspid="1072" ordinal="6" offset="41" sl="16" sc="13" el="16" ec="25" />
                <SequencePoint vc="12" uspid="1073" ordinal="7" offset="50" sl="17" sc="13" el="17" ec="25" />
                <SequencePoint vc="12" uspid="1074" ordinal="8" offset="59" sl="19" sc="13" el="19" ec="55" />
                <SequencePoint vc="12" uspid="1075" ordinal="9" offset="70" sl="20" sc="9" el="20" ec="10" />
              </SequencePoints>
              <BranchPoints />
              <MethodPoint xsi:type="SequencePoint" vc="12" uspid="1066" ordinal="0" offset="0" sl="10" sc="9" el="10" ec="96" />
            </Method>
            <Method visited="true" cyclomaticComplexity="1" sequenceCoverage="100" branchCoverage="100" isConstructor="false" isStatic="false" isGetter="false" isSetter="false">
              <MetadataToken>100663539</MetadataToken>
              <Name>DEMW.SpaceWar2.Physics.IUniverse DEMW.SpaceWar2.Physics.Universe::CopyDimensions()</Name>
              <FileRef uid="28" />
              <SequencePoints>
                <SequencePoint vc="1" uspid="1076" ordinal="0" offset="0" sl="23" sc="9" el="23" ec="10" />
                <SequencePoint vc="1" uspid="1077" ordinal="1" offset="1" sl="24" sc="13" el="24" ec="73" />
                <SequencePoint vc="1" uspid="1078" ordinal="2" offset="43" sl="25" sc="13" el="25" ec="25" />
                <SequencePoint vc="1" uspid="1079" ordinal="3" offset="47" sl="26" sc="9" el="26" ec="10" />
              </SequencePoints>
              <BranchPoints />
              <MethodPoint xsi:type="SequencePoint" vc="1" uspid="1076" ordinal="0" offset="0" sl="23" sc="9" el="23" ec="10" />
            </Method>
            <Method visited="true" cyclomaticComplexity="1" sequenceCoverage="100" branchCoverage="100" isConstructor="false" isStatic="true" isGetter="false" isSetter="false">
              <MetadataToken>100663540</MetadataToken>
              <Name>DEMW.SpaceWar2.Physics.IUniverse DEMW.SpaceWar2.Physics.Universe::GetDefault()</Name>
              <FileRef uid="28" />
              <SequencePoints>
                <SequencePoint vc="7" uspid="1080" ordinal="0" offset="0" sl="29" sc="9" el="29" ec="10" />
                <SequencePoint vc="7" uspid="1081" ordinal="1" offset="1" sl="30" sc="13" el="30" ec="68" />
                <SequencePoint vc="7" uspid="1082" ordinal="2" offset="39" sl="31" sc="9" el="31" ec="10" />
              </SequencePoints>
              <BranchPoints />
              <MethodPoint xsi:type="SequencePoint" vc="7" uspid="1080" ordinal="0" offset="0" sl="29" sc="9" el="29" ec="10" />
            </Method>
            <Method visited="true" cyclomaticComplexity="1" sequenceCoverage="100" branchCoverage="100" isConstructor="false" isStatic="false" isGetter="false" isSetter="false">
              <MetadataToken>100663555</MetadataToken>
              <Name>System.Void DEMW.SpaceWar2.Physics.Universe::Expand(System.Single)</Name>
              <FileRef uid="28" />
              <SequencePoints>
                <SequencePoint vc="6" uspid="1083" ordinal="0" offset="0" sl="51" sc="9" el="51" ec="10" />
                <SequencePoint vc="6" uspid="1084" ordinal="1" offset="1" sl="52" sc="13" el="52" ec="68" />
                <SequencePoint vc="6" uspid="1085" ordinal="2" offset="17" sl="54" sc="13" el="54" ec="38" />
                <SequencePoint vc="6" uspid="1086" ordinal="3" offset="32" sl="55" sc="13" el="55" ec="38" />
                <SequencePoint vc="6" uspid="1087" ordinal="4" offset="47" sl="56" sc="13" el="56" ec="36" />
                <SequencePoint vc="6" uspid="1088" ordinal="5" offset="62" sl="57" sc="13" el="57" ec="36" />
                <SequencePoint vc="6" uspid="1089" ordinal="6" offset="77" sl="58" sc="9" el="58" ec="10" />
              </SequencePoints>
              <BranchPoints />
              <MethodPoint xsi:type="SequencePoint" vc="6" uspid="1083" ordinal="0" offset="0" sl="51" sc="9" el="51" ec="10" />
            </Method>
            <Method visited="true" cyclomaticComplexity="1" sequenceCoverage="100" branchCoverage="100" isConstructor="false" isStatic="false" isGetter="false" isSetter="false">
              <MetadataToken>100663556</MetadataToken>
              <Name>System.Void DEMW.SpaceWar2.Physics.Universe::Contract(System.Single)</Name>
              <FileRef uid="28" />
              <SequencePoints>
                <SequencePoint vc="3" uspid="1090" ordinal="0" offset="0" sl="61" sc="9" el="61" ec="10" />
                <SequencePoint vc="3" uspid="1091" ordinal="1" offset="1" sl="62" sc="13" el="62" ec="37" />
                <SequencePoint vc="3" uspid="1092" ordinal="2" offset="10" sl="63" sc="9" el="63" ec="10" />
              </SequencePoints>
              <BranchPoints />
              <MethodPoint xsi:type="SequencePoint" vc="3" uspid="1090" ordinal="0" offset="0" sl="61" sc="9" el="61" ec="10" />
            </Method>
            <Method visited="true" cyclomaticComplexity="1" sequenceCoverage="100" branchCoverage="100" isConstructor="false" isStatic="false" isGetter="false" isSetter="false">
              <MetadataToken>100663557</MetadataToken>
              <Name>System.Void DEMW.SpaceWar2.Physics.Universe::Register(DEMW.SpaceWar2.GameObjects.IGameObject)</Name>
              <FileRef uid="28" />
              <SequencePoints>
                <SequencePoint vc="5" uspid="1093" ordinal="0" offset="0" sl="66" sc="9" el="66" ec="10" />
                <SequencePoint vc="5" uspid="1094" ordinal="1" offset="1" sl="67" sc="13" el="67" ec="48" />
                <SequencePoint vc="5" uspid="1095" ordinal="2" offset="14" sl="68" sc="9" el="68" ec="10" />
              </SequencePoints>
              <BranchPoints />
              <MethodPoint xsi:type="SequencePoint" vc="5" uspid="1093" ordinal="0" offset="0" sl="66" sc="9" el="66" ec="10" />
            </Method>
            <Method visited="true" cyclomaticComplexity="1" sequenceCoverage="100" branchCoverage="100" isConstructor="false" isStatic="false" isGetter="false" isSetter="false">
              <MetadataToken>100663558</MetadataToken>
              <Name>System.Void DEMW.SpaceWar2.Physics.Universe::UnRegister(DEMW.SpaceWar2.GameObjects.IGameObject)</Name>
              <FileRef uid="28" />
              <SequencePoints>
                <SequencePoint vc="1" uspid="1096" ordinal="0" offset="0" sl="71" sc="9" el="71" ec="10" />
                <SequencePoint vc="1" uspid="1097" ordinal="1" offset="1" sl="72" sc="13" el="72" ec="51" />
                <SequencePoint vc="1" uspid="1098" ordinal="2" offset="14" sl="73" sc="9" el="73" ec="10" />
              </SequencePoints>
              <BranchPoints />
              <MethodPoint xsi:type="SequencePoint" vc="1" uspid="1096" ordinal="0" offset="0" sl="71" sc="9" el="71" ec="10" />
            </Method>
            <Method visited="true" cyclomaticComplexity="3" sequenceCoverage="100" branchCoverage="75" isConstructor="false" isStatic="false" isGetter="false" isSetter="false">
              <MetadataToken>100663559</MetadataToken>
              <Name>System.Void DEMW.SpaceWar2.Physics.Universe::Update()</Name>
              <FileRef uid="28" />
              <SequencePoints>
                <SequencePoint vc="2" uspid="1099" ordinal="0" offset="0" sl="76" sc="9" el="76" ec="10" />
                <SequencePoint vc="2" uspid="1100" ordinal="1" offset="1" sl="77" sc="13" el="77" ec="20" />
                <SequencePoint vc="2" uspid="1101" ordinal="2" offset="2" sl="77" sc="43" el="77" ec="58" />
                <SequencePoint vc="4" uspid="1102" ordinal="3" offset="16" sl="77" sc="22" el="77" ec="39" />
                <SequencePoint vc="4" uspid="1103" ordinal="4" offset="23" sl="78" sc="13" el="78" ec="14" />
                <SequencePoint vc="4" uspid="1104" ordinal="5" offset="24" sl="79" sc="17" el="79" ec="42" />
                <SequencePoint vc="4" uspid="1105" ordinal="6" offset="32" sl="80" sc="13" el="80" ec="14" />
                <SequencePoint vc="6" uspid="1106" ordinal="7" offset="33" sl="77" sc="40" el="77" ec="42" />
                <SequencePoint vc="2" uspid="1107" ordinal="8" offset="62" sl="81" sc="9" el="81" ec="10" />
              </SequencePoints>
              <BranchPoints>
                <BranchPoint vc="2" uspid="1108" ordinal="0" offset="41" path="0" />
                <BranchPoint vc="4" uspid="1109" ordinal="1" offset="41" path="1" />
                <BranchPoint vc="2" uspid="1110" ordinal="2" offset="51" path="0" />
                <BranchPoint vc="0" uspid="1111" ordinal="3" offset="51" path="1" />
              </BranchPoints>
              <MethodPoint xsi:type="SequencePoint" vc="2" uspid="1099" ordinal="0" offset="0" sl="76" sc="9" el="76" ec="10" />
            </Method>
            <Method visited="true" cyclomaticComplexity="6" sequenceCoverage="86" branchCoverage="80" isConstructor="false" isStatic="false" isGetter="false" isSetter="false">
              <MetadataToken>100663560</MetadataToken>
              <Name>System.Void DEMW.SpaceWar2.Physics.Universe::Constrain(DEMW.SpaceWar2.GameObjects.IGameObject)</Name>
              <FileRef uid="28" />
              <SequencePoints>
                <SequencePoint vc="4" uspid="1112" ordinal="0" offset="0" sl="84" sc="9" el="84" ec="10" />
                <SequencePoint vc="4" uspid="1113" ordinal="1" offset="1" sl="85" sc="13" el="85" ec="48" />
                <SequencePoint vc="4" uspid="1114" ordinal="2" offset="8" sl="87" sc="13" el="87" ec="35" />
                <SequencePoint vc="2" uspid="1115" ordinal="3" offset="30" sl="87" sc="36" el="87" ec="37" />
                <SequencePoint vc="2" uspid="1116" ordinal="4" offset="31" sl="87" sc="38" el="87" ec="86" />
                <SequencePoint vc="2" uspid="1117" ordinal="5" offset="66" sl="87" sc="87" el="87" ec="88" />
                <SequencePoint vc="4" uspid="1118" ordinal="6" offset="67" sl="88" sc="13" el="88" ec="35" />
                <SequencePoint vc="1" uspid="1119" ordinal="7" offset="89" sl="88" sc="36" el="88" ec="37" />
                <SequencePoint vc="1" uspid="1120" ordinal="8" offset="90" sl="88" sc="38" el="88" ec="86" />
                <SequencePoint vc="1" uspid="1121" ordinal="9" offset="125" sl="88" sc="87" el="88" ec="88" />
                <SequencePoint vc="4" uspid="1122" ordinal="10" offset="126" sl="89" sc="13" el="89" ec="35" />
                <SequencePoint vc="0" uspid="1123" ordinal="11" offset="148" sl="89" sc="36" el="89" ec="37" />
                <SequencePoint vc="0" uspid="1124" ordinal="12" offset="149" sl="89" sc="38" el="89" ec="87" />
                <SequencePoint vc="0" uspid="1125" ordinal="13" offset="184" sl="89" sc="88" el="89" ec="89" />
                <SequencePoint vc="4" uspid="1126" ordinal="14" offset="185" sl="90" sc="13" el="90" ec="35" />
                <SequencePoint vc="1" uspid="1127" ordinal="15" offset="207" sl="90" sc="36" el="90" ec="37" />
                <SequencePoint vc="1" uspid="1128" ordinal="16" offset="208" sl="90" sc="38" el="90" ec="87" />
                <SequencePoint vc="1" uspid="1129" ordinal="17" offset="243" sl="90" sc="88" el="90" ec="89" />
                <SequencePoint vc="4" uspid="1130" ordinal="18" offset="244" sl="92" sc="13" el="92" ec="49" />
                <SequencePoint vc="4" uspid="1131" ordinal="19" offset="263" sl="93" sc="13" el="93" ec="14" />
                <SequencePoint vc="4" uspid="1132" ordinal="20" offset="264" sl="94" sc="17" el="94" ec="47" />
                <SequencePoint vc="4" uspid="1133" ordinal="21" offset="272" sl="95" sc="13" el="95" ec="14" />
                <SequencePoint vc="4" uspid="1134" ordinal="22" offset="273" sl="96" sc="9" el="96" ec="10" />
              </SequencePoints>
              <BranchPoints>
                <BranchPoint vc="2" uspid="1135" ordinal="0" offset="28" path="0" />
                <BranchPoint vc="2" uspid="1136" ordinal="1" offset="28" path="1" />
                <BranchPoint vc="1" uspid="1137" ordinal="2" offset="87" path="0" />
                <BranchPoint vc="3" uspid="1138" ordinal="3" offset="87" path="1" />
                <BranchPoint vc="0" uspid="1139" ordinal="4" offset="146" path="0" />
                <BranchPoint vc="4" uspid="1140" ordinal="5" offset="146" path="1" />
                <BranchPoint vc="1" uspid="1141" ordinal="6" offset="205" path="0" />
                <BranchPoint vc="3" uspid="1142" ordinal="7" offset="205" path="1" />
                <BranchPoint vc="4" uspid="1143" ordinal="8" offset="261" path="0" />
                <BranchPoint vc="0" uspid="1144" ordinal="9" offset="261" path="1" />
              </BranchPoints>
              <MethodPoint xsi:type="SequencePoint" vc="4" uspid="1112" ordinal="0" offset="0" sl="84" sc="9" el="84" ec="10" />
            </Method>
          </Methods>
        </Class>
        <Class>
          <FullName>DEMW.SpaceWar2.Controls.NullShipController</FullName>
          <Methods>
            <Method visited="true" cyclomaticComplexity="1" sequenceCoverage="100" branchCoverage="100" isConstructor="false" isStatic="false" isGetter="false" isSetter="false">
              <MetadataToken>100663561</MetadataToken>
              <Name>DEMW.SpaceWar2.Controls.ShipAction DEMW.SpaceWar2.Controls.NullShipController::GetAction()</Name>
              <FileRef uid="29" />
              <SequencePoints>
                <SequencePoint vc="1" uspid="1145" ordinal="0" offset="0" sl="6" sc="9" el="6" ec="10" />
                <SequencePoint vc="1" uspid="1146" ordinal="1" offset="1" sl="7" sc="13" el="7" ec="36" />
                <SequencePoint vc="1" uspid="1147" ordinal="2" offset="5" sl="8" sc="9" el="8" ec="10" />
              </SequencePoints>
              <BranchPoints />
              <MethodPoint xsi:type="SequencePoint" vc="1" uspid="1145" ordinal="0" offset="0" sl="6" sc="9" el="6" ec="10" />
            </Method>
            <Method visited="true" cyclomaticComplexity="1" sequenceCoverage="0" branchCoverage="0" isConstructor="true" isStatic="false" isGetter="false" isSetter="false">
              <MetadataToken>100663562</MetadataToken>
              <Name>System.Void DEMW.SpaceWar2.Controls.NullShipController::.ctor()</Name>
              <SequencePoints />
              <BranchPoints />
              <MethodPoint vc="17" uspid="1148" ordinal="0" offset="0" />
            </Method>
          </Methods>
        </Class>
      </Classes>
    </Module>
    <Module skippedDueTo="MissingPdb" hash="13-4C-94-D1-A1-A5-D9-8F-F1-E4-CE-A7-87-EF-CC-42-FC-6B-CA-BC">
      <FullName>C:\Users\Matt\Documents\GitHub\SpaceWar2\SpaceWar2Tests\bin\Debug\nunit.framework.dll</FullName>
      <ModuleName>nunit.framework</ModuleName>
      <Classes />
    </Module>
    <Module skippedDueTo="MissingPdb" hash="8D-AA-FD-2B-9E-44-F0-B4-6B-2D-C6-BA-46-07-EF-15-59-64-DB-0E">
      <FullName>C:\Windows\Microsoft.Net\assembly\GAC_32\Microsoft.Xna.Framework\v4.0_4.0.0.0__842cf8be1de50553\Microsoft.Xna.Framework.dll</FullName>
      <ModuleName>Microsoft.Xna.Framework</ModuleName>
      <Classes />
    </Module>
    <Module skippedDueTo="MissingPdb" hash="79-F8-9A-22-4E-29-52-37-00-CF-81-FF-1F-EA-05-EC-74-2A-2E-C8">
      <FullName>C:\Program Files (x86)\NUnit 2.6.2\bin\lib\nunit-console-runner.dll</FullName>
      <ModuleName>nunit-console-runner</ModuleName>
      <Classes />
    </Module>
    <Module skippedDueTo="Filter" hash="84-64-E1-D2-0A-E2-91-23-AD-BD-B9-7A-3C-89-7B-66-65-58-46-1C">
      <FullName>C:\Windows\Microsoft.Net\assembly\GAC_MSIL\System.Runtime.Remoting\v4.0_4.0.0.0__b77a5c561934e089\System.Runtime.Remoting.dll</FullName>
      <ModuleName>System.Runtime.Remoting</ModuleName>
      <Classes />
    </Module>
    <Module skippedDueTo="Filter" hash="80-32-3B-47-08-F0-74-C4-64-F6-98-9B-54-B3-69-B5-B9-29-D3-E9">
      <FullName>C:\Windows\Microsoft.Net\assembly\GAC_MSIL\System.Configuration\v4.0_4.0.0.0__b03f5f7f11d50a3a\System.Configuration.dll</FullName>
      <ModuleName>System.Configuration</ModuleName>
      <Classes />
    </Module>
    <Module skippedDueTo="MissingPdb" hash="11-15-9E-7A-82-95-E5-7B-AF-9B-3A-27-8B-91-51-81-A8-A3-54-7A">
      <FullName>C:\Users\Matt\Documents\GitHub\SpaceWar2\SpaceWar2Tests\bin\Debug\NSubstitute.dll</FullName>
      <ModuleName>NSubstitute</ModuleName>
      <Classes />
    </Module>
    <Module skippedDueTo="Filter" hash="19-F9-AF-B7-D9-81-83-9A-D8-4B-FE-05-2D-45-99-EC-98-7C-D2-5F">
      <FullName>C:\Windows\Microsoft.Net\assembly\GAC_MSIL\System.ServiceModel\v4.0_4.0.0.0__b77a5c561934e089\System.ServiceModel.dll</FullName>
      <ModuleName>System.ServiceModel</ModuleName>
      <Classes />
    </Module>
    <Module skippedDueTo="MissingPdb" hash="">
      <FullName>RefEmit_InMemoryManifestModule</FullName>
      <ModuleName>DynamicProxyGenAssembly2</ModuleName>
      <Classes />
    </Module>
    <Module skippedDueTo="MissingPdb" hash="">
      <FullName>RefEmit_InMemoryManifestModule</FullName>
      <ModuleName>DynamicProxyGenAssembly2</ModuleName>
      <Classes />
    </Module>
    <Module skippedDueTo="MissingPdb" hash="38-77-40-31-87-DC-35-EB-57-CB-E9-94-01-66-E5-70-21-B2-27-5B">
      <FullName>C:\Windows\Microsoft.Net\assembly\GAC_32\Microsoft.Xna.Framework.Graphics\v4.0_4.0.0.0__842cf8be1de50553\Microsoft.Xna.Framework.Graphics.dll</FullName>
      <ModuleName>Microsoft.Xna.Framework.Graphics</ModuleName>
      <Classes />
    </Module>
    <Module skippedDueTo="MissingPdb" hash="78-41-37-65-32-65-33-E1-B1-55-12-1A-BB-49-68-BD-07-C3-6B-C7">
      <FullName>C:\Windows\Microsoft.Net\assembly\GAC_32\Microsoft.Xna.Framework.Game\v4.0_4.0.0.0__842cf8be1de50553\Microsoft.Xna.Framework.Game.dll</FullName>
      <ModuleName>Microsoft.Xna.Framework.Game</ModuleName>
      <Classes />
    </Module>
    <Module skippedDueTo="MissingPdb" hash="">
      <FullName>RefEmit_InMemoryManifestModule</FullName>
      <ModuleName>Anonymously Hosted DynamicMethods Assembly</ModuleName>
      <Classes />
    </Module>
  </Modules>
</CoverageSession>